[2026-02-08T13:00:28.059+0000] {taskinstance.py:1956} INFO - Dependencies all met for dep_context=non-requeueable deps ti=<TaskInstance: airflow_dbt_spotify_pipeline.ingest_spotify_data_to_minio manual__2026-02-08T13:00:26.570159+00:00 [queued]>
[2026-02-08T13:00:28.063+0000] {taskinstance.py:1956} INFO - Dependencies all met for dep_context=requeueable deps ti=<TaskInstance: airflow_dbt_spotify_pipeline.ingest_spotify_data_to_minio manual__2026-02-08T13:00:26.570159+00:00 [queued]>
[2026-02-08T13:00:28.064+0000] {taskinstance.py:2170} INFO - Starting attempt 1 of 2
[2026-02-08T13:00:28.070+0000] {taskinstance.py:2191} INFO - Executing <Task(_PythonDecoratedOperator): ingest_spotify_data_to_minio> on 2026-02-08 13:00:26.570159+00:00
[2026-02-08T13:00:28.075+0000] {standard_task_runner.py:60} INFO - Started process 455 to run task
[2026-02-08T13:00:28.077+0000] {standard_task_runner.py:87} INFO - Running: ['***', 'tasks', 'run', '***_dbt_spotify_pipeline', 'ingest_spotify_data_to_minio', 'manual__2026-02-08T13:00:26.570159+00:00', '--job-id', '353', '--raw', '--subdir', 'DAGS_FOLDER/sportify_pipeline_dag.py', '--cfg-path', '/tmp/tmplyc15tbj']
[2026-02-08T13:00:28.079+0000] {standard_task_runner.py:88} INFO - Job 353: Subtask ingest_spotify_data_to_minio
[2026-02-08T13:00:28.110+0000] {task_command.py:423} INFO - Running <TaskInstance: airflow_dbt_spotify_pipeline.ingest_spotify_data_to_minio manual__2026-02-08T13:00:26.570159+00:00 [running]> on host 3343c7c174ef
[2026-02-08T13:00:28.166+0000] {taskinstance.py:2480} INFO - Exporting env vars: AIRFLOW_CTX_DAG_EMAIL='edison@inkomoko.com' AIRFLOW_CTX_DAG_OWNER='INKOMOKO' AIRFLOW_CTX_DAG_ID='***_dbt_spotify_pipeline' AIRFLOW_CTX_TASK_ID='ingest_spotify_data_to_minio' AIRFLOW_CTX_EXECUTION_DATE='2026-02-08T13:00:26.570159+00:00' AIRFLOW_CTX_TRY_NUMBER='1' AIRFLOW_CTX_DAG_RUN_ID='manual__2026-02-08T13:00:26.570159+00:00'
[2026-02-08T13:00:28.173+0000] {sportify_pipeline_dag.py:102} INFO - Found 48 track IDs.
[2026-02-08T13:00:28.173+0000] {sportify_pipeline_dag.py:107} INFO - Fetching tracks data from Spotify API...
[2026-02-08T13:00:28.174+0000] {ingest_spotify_data.py:59} INFO - Start Pulling Tracks data at https://api.spotify.com/v1/tracks?ids=0bYg9bo50gSsH3LtXe2SQn,3PIDciSFdrQxSQSihim3hN,5EGPf0nqO7vEIwsOX6Er98,4EI8VuxUuIHKfafU72emqz,3RSpK5Y0y5tl25qvssrwJ6,6xkryXuiZU360Lngd4sx13,1f2lkuLldqRzvaFjJdjGXX,2VkuxjlbnbaBiWYpdBGVol,1IUtgwxLYzDVd41EgbKUjX,3B7FO3kJ5kv3mX7yiaB7sT,2FRnf9qhLbvw8fu4IBXx78,0ikz6tENMONtK6qGkOrU3c,5Qicor4jFNgZQxSf6UxEzw,5hXEcqQhEjfZdbIZLO8mf2,73OZT1XgLleDwperqGjWH4,6tASfEUyB7lE2r6DLzURji,0PhU6i6Kei6x0CH3jocvA3,2gG7E5OZi5D5QLRIctv63z,54ujCgwE4qTm8iRFmw0S5j,5AhRNIjYPBleR1lfHphcrE,2EjXfH91m7f8HiJN1yQg97,09OojFvtrM9YRzRjnXqJjA,6yBdCzVK3vP8uDfkLGS8E9,0MKnGJzNdEqOscI6xu9R3m,6Eh1XqjaOX2BVL0hVCnwb0,60jQTAr2OkFcV4SWSRz3st,7xrpNuqDgFlf10X93CwixY,5JccvAiwcZ7n3urnXqWPsG,4LJcNiq2pBb8OeqrGdBJQw,2oGrSrg08RVLHeqFH1eaHZ,3it2BvJfyhPEWF3kD2TZJ1,6rqn19AqjcM5wgI1hCYciJ,5dLwdEJAFzjQbeRrDL5uzo,0zLmRVBlZJ3IJTkChSXkBp,27fIrMVmHLxP2Hot6qVxsy,47CctmFYrX4htszDZCVaLM,1FZP4hpT4iuLaOb5HpriLq,2rMK6uQxoSGYWOXtzPUY4Z,19fbN84F5YHDyv8dyTbCO8,2368r2D53RhpfIlLBHAXLl,0lizgQ7Qw35od7CYaoMBZb,51ZQ1vr10ffzbwIjDCwqm4,2O3MQ6H3gjrIWDcpeTrikT,1oFAF1hdPOickyHgbuRjyX,76FZM38RC8XaAjJ77CVTNe,7xoUc6faLbCqZO6fQEYprd,6ocbgoVGwYJhOv1GgI9NsF,44ONERBHALxftQNWq6dmyd
[2026-02-08T13:00:28.901+0000] {ingest_spotify_data.py:64} ERROR - Failed to fetch tracks data. Status code: 401, Response: {
  "error": {
    "status": 401,
    "message": "The access token expired"
  }
}
[2026-02-08T13:00:28.901+0000] {ingest_spotify_data.py:71} ERROR - Error Occured While trying to fetch data for artists: Spotify API request  for pulling tracks data failed with status code 401
[2026-02-08T13:00:28.902+0000] {sportify_pipeline_dag.py:115} ERROR - Failed to fetch tracks data: Error Occured While trying to fetch data for artists
[2026-02-08T13:00:28.902+0000] {sportify_pipeline_dag.py:121} WARNING - No tracks data available. Skipping downstream tasks.
[2026-02-08T13:00:28.903+0000] {sportify_pipeline_dag.py:146} CRITICAL - Unexpected error while trying to ingest spotify data to Minio: No tracks data available.
[2026-02-08T13:00:28.903+0000] {taskinstance.py:2360} INFO - No tracks data available.
[2026-02-08T13:00:28.910+0000] {taskinstance.py:1138} INFO - Marking task as SKIPPED. dag_id=***_dbt_spotify_pipeline, task_id=ingest_spotify_data_to_minio, execution_date=20260208T130026, start_date=20260208T130028, end_date=20260208T130028
[2026-02-08T13:00:28.924+0000] {local_task_job_runner.py:234} INFO - Task exited with return code 0
[2026-02-08T13:00:28.941+0000] {taskinstance.py:3280} INFO - 0 downstream tasks scheduled from follow-on schedule check
