[2026-02-08T09:40:26.014+0000] {taskinstance.py:1956} INFO - Dependencies all met for dep_context=non-requeueable deps ti=<TaskInstance: airflow_dbt_spotify_pipeline.modelling manual__2026-02-08T09:40:05.980959+00:00 [queued]>
[2026-02-08T09:40:26.018+0000] {taskinstance.py:1956} INFO - Dependencies all met for dep_context=requeueable deps ti=<TaskInstance: airflow_dbt_spotify_pipeline.modelling manual__2026-02-08T09:40:05.980959+00:00 [queued]>
[2026-02-08T09:40:26.018+0000] {taskinstance.py:2170} INFO - Starting attempt 1 of 2
[2026-02-08T09:40:26.024+0000] {taskinstance.py:2191} INFO - Executing <Task(BashOperator): modelling> on 2026-02-08 09:40:05.980959+00:00
[2026-02-08T09:40:26.027+0000] {standard_task_runner.py:60} INFO - Started process 550 to run task
[2026-02-08T09:40:26.029+0000] {standard_task_runner.py:87} INFO - Running: ['***', 'tasks', 'run', '***_dbt_spotify_pipeline', 'modelling', 'manual__2026-02-08T09:40:05.980959+00:00', '--job-id', '249', '--raw', '--subdir', 'DAGS_FOLDER/sportify_pipeline_dag.py', '--cfg-path', '/tmp/tmpju4_5aww']
[2026-02-08T09:40:26.031+0000] {standard_task_runner.py:88} INFO - Job 249: Subtask modelling
[2026-02-08T09:40:26.060+0000] {task_command.py:423} INFO - Running <TaskInstance: airflow_dbt_spotify_pipeline.modelling manual__2026-02-08T09:40:05.980959+00:00 [running]> on host 63d90b64f023
[2026-02-08T09:40:26.100+0000] {taskinstance.py:2480} INFO - Exporting env vars: AIRFLOW_CTX_DAG_EMAIL='edison@inkomoko.com' AIRFLOW_CTX_DAG_OWNER='INKOMOKO' AIRFLOW_CTX_DAG_ID='***_dbt_spotify_pipeline' AIRFLOW_CTX_TASK_ID='modelling' AIRFLOW_CTX_EXECUTION_DATE='2026-02-08T09:40:05.980959+00:00' AIRFLOW_CTX_TRY_NUMBER='1' AIRFLOW_CTX_DAG_RUN_ID='manual__2026-02-08T09:40:05.980959+00:00'
[2026-02-08T09:40:26.101+0000] {subprocess.py:63} INFO - Tmp dir root location: /tmp
[2026-02-08T09:40:26.102+0000] {subprocess.py:75} INFO - Running command: ['/usr/bin/bash', '-c', 'dbt deps && dbt run --select path:models --target dev']
[2026-02-08T09:40:26.106+0000] {subprocess.py:86} INFO - Output:
[2026-02-08T09:40:26.879+0000] {subprocess.py:93} INFO - [0m09:40:26  Running with dbt=1.11.3
[2026-02-08T09:40:27.797+0000] {subprocess.py:93} INFO - [0m09:40:27  Installing dbt-labs/dbt_utils
[2026-02-08T09:40:28.908+0000] {subprocess.py:93} INFO - [0m09:40:28  Installed from version 1.1.1
[2026-02-08T09:40:28.909+0000] {subprocess.py:93} INFO - [0m09:40:28  Updated version available: 1.3.3
[2026-02-08T09:40:28.909+0000] {subprocess.py:93} INFO - [0m09:40:28
[2026-02-08T09:40:28.909+0000] {subprocess.py:93} INFO - [0m09:40:28  Updates available for packages: ['dbt-labs/dbt_utils']
[2026-02-08T09:40:28.909+0000] {subprocess.py:93} INFO - Update your versions in packages.yml, then run dbt deps
[2026-02-08T09:40:29.912+0000] {subprocess.py:93} INFO - [0m09:40:29  Running with dbt=1.11.3
[2026-02-08T09:40:30.040+0000] {subprocess.py:93} INFO - [0m09:40:30  Registered adapter: postgres=1.10.0
[2026-02-08T09:40:30.348+0000] {subprocess.py:93} INFO - [0m09:40:30  Found 4 models, 42 data tests, 3 sources, 579 macros
[2026-02-08T09:40:30.350+0000] {subprocess.py:93} INFO - [0m09:40:30
[2026-02-08T09:40:30.350+0000] {subprocess.py:93} INFO - [0m09:40:30  Concurrency: 10 threads (target='dev')
[2026-02-08T09:40:30.351+0000] {subprocess.py:93} INFO - [0m09:40:30
[2026-02-08T09:40:30.421+0000] {subprocess.py:93} INFO - [0m09:40:30  1 of 4 START sql table model mart.mart_album_performance ....................... [RUN]
[2026-02-08T09:40:30.421+0000] {subprocess.py:93} INFO - [0m09:40:30  2 of 4 START sql table model mart.mart_artist_performance ...................... [RUN]
[2026-02-08T09:40:30.422+0000] {subprocess.py:93} INFO - [0m09:40:30  3 of 4 START sql table model mart.mart_catalog_overview ........................ [RUN]
[2026-02-08T09:40:30.422+0000] {subprocess.py:93} INFO - [0m09:40:30  4 of 4 START sql table model mart.mart_track_performance ....................... [RUN]
[2026-02-08T09:40:31.285+0000] {subprocess.py:93} INFO - [0m09:40:31  1 of 4 OK created sql table model mart.mart_album_performance .................. [[32mSELECT 29[0m in 0.86s]
[2026-02-08T09:40:31.289+0000] {subprocess.py:93} INFO - [0m09:40:31  3 of 4 OK created sql table model mart.mart_catalog_overview ................... [[32mSELECT 1[0m in 0.86s]
[2026-02-08T09:40:31.290+0000] {subprocess.py:93} INFO - [0m09:40:31  2 of 4 OK created sql table model mart.mart_artist_performance ................. [[32mSELECT 9[0m in 0.87s]
[2026-02-08T09:40:31.291+0000] {subprocess.py:93} INFO - [0m09:40:31  4 of 4 OK created sql table model mart.mart_track_performance .................. [[32mSELECT 48[0m in 0.87s]
[2026-02-08T09:40:31.313+0000] {subprocess.py:93} INFO - [0m09:40:31
[2026-02-08T09:40:31.314+0000] {subprocess.py:93} INFO - [0m09:40:31  Finished running 4 table models in 0 hours 0 minutes and 0.96 seconds (0.96s).
[2026-02-08T09:40:31.382+0000] {subprocess.py:93} INFO - [0m09:40:31
[2026-02-08T09:40:31.383+0000] {subprocess.py:93} INFO - [0m09:40:31  [32mCompleted successfully[0m
[2026-02-08T09:40:31.383+0000] {subprocess.py:93} INFO - [0m09:40:31
[2026-02-08T09:40:31.384+0000] {subprocess.py:93} INFO - [0m09:40:31  Done. PASS=4 WARN=0 ERROR=0 SKIP=0 NO-OP=0 TOTAL=4
[2026-02-08T09:40:31.576+0000] {subprocess.py:97} INFO - Command exited with return code 0
[2026-02-08T09:40:31.608+0000] {taskinstance.py:1138} INFO - Marking task as SUCCESS. dag_id=***_dbt_spotify_pipeline, task_id=modelling, execution_date=20260208T094005, start_date=20260208T094026, end_date=20260208T094031
[2026-02-08T09:40:31.651+0000] {local_task_job_runner.py:234} INFO - Task exited with return code 0
[2026-02-08T09:40:31.665+0000] {taskinstance.py:3280} INFO - 0 downstream tasks scheduled from follow-on schedule check
