[2026-02-07T15:11:14.515+0000] {taskinstance.py:1956} INFO - Dependencies all met for dep_context=non-requeueable deps ti=<TaskInstance: airflow_dbt_spotify_pipeline.generate_spotify_data manual__2026-02-07T15:11:13.001700+00:00 [queued]>
[2026-02-07T15:11:14.519+0000] {taskinstance.py:1956} INFO - Dependencies all met for dep_context=requeueable deps ti=<TaskInstance: airflow_dbt_spotify_pipeline.generate_spotify_data manual__2026-02-07T15:11:13.001700+00:00 [queued]>
[2026-02-07T15:11:14.519+0000] {taskinstance.py:2170} INFO - Starting attempt 1 of 1
[2026-02-07T15:11:14.526+0000] {taskinstance.py:2191} INFO - Executing <Task(BashOperator): generate_spotify_data> on 2026-02-07 15:11:13.001700+00:00
[2026-02-07T15:11:14.530+0000] {standard_task_runner.py:60} INFO - Started process 7683 to run task
[2026-02-07T15:11:14.535+0000] {standard_task_runner.py:87} INFO - Running: ['***', 'tasks', 'run', '***_dbt_spotify_pipeline', 'generate_spotify_data', 'manual__2026-02-07T15:11:13.001700+00:00', '--job-id', '27', '--raw', '--subdir', 'DAGS_FOLDER/sportify_pipeline_dag.py', '--cfg-path', '/tmp/tmporqzl8b8']
[2026-02-07T15:11:14.535+0000] {standard_task_runner.py:88} INFO - Job 27: Subtask generate_spotify_data
[2026-02-07T15:11:14.585+0000] {task_command.py:423} INFO - Running <TaskInstance: airflow_dbt_spotify_pipeline.generate_spotify_data manual__2026-02-07T15:11:13.001700+00:00 [running]> on host 47d76e1ca2e6
[2026-02-07T15:11:14.634+0000] {taskinstance.py:2480} INFO - Exporting env vars: AIRFLOW_CTX_DAG_OWNER='***' AIRFLOW_CTX_DAG_ID='***_dbt_spotify_pipeline' AIRFLOW_CTX_TASK_ID='generate_spotify_data' AIRFLOW_CTX_EXECUTION_DATE='2026-02-07T15:11:13.001700+00:00' AIRFLOW_CTX_TRY_NUMBER='1' AIRFLOW_CTX_DAG_RUN_ID='manual__2026-02-07T15:11:13.001700+00:00'
[2026-02-07T15:11:14.636+0000] {subprocess.py:63} INFO - Tmp dir root location: /tmp
[2026-02-07T15:11:14.636+0000] {subprocess.py:75} INFO - Running command: ['/usr/bin/bash', '-c', 'python /opt/***/include/row_data_generation/extract_spotify_data.py']
[2026-02-07T15:11:14.649+0000] {subprocess.py:86} INFO - Output:
[2026-02-07T15:11:15.017+0000] {subprocess.py:93} INFO - 2026-02-07 15:11:15,017 [INFO] Found 7 artist IDs and 48 track IDs.
[2026-02-07T15:11:15.018+0000] {subprocess.py:93} INFO - 2026-02-07 15:11:15,017 [INFO] Step 1: Fetching artists data from Spotify API...
[2026-02-07T15:11:15.768+0000] {subprocess.py:93} INFO - 2026-02-07 15:11:15,767 [INFO] Fetched 7 artists successfully.
[2026-02-07T15:11:15.772+0000] {subprocess.py:93} INFO - 2026-02-07 15:11:15,768 [INFO] Fetching tracks data from Spotify API...
[2026-02-07T15:11:16.640+0000] {subprocess.py:93} INFO - 2026-02-07 15:11:16,640 [INFO] Fetched 48 tracks successfully.
[2026-02-07T15:11:16.641+0000] {subprocess.py:93} INFO - 2026-02-07 15:11:16,640 [INFO] Step 2: Uploading artists data to MinIO...
[2026-02-07T15:11:16.642+0000] {subprocess.py:93} INFO - 2026-02-07 15:11:16,640 [INFO] Starting MinIO upload process...
[2026-02-07T15:11:16.878+0000] {subprocess.py:93} INFO - 2026-02-07 15:11:16,878 [INFO] S3 client created for endpoint 'minio:9000' (secure=False).
[2026-02-07T15:11:16.888+0000] {subprocess.py:93} INFO - 2026-02-07 15:11:16,888 [INFO] MinIO bucket 'row-data' already exists.
[2026-02-07T15:11:16.889+0000] {subprocess.py:93} INFO - 2026-02-07 15:11:16,888 [INFO] Bucket 'row-data' verified/created.
[2026-02-07T15:11:16.900+0000] {subprocess.py:93} INFO - 2026-02-07 15:11:16,900 [INFO] Uploaded 'artists' JSON to MinIO bucket 'row-data' at 'spotify_data/artists/artists_2026-02-07.json'.
[2026-02-07T15:11:16.900+0000] {subprocess.py:93} INFO - 2026-02-07 15:11:16,900 [INFO] Artists data uploaded successfully to 'spotify_data/artists/artists_2026-02-07.json'
[2026-02-07T15:11:16.901+0000] {subprocess.py:93} INFO - 2026-02-07 15:11:16,900 [INFO] Uploading tracks data to MinIO...
[2026-02-07T15:11:16.901+0000] {subprocess.py:93} INFO - 2026-02-07 15:11:16,900 [INFO] Starting MinIO upload process...
[2026-02-07T15:11:16.903+0000] {subprocess.py:93} INFO - 2026-02-07 15:11:16,903 [INFO] S3 client created for endpoint 'minio:9000' (secure=False).
[2026-02-07T15:11:16.906+0000] {subprocess.py:93} INFO - 2026-02-07 15:11:16,906 [INFO] MinIO bucket 'row-data' already exists.
[2026-02-07T15:11:16.907+0000] {subprocess.py:93} INFO - 2026-02-07 15:11:16,906 [INFO] Bucket 'row-data' verified/created.
[2026-02-07T15:11:16.944+0000] {subprocess.py:93} INFO - 2026-02-07 15:11:16,944 [INFO] Uploaded 'tracks' JSON to MinIO bucket 'row-data' at 'spotify_data/tracks/tracks_2026-02-07.json'.
[2026-02-07T15:11:16.945+0000] {subprocess.py:93} INFO - 2026-02-07 15:11:16,944 [INFO] Tracks data uploaded successfully to 'spotify_data/tracks/tracks_2026-02-07.json'
[2026-02-07T15:11:17.029+0000] {subprocess.py:97} INFO - Command exited with return code 0
[2026-02-07T15:11:17.058+0000] {taskinstance.py:1138} INFO - Marking task as SUCCESS. dag_id=***_dbt_spotify_pipeline, task_id=generate_spotify_data, execution_date=20260207T151113, start_date=20260207T151114, end_date=20260207T151117
[2026-02-07T15:11:17.098+0000] {local_task_job_runner.py:234} INFO - Task exited with return code 0
[2026-02-07T15:11:17.124+0000] {taskinstance.py:3280} INFO - 1 downstream tasks scheduled from follow-on schedule check
