[2026-02-07T15:14:26.210+0000] {taskinstance.py:1956} INFO - Dependencies all met for dep_context=non-requeueable deps ti=<TaskInstance: airflow_dbt_spotify_pipeline.generate_spotify_data manual__2026-02-07T15:14:23.755464+00:00 [queued]>
[2026-02-07T15:14:26.213+0000] {taskinstance.py:1956} INFO - Dependencies all met for dep_context=requeueable deps ti=<TaskInstance: airflow_dbt_spotify_pipeline.generate_spotify_data manual__2026-02-07T15:14:23.755464+00:00 [queued]>
[2026-02-07T15:14:26.214+0000] {taskinstance.py:2170} INFO - Starting attempt 1 of 1
[2026-02-07T15:14:26.219+0000] {taskinstance.py:2191} INFO - Executing <Task(BashOperator): generate_spotify_data> on 2026-02-07 15:14:23.755464+00:00
[2026-02-07T15:14:26.224+0000] {standard_task_runner.py:60} INFO - Started process 7766 to run task
[2026-02-07T15:14:26.226+0000] {standard_task_runner.py:87} INFO - Running: ['***', 'tasks', 'run', '***_dbt_spotify_pipeline', 'generate_spotify_data', 'manual__2026-02-07T15:14:23.755464+00:00', '--job-id', '29', '--raw', '--subdir', 'DAGS_FOLDER/sportify_pipeline_dag.py', '--cfg-path', '/tmp/tmpdzbokzg3']
[2026-02-07T15:14:26.227+0000] {standard_task_runner.py:88} INFO - Job 29: Subtask generate_spotify_data
[2026-02-07T15:14:26.259+0000] {task_command.py:423} INFO - Running <TaskInstance: airflow_dbt_spotify_pipeline.generate_spotify_data manual__2026-02-07T15:14:23.755464+00:00 [running]> on host 47d76e1ca2e6
[2026-02-07T15:14:26.317+0000] {taskinstance.py:2480} INFO - Exporting env vars: AIRFLOW_CTX_DAG_OWNER='***' AIRFLOW_CTX_DAG_ID='***_dbt_spotify_pipeline' AIRFLOW_CTX_TASK_ID='generate_spotify_data' AIRFLOW_CTX_EXECUTION_DATE='2026-02-07T15:14:23.755464+00:00' AIRFLOW_CTX_TRY_NUMBER='1' AIRFLOW_CTX_DAG_RUN_ID='manual__2026-02-07T15:14:23.755464+00:00'
[2026-02-07T15:14:26.319+0000] {subprocess.py:63} INFO - Tmp dir root location: /tmp
[2026-02-07T15:14:26.319+0000] {subprocess.py:75} INFO - Running command: ['/usr/bin/bash', '-c', 'python /opt/***/include/row_data_generation/extract_spotify_data.py']
[2026-02-07T15:14:26.327+0000] {subprocess.py:86} INFO - Output:
[2026-02-07T15:14:26.587+0000] {subprocess.py:93} INFO - 2026-02-07 15:14:26,586 [INFO] Found 7 artist IDs and 48 track IDs.
[2026-02-07T15:14:26.588+0000] {subprocess.py:93} INFO - 2026-02-07 15:14:26,587 [INFO] Step 1: Fetching artists data from Spotify API...
[2026-02-07T15:14:26.589+0000] {subprocess.py:93} INFO - 2026-02-07 15:14:26,587 [INFO] Start Pulling Artists data at https://api.spotify.com/v1/artists?ids=4iHNK0tOyZPYnBU7nGAgpQ,5lpH0xAS4fVfLkACg9DAuM,4cPHsZM98sKzmV26wlwD2W,1GxkXlMwML1oSg5eLPiAz3,66CXWjxzNUsdJxJ2JdwvnR,0sgV4klGs1Y1dgbBi28JlD,7fAKtXSdNInWAIf0jVUz65
[2026-02-07T15:14:27.352+0000] {subprocess.py:93} INFO - 2026-02-07 15:14:27,351 [INFO] Fetched 7 artists successfully.
[2026-02-07T15:14:27.353+0000] {subprocess.py:93} INFO - 2026-02-07 15:14:27,352 [INFO] Fetching tracks data from Spotify API...
[2026-02-07T15:14:27.354+0000] {subprocess.py:93} INFO - 2026-02-07 15:14:27,352 [INFO] Start Pulling Tracks data at https://api.spotify.com/v1/tracks?ids=0bYg9bo50gSsH3LtXe2SQn,3PIDciSFdrQxSQSihim3hN,5EGPf0nqO7vEIwsOX6Er98,4EI8VuxUuIHKfafU72emqz,3RSpK5Y0y5tl25qvssrwJ6,6xkryXuiZU360Lngd4sx13,1f2lkuLldqRzvaFjJdjGXX,2VkuxjlbnbaBiWYpdBGVol,1IUtgwxLYzDVd41EgbKUjX,3B7FO3kJ5kv3mX7yiaB7sT,2FRnf9qhLbvw8fu4IBXx78,0ikz6tENMONtK6qGkOrU3c,5Qicor4jFNgZQxSf6UxEzw,5hXEcqQhEjfZdbIZLO8mf2,73OZT1XgLleDwperqGjWH4,6tASfEUyB7lE2r6DLzURji,0PhU6i6Kei6x0CH3jocvA3,2gG7E5OZi5D5QLRIctv63z,54ujCgwE4qTm8iRFmw0S5j,5AhRNIjYPBleR1lfHphcrE,2EjXfH91m7f8HiJN1yQg97,09OojFvtrM9YRzRjnXqJjA,6yBdCzVK3vP8uDfkLGS8E9,0MKnGJzNdEqOscI6xu9R3m,6Eh1XqjaOX2BVL0hVCnwb0,60jQTAr2OkFcV4SWSRz3st,7xrpNuqDgFlf10X93CwixY,5JccvAiwcZ7n3urnXqWPsG,4LJcNiq2pBb8OeqrGdBJQw,2oGrSrg08RVLHeqFH1eaHZ,3it2BvJfyhPEWF3kD2TZJ1,6rqn19AqjcM5wgI1hCYciJ,5dLwdEJAFzjQbeRrDL5uzo,0zLmRVBlZJ3IJTkChSXkBp,27fIrMVmHLxP2Hot6qVxsy,47CctmFYrX4htszDZCVaLM,1FZP4hpT4iuLaOb5HpriLq,2rMK6uQxoSGYWOXtzPUY4Z,19fbN84F5YHDyv8dyTbCO8,2368r2D53RhpfIlLBHAXLl,0lizgQ7Qw35od7CYaoMBZb,51ZQ1vr10ffzbwIjDCwqm4,2O3MQ6H3gjrIWDcpeTrikT,1oFAF1hdPOickyHgbuRjyX,76FZM38RC8XaAjJ77CVTNe,7xoUc6faLbCqZO6fQEYprd,6ocbgoVGwYJhOv1GgI9NsF,44ONERBHALxftQNWq6dmyd
[2026-02-07T15:14:28.404+0000] {subprocess.py:93} INFO - 2026-02-07 15:14:28,404 [INFO] Fetched 48 tracks successfully.
[2026-02-07T15:14:28.405+0000] {subprocess.py:93} INFO - 2026-02-07 15:14:28,404 [INFO] Step 2: Uploading artists data to MinIO...
[2026-02-07T15:14:28.406+0000] {subprocess.py:93} INFO - 2026-02-07 15:14:28,404 [INFO] Starting MinIO upload process...
[2026-02-07T15:14:28.489+0000] {subprocess.py:93} INFO - 2026-02-07 15:14:28,489 [INFO] S3 client created for endpoint 'minio:9000' (secure=False).
[2026-02-07T15:14:28.498+0000] {subprocess.py:93} INFO - 2026-02-07 15:14:28,498 [INFO] MinIO bucket 'row-data' already exists.
[2026-02-07T15:14:28.498+0000] {subprocess.py:93} INFO - 2026-02-07 15:14:28,498 [INFO] Bucket 'row-data' verified/created.
[2026-02-07T15:14:28.507+0000] {subprocess.py:93} INFO - 2026-02-07 15:14:28,507 [INFO] Uploaded 'artists' JSON to MinIO bucket 'row-data' at 'spotify_data/artists/artists_2026-02-07.json'.
[2026-02-07T15:14:28.507+0000] {subprocess.py:93} INFO - 2026-02-07 15:14:28,507 [INFO] Artists data uploaded successfully to 'spotify_data/artists/artists_2026-02-07.json'
[2026-02-07T15:14:28.507+0000] {subprocess.py:93} INFO - 2026-02-07 15:14:28,507 [INFO] Uploading tracks data to MinIO...
[2026-02-07T15:14:28.508+0000] {subprocess.py:93} INFO - 2026-02-07 15:14:28,507 [INFO] Starting MinIO upload process...
[2026-02-07T15:14:28.509+0000] {subprocess.py:93} INFO - 2026-02-07 15:14:28,509 [INFO] S3 client created for endpoint 'minio:9000' (secure=False).
[2026-02-07T15:14:28.511+0000] {subprocess.py:93} INFO - 2026-02-07 15:14:28,511 [INFO] MinIO bucket 'row-data' already exists.
[2026-02-07T15:14:28.511+0000] {subprocess.py:93} INFO - 2026-02-07 15:14:28,511 [INFO] Bucket 'row-data' verified/created.
[2026-02-07T15:14:28.529+0000] {subprocess.py:93} INFO - 2026-02-07 15:14:28,529 [INFO] Uploaded 'tracks' JSON to MinIO bucket 'row-data' at 'spotify_data/tracks/tracks_2026-02-07.json'.
[2026-02-07T15:14:28.529+0000] {subprocess.py:93} INFO - 2026-02-07 15:14:28,529 [INFO] Tracks data uploaded successfully to 'spotify_data/tracks/tracks_2026-02-07.json'
[2026-02-07T15:14:28.595+0000] {subprocess.py:97} INFO - Command exited with return code 0
[2026-02-07T15:14:28.619+0000] {taskinstance.py:1138} INFO - Marking task as SUCCESS. dag_id=***_dbt_spotify_pipeline, task_id=generate_spotify_data, execution_date=20260207T151423, start_date=20260207T151426, end_date=20260207T151428
[2026-02-07T15:14:28.665+0000] {local_task_job_runner.py:234} INFO - Task exited with return code 0
[2026-02-07T15:14:28.689+0000] {taskinstance.py:3280} INFO - 1 downstream tasks scheduled from follow-on schedule check
