[2026-02-08T10:39:05.277+0000] {taskinstance.py:1956} INFO - Dependencies all met for dep_context=non-requeueable deps ti=<TaskInstance: airflow_dbt_spotify_pipeline.modelling manual__2026-02-08T10:38:54.089804+00:00 [queued]>
[2026-02-08T10:39:05.282+0000] {taskinstance.py:1956} INFO - Dependencies all met for dep_context=requeueable deps ti=<TaskInstance: airflow_dbt_spotify_pipeline.modelling manual__2026-02-08T10:38:54.089804+00:00 [queued]>
[2026-02-08T10:39:05.283+0000] {taskinstance.py:2170} INFO - Starting attempt 1 of 2
[2026-02-08T10:39:05.288+0000] {taskinstance.py:2191} INFO - Executing <Task(BashOperator): modelling> on 2026-02-08 10:38:54.089804+00:00
[2026-02-08T10:39:05.291+0000] {standard_task_runner.py:60} INFO - Started process 2034 to run task
[2026-02-08T10:39:05.293+0000] {standard_task_runner.py:87} INFO - Running: ['***', 'tasks', 'run', '***_dbt_spotify_pipeline', 'modelling', 'manual__2026-02-08T10:38:54.089804+00:00', '--job-id', '273', '--raw', '--subdir', 'DAGS_FOLDER/sportify_pipeline_dag.py', '--cfg-path', '/tmp/tmp0wpraw5b']
[2026-02-08T10:39:05.294+0000] {standard_task_runner.py:88} INFO - Job 273: Subtask modelling
[2026-02-08T10:39:05.325+0000] {task_command.py:423} INFO - Running <TaskInstance: airflow_dbt_spotify_pipeline.modelling manual__2026-02-08T10:38:54.089804+00:00 [running]> on host 63d90b64f023
[2026-02-08T10:39:05.373+0000] {taskinstance.py:2480} INFO - Exporting env vars: AIRFLOW_CTX_DAG_EMAIL='edison@inkomoko.com' AIRFLOW_CTX_DAG_OWNER='INKOMOKO' AIRFLOW_CTX_DAG_ID='***_dbt_spotify_pipeline' AIRFLOW_CTX_TASK_ID='modelling' AIRFLOW_CTX_EXECUTION_DATE='2026-02-08T10:38:54.089804+00:00' AIRFLOW_CTX_TRY_NUMBER='1' AIRFLOW_CTX_DAG_RUN_ID='manual__2026-02-08T10:38:54.089804+00:00'
[2026-02-08T10:39:05.374+0000] {subprocess.py:63} INFO - Tmp dir root location: /tmp
[2026-02-08T10:39:05.374+0000] {subprocess.py:75} INFO - Running command: ['/usr/bin/bash', '-c', 'dbt deps && dbt run --select path:models --target dev']
[2026-02-08T10:39:05.378+0000] {subprocess.py:86} INFO - Output:
[2026-02-08T10:39:06.150+0000] {subprocess.py:93} INFO - [0m10:39:06  Running with dbt=1.11.3
[2026-02-08T10:39:06.779+0000] {subprocess.py:93} INFO - [0m10:39:06  Installing dbt-labs/dbt_utils
[2026-02-08T10:39:08.420+0000] {subprocess.py:93} INFO - [0m10:39:08  Installed from version 1.1.1
[2026-02-08T10:39:08.421+0000] {subprocess.py:93} INFO - [0m10:39:08  Updated version available: 1.3.3
[2026-02-08T10:39:08.421+0000] {subprocess.py:93} INFO - [0m10:39:08
[2026-02-08T10:39:08.422+0000] {subprocess.py:93} INFO - [0m10:39:08  Updates available for packages: ['dbt-labs/dbt_utils']
[2026-02-08T10:39:08.422+0000] {subprocess.py:93} INFO - Update your versions in packages.yml, then run dbt deps
[2026-02-08T10:39:09.903+0000] {subprocess.py:93} INFO - [0m10:39:09  Running with dbt=1.11.3
[2026-02-08T10:39:10.043+0000] {subprocess.py:93} INFO - [0m10:39:10  Registered adapter: postgres=1.10.0
[2026-02-08T10:39:10.383+0000] {subprocess.py:93} INFO - [0m10:39:10  Found 4 models, 42 data tests, 3 sources, 579 macros
[2026-02-08T10:39:10.385+0000] {subprocess.py:93} INFO - [0m10:39:10
[2026-02-08T10:39:10.385+0000] {subprocess.py:93} INFO - [0m10:39:10  Concurrency: 10 threads (target='dev')
[2026-02-08T10:39:10.386+0000] {subprocess.py:93} INFO - [0m10:39:10
[2026-02-08T10:39:10.494+0000] {subprocess.py:93} INFO - [0m10:39:10  1 of 4 START sql table model mart.mart_album_performance ....................... [RUN]
[2026-02-08T10:39:10.494+0000] {subprocess.py:93} INFO - [0m10:39:10  2 of 4 START sql table model mart.mart_artist_performance ...................... [RUN]
[2026-02-08T10:39:10.495+0000] {subprocess.py:93} INFO - [0m10:39:10  3 of 4 START sql table model mart.mart_catalog_overview ........................ [RUN]
[2026-02-08T10:39:10.495+0000] {subprocess.py:93} INFO - [0m10:39:10  4 of 4 START sql table model mart.mart_track_performance ....................... [RUN]
[2026-02-08T10:39:10.671+0000] {subprocess.py:93} INFO - [0m10:39:10  1 of 4 OK created sql table model mart.mart_album_performance .................. [[32mSELECT 29[0m in 0.17s]
[2026-02-08T10:39:10.675+0000] {subprocess.py:93} INFO - [0m10:39:10  4 of 4 OK created sql table model mart.mart_track_performance .................. [[32mSELECT 48[0m in 0.18s]
[2026-02-08T10:39:10.676+0000] {subprocess.py:93} INFO - [0m10:39:10  3 of 4 OK created sql table model mart.mart_catalog_overview ................... [[32mSELECT 1[0m in 0.18s]
[2026-02-08T10:39:10.677+0000] {subprocess.py:93} INFO - [0m10:39:10  2 of 4 OK created sql table model mart.mart_artist_performance ................. [[32mSELECT 9[0m in 0.18s]
[2026-02-08T10:39:10.734+0000] {subprocess.py:93} INFO - [0m10:39:10
[2026-02-08T10:39:10.735+0000] {subprocess.py:93} INFO - [0m10:39:10  Finished running 4 table models in 0 hours 0 minutes and 0.35 seconds (0.35s).
[2026-02-08T10:39:10.781+0000] {subprocess.py:93} INFO - [0m10:39:10
[2026-02-08T10:39:10.783+0000] {subprocess.py:93} INFO - [0m10:39:10  [32mCompleted successfully[0m
[2026-02-08T10:39:10.784+0000] {subprocess.py:93} INFO - [0m10:39:10
[2026-02-08T10:39:10.785+0000] {subprocess.py:93} INFO - [0m10:39:10  Done. PASS=4 WARN=0 ERROR=0 SKIP=0 NO-OP=0 TOTAL=4
[2026-02-08T10:39:10.975+0000] {subprocess.py:97} INFO - Command exited with return code 0
[2026-02-08T10:39:11.005+0000] {taskinstance.py:1138} INFO - Marking task as SUCCESS. dag_id=***_dbt_spotify_pipeline, task_id=modelling, execution_date=20260208T103854, start_date=20260208T103905, end_date=20260208T103911
[2026-02-08T10:39:11.056+0000] {local_task_job_runner.py:234} INFO - Task exited with return code 0
[2026-02-08T10:39:11.078+0000] {taskinstance.py:3280} INFO - 0 downstream tasks scheduled from follow-on schedule check
