[2026-02-07T10:17:45.697+0000] {taskinstance.py:1956} INFO - Dependencies all met for dep_context=non-requeueable deps ti=<TaskInstance: airflow_dbt_spotify_pipeline.generate_spotify_data manual__2026-02-07T10:17:44.465603+00:00 [queued]>
[2026-02-07T10:17:45.700+0000] {taskinstance.py:1956} INFO - Dependencies all met for dep_context=requeueable deps ti=<TaskInstance: airflow_dbt_spotify_pipeline.generate_spotify_data manual__2026-02-07T10:17:44.465603+00:00 [queued]>
[2026-02-07T10:17:45.700+0000] {taskinstance.py:2170} INFO - Starting attempt 1 of 1
[2026-02-07T10:17:45.705+0000] {taskinstance.py:2191} INFO - Executing <Task(BashOperator): generate_spotify_data> on 2026-02-07 10:17:44.465603+00:00
[2026-02-07T10:17:45.708+0000] {standard_task_runner.py:60} INFO - Started process 1081 to run task
[2026-02-07T10:17:45.710+0000] {standard_task_runner.py:87} INFO - Running: ['***', 'tasks', 'run', '***_dbt_spotify_pipeline', 'generate_spotify_data', 'manual__2026-02-07T10:17:44.465603+00:00', '--job-id', '10', '--raw', '--subdir', 'DAGS_FOLDER/sportify_pipeline_dag.py', '--cfg-path', '/tmp/tmpj_0ribem']
[2026-02-07T10:17:45.712+0000] {standard_task_runner.py:88} INFO - Job 10: Subtask generate_spotify_data
[2026-02-07T10:17:45.738+0000] {task_command.py:423} INFO - Running <TaskInstance: airflow_dbt_spotify_pipeline.generate_spotify_data manual__2026-02-07T10:17:44.465603+00:00 [running]> on host 47d76e1ca2e6
[2026-02-07T10:17:45.782+0000] {taskinstance.py:2480} INFO - Exporting env vars: AIRFLOW_CTX_DAG_OWNER='***' AIRFLOW_CTX_DAG_ID='***_dbt_spotify_pipeline' AIRFLOW_CTX_TASK_ID='generate_spotify_data' AIRFLOW_CTX_EXECUTION_DATE='2026-02-07T10:17:44.465603+00:00' AIRFLOW_CTX_TRY_NUMBER='1' AIRFLOW_CTX_DAG_RUN_ID='manual__2026-02-07T10:17:44.465603+00:00'
[2026-02-07T10:17:45.783+0000] {subprocess.py:63} INFO - Tmp dir root location: /tmp
[2026-02-07T10:17:45.783+0000] {subprocess.py:75} INFO - Running command: ['/usr/bin/bash', '-c', 'python /opt/***/include/row_data_generation/extract_spotify_data.py']
[2026-02-07T10:17:45.791+0000] {subprocess.py:86} INFO - Output:
[2026-02-07T10:17:45.947+0000] {subprocess.py:93} INFO - 2026-02-07 10:17:45,947 [INFO] Spotify client authenticated successfully.
[2026-02-07T10:17:47.298+0000] {subprocess.py:93} INFO - 2026-02-07 10:17:47,298 [INFO] Sucessfully Fetched 5 tracks from playlist ID 3cEYpjA9oz9GiPac4AsH4n
[2026-02-07T10:17:47.502+0000] {subprocess.py:93} INFO - 2026-02-07 10:17:47,501 [ERROR] Failed to create or check bucket: An error occurred (InvalidBucketName) when calling the CreateBucket operation: The specified bucket is not valid.
[2026-02-07T10:17:47.502+0000] {subprocess.py:93} INFO - 2026-02-07 10:17:47,502 [ERROR] MinIO upload error: An error occurred (InvalidBucketName) when calling the CreateBucket operation: The specified bucket is not valid.
[2026-02-07T10:17:47.539+0000] {subprocess.py:97} INFO - Command exited with return code 0
[2026-02-07T10:17:47.615+0000] {taskinstance.py:1138} INFO - Marking task as SUCCESS. dag_id=***_dbt_spotify_pipeline, task_id=generate_spotify_data, execution_date=20260207T101744, start_date=20260207T101745, end_date=20260207T101747
[2026-02-07T10:17:47.635+0000] {local_task_job_runner.py:234} INFO - Task exited with return code 0
[2026-02-07T10:17:47.652+0000] {taskinstance.py:3280} INFO - 0 downstream tasks scheduled from follow-on schedule check
