[2026-02-08T11:10:45.581+0000] {taskinstance.py:1956} INFO - Dependencies all met for dep_context=non-requeueable deps ti=<TaskInstance: airflow_dbt_spotify_pipeline.modelling manual__2026-02-08T11:10:35.698930+00:00 [queued]>
[2026-02-08T11:10:45.586+0000] {taskinstance.py:1956} INFO - Dependencies all met for dep_context=requeueable deps ti=<TaskInstance: airflow_dbt_spotify_pipeline.modelling manual__2026-02-08T11:10:35.698930+00:00 [queued]>
[2026-02-08T11:10:45.586+0000] {taskinstance.py:2170} INFO - Starting attempt 1 of 2
[2026-02-08T11:10:45.592+0000] {taskinstance.py:2191} INFO - Executing <Task(BashOperator): modelling> on 2026-02-08 11:10:35.698930+00:00
[2026-02-08T11:10:45.595+0000] {standard_task_runner.py:60} INFO - Started process 218 to run task
[2026-02-08T11:10:45.598+0000] {standard_task_runner.py:87} INFO - Running: ['***', 'tasks', 'run', '***_dbt_spotify_pipeline', 'modelling', 'manual__2026-02-08T11:10:35.698930+00:00', '--job-id', '314', '--raw', '--subdir', 'DAGS_FOLDER/sportify_pipeline_dag.py', '--cfg-path', '/tmp/tmpv4mauxrt']
[2026-02-08T11:10:45.600+0000] {standard_task_runner.py:88} INFO - Job 314: Subtask modelling
[2026-02-08T11:10:45.631+0000] {task_command.py:423} INFO - Running <TaskInstance: airflow_dbt_spotify_pipeline.modelling manual__2026-02-08T11:10:35.698930+00:00 [running]> on host 6c1a90e3716e
[2026-02-08T11:10:45.672+0000] {taskinstance.py:2480} INFO - Exporting env vars: AIRFLOW_CTX_DAG_EMAIL='edison@inkomoko.com' AIRFLOW_CTX_DAG_OWNER='INKOMOKO' AIRFLOW_CTX_DAG_ID='***_dbt_spotify_pipeline' AIRFLOW_CTX_TASK_ID='modelling' AIRFLOW_CTX_EXECUTION_DATE='2026-02-08T11:10:35.698930+00:00' AIRFLOW_CTX_TRY_NUMBER='1' AIRFLOW_CTX_DAG_RUN_ID='manual__2026-02-08T11:10:35.698930+00:00'
[2026-02-08T11:10:45.674+0000] {subprocess.py:63} INFO - Tmp dir root location: /tmp
[2026-02-08T11:10:45.675+0000] {subprocess.py:75} INFO - Running command: ['/usr/bin/bash', '-c', 'dbt deps && dbt run --select path:models --target dev']
[2026-02-08T11:10:45.682+0000] {subprocess.py:86} INFO - Output:
[2026-02-08T11:10:46.572+0000] {subprocess.py:93} INFO - [0m11:10:46  Running with dbt=1.11.3
[2026-02-08T11:10:47.890+0000] {subprocess.py:93} INFO - [0m11:10:47  Installing dbt-labs/dbt_utils
[2026-02-08T11:10:49.044+0000] {subprocess.py:93} INFO - [0m11:10:49  Installed from version 1.1.1
[2026-02-08T11:10:49.046+0000] {subprocess.py:93} INFO - [0m11:10:49  Updated version available: 1.3.3
[2026-02-08T11:10:49.050+0000] {subprocess.py:93} INFO - [0m11:10:49
[2026-02-08T11:10:49.061+0000] {subprocess.py:93} INFO - [0m11:10:49  Updates available for packages: ['dbt-labs/dbt_utils']
[2026-02-08T11:10:49.067+0000] {subprocess.py:93} INFO - Update your versions in packages.yml, then run dbt deps
[2026-02-08T11:10:51.537+0000] {subprocess.py:93} INFO - [0m11:10:51  Running with dbt=1.11.3
[2026-02-08T11:10:51.723+0000] {subprocess.py:93} INFO - [0m11:10:51  Registered adapter: postgres=1.10.0
[2026-02-08T11:10:52.062+0000] {subprocess.py:93} INFO - [0m11:10:52  Found 4 models, 42 data tests, 3 sources, 579 macros
[2026-02-08T11:10:52.064+0000] {subprocess.py:93} INFO - [0m11:10:52
[2026-02-08T11:10:52.064+0000] {subprocess.py:93} INFO - [0m11:10:52  Concurrency: 10 threads (target='dev')
[2026-02-08T11:10:52.064+0000] {subprocess.py:93} INFO - [0m11:10:52
[2026-02-08T11:10:52.161+0000] {subprocess.py:93} INFO - [0m11:10:52  1 of 4 START sql table model mart.mart_album_performance ....................... [RUN]
[2026-02-08T11:10:52.161+0000] {subprocess.py:93} INFO - [0m11:10:52  2 of 4 START sql table model mart.mart_artist_performance ...................... [RUN]
[2026-02-08T11:10:52.162+0000] {subprocess.py:93} INFO - [0m11:10:52  3 of 4 START sql table model mart.mart_catalog_overview ........................ [RUN]
[2026-02-08T11:10:52.162+0000] {subprocess.py:93} INFO - [0m11:10:52  4 of 4 START sql table model mart.mart_track_performance ....................... [RUN]
[2026-02-08T11:10:52.330+0000] {subprocess.py:93} INFO - [0m11:10:52  2 of 4 OK created sql table model mart.mart_artist_performance ................. [[32mSELECT 9[0m in 0.16s]
[2026-02-08T11:10:52.331+0000] {subprocess.py:93} INFO - [0m11:10:52  4 of 4 OK created sql table model mart.mart_track_performance .................. [[32mSELECT 48[0m in 0.17s]
[2026-02-08T11:10:52.332+0000] {subprocess.py:93} INFO - [0m11:10:52  3 of 4 OK created sql table model mart.mart_catalog_overview ................... [[32mSELECT 1[0m in 0.17s]
[2026-02-08T11:10:52.333+0000] {subprocess.py:93} INFO - [0m11:10:52  1 of 4 OK created sql table model mart.mart_album_performance .................. [[32mSELECT 29[0m in 0.17s]
[2026-02-08T11:10:52.351+0000] {subprocess.py:93} INFO - [0m11:10:52
[2026-02-08T11:10:52.352+0000] {subprocess.py:93} INFO - [0m11:10:52  Finished running 4 table models in 0 hours 0 minutes and 0.29 seconds (0.29s).
[2026-02-08T11:10:52.485+0000] {subprocess.py:93} INFO - [0m11:10:52
[2026-02-08T11:10:52.486+0000] {subprocess.py:93} INFO - [0m11:10:52  [32mCompleted successfully[0m
[2026-02-08T11:10:52.487+0000] {subprocess.py:93} INFO - [0m11:10:52
[2026-02-08T11:10:52.487+0000] {subprocess.py:93} INFO - [0m11:10:52  Done. PASS=4 WARN=0 ERROR=0 SKIP=0 NO-OP=0 TOTAL=4
[2026-02-08T11:10:52.630+0000] {subprocess.py:97} INFO - Command exited with return code 0
[2026-02-08T11:10:52.654+0000] {taskinstance.py:1138} INFO - Marking task as SUCCESS. dag_id=***_dbt_spotify_pipeline, task_id=modelling, execution_date=20260208T111035, start_date=20260208T111045, end_date=20260208T111052
[2026-02-08T11:10:52.685+0000] {local_task_job_runner.py:234} INFO - Task exited with return code 0
[2026-02-08T11:10:52.695+0000] {taskinstance.py:3280} INFO - 0 downstream tasks scheduled from follow-on schedule check
