[2026-02-08T10:43:05.541+0000] {taskinstance.py:1956} INFO - Dependencies all met for dep_context=non-requeueable deps ti=<TaskInstance: airflow_dbt_spotify_pipeline.modelling manual__2026-02-08T10:42:56.698148+00:00 [queued]>
[2026-02-08T10:43:05.545+0000] {taskinstance.py:1956} INFO - Dependencies all met for dep_context=requeueable deps ti=<TaskInstance: airflow_dbt_spotify_pipeline.modelling manual__2026-02-08T10:42:56.698148+00:00 [queued]>
[2026-02-08T10:43:05.545+0000] {taskinstance.py:2170} INFO - Starting attempt 1 of 2
[2026-02-08T10:43:05.551+0000] {taskinstance.py:2191} INFO - Executing <Task(BashOperator): modelling> on 2026-02-08 10:42:56.698148+00:00
[2026-02-08T10:43:05.554+0000] {standard_task_runner.py:60} INFO - Started process 2227 to run task
[2026-02-08T10:43:05.556+0000] {standard_task_runner.py:87} INFO - Running: ['***', 'tasks', 'run', '***_dbt_spotify_pipeline', 'modelling', 'manual__2026-02-08T10:42:56.698148+00:00', '--job-id', '287', '--raw', '--subdir', 'DAGS_FOLDER/sportify_pipeline_dag.py', '--cfg-path', '/tmp/tmpreqf7rzl']
[2026-02-08T10:43:05.557+0000] {standard_task_runner.py:88} INFO - Job 287: Subtask modelling
[2026-02-08T10:43:05.580+0000] {task_command.py:423} INFO - Running <TaskInstance: airflow_dbt_spotify_pipeline.modelling manual__2026-02-08T10:42:56.698148+00:00 [running]> on host 63d90b64f023
[2026-02-08T10:43:05.615+0000] {taskinstance.py:2480} INFO - Exporting env vars: AIRFLOW_CTX_DAG_EMAIL='edison@inkomoko.com' AIRFLOW_CTX_DAG_OWNER='INKOMOKO' AIRFLOW_CTX_DAG_ID='***_dbt_spotify_pipeline' AIRFLOW_CTX_TASK_ID='modelling' AIRFLOW_CTX_EXECUTION_DATE='2026-02-08T10:42:56.698148+00:00' AIRFLOW_CTX_TRY_NUMBER='1' AIRFLOW_CTX_DAG_RUN_ID='manual__2026-02-08T10:42:56.698148+00:00'
[2026-02-08T10:43:05.616+0000] {subprocess.py:63} INFO - Tmp dir root location: /tmp
[2026-02-08T10:43:05.616+0000] {subprocess.py:75} INFO - Running command: ['/usr/bin/bash', '-c', 'dbt deps && dbt run --select path:models --target dev']
[2026-02-08T10:43:05.621+0000] {subprocess.py:86} INFO - Output:
[2026-02-08T10:43:06.387+0000] {subprocess.py:93} INFO - [0m10:43:06  Running with dbt=1.11.3
[2026-02-08T10:43:08.166+0000] {subprocess.py:93} INFO - [0m10:43:08  Installing dbt-labs/dbt_utils
[2026-02-08T10:43:09.695+0000] {subprocess.py:93} INFO - [0m10:43:09  Installed from version 1.1.1
[2026-02-08T10:43:09.698+0000] {subprocess.py:93} INFO - [0m10:43:09  Updated version available: 1.3.3
[2026-02-08T10:43:09.700+0000] {subprocess.py:93} INFO - [0m10:43:09
[2026-02-08T10:43:09.701+0000] {subprocess.py:93} INFO - [0m10:43:09  Updates available for packages: ['dbt-labs/dbt_utils']
[2026-02-08T10:43:09.702+0000] {subprocess.py:93} INFO - Update your versions in packages.yml, then run dbt deps
[2026-02-08T10:43:11.048+0000] {subprocess.py:93} INFO - [0m10:43:11  Running with dbt=1.11.3
[2026-02-08T10:43:11.186+0000] {subprocess.py:93} INFO - [0m10:43:11  Registered adapter: postgres=1.10.0
[2026-02-08T10:43:11.480+0000] {subprocess.py:93} INFO - [0m10:43:11  Found 4 models, 42 data tests, 3 sources, 579 macros
[2026-02-08T10:43:11.481+0000] {subprocess.py:93} INFO - [0m10:43:11
[2026-02-08T10:43:11.482+0000] {subprocess.py:93} INFO - [0m10:43:11  Concurrency: 10 threads (target='dev')
[2026-02-08T10:43:11.482+0000] {subprocess.py:93} INFO - [0m10:43:11
[2026-02-08T10:43:11.587+0000] {subprocess.py:93} INFO - [0m10:43:11  1 of 4 START sql table model mart.mart_album_performance ....................... [RUN]
[2026-02-08T10:43:11.589+0000] {subprocess.py:93} INFO - [0m10:43:11  2 of 4 START sql table model mart.mart_artist_performance ...................... [RUN]
[2026-02-08T10:43:11.590+0000] {subprocess.py:93} INFO - [0m10:43:11  3 of 4 START sql table model mart.mart_catalog_overview ........................ [RUN]
[2026-02-08T10:43:11.590+0000] {subprocess.py:93} INFO - [0m10:43:11  4 of 4 START sql table model mart.mart_track_performance ....................... [RUN]
[2026-02-08T10:43:11.766+0000] {subprocess.py:93} INFO - [0m10:43:11  1 of 4 OK created sql table model mart.mart_album_performance .................. [[32mSELECT 29[0m in 0.17s]
[2026-02-08T10:43:11.767+0000] {subprocess.py:93} INFO - [0m10:43:11  3 of 4 OK created sql table model mart.mart_catalog_overview ................... [[32mSELECT 1[0m in 0.18s]
[2026-02-08T10:43:11.768+0000] {subprocess.py:93} INFO - [0m10:43:11  2 of 4 OK created sql table model mart.mart_artist_performance ................. [[32mSELECT 9[0m in 0.18s]
[2026-02-08T10:43:11.770+0000] {subprocess.py:93} INFO - [0m10:43:11  4 of 4 OK created sql table model mart.mart_track_performance .................. [[32mSELECT 48[0m in 0.18s]
[2026-02-08T10:43:11.784+0000] {subprocess.py:93} INFO - [0m10:43:11
[2026-02-08T10:43:11.785+0000] {subprocess.py:93} INFO - [0m10:43:11  Finished running 4 table models in 0 hours 0 minutes and 0.30 seconds (0.30s).
[2026-02-08T10:43:11.823+0000] {subprocess.py:93} INFO - [0m10:43:11
[2026-02-08T10:43:11.824+0000] {subprocess.py:93} INFO - [0m10:43:11  [32mCompleted successfully[0m
[2026-02-08T10:43:11.824+0000] {subprocess.py:93} INFO - [0m10:43:11
[2026-02-08T10:43:11.825+0000] {subprocess.py:93} INFO - [0m10:43:11  Done. PASS=4 WARN=0 ERROR=0 SKIP=0 NO-OP=0 TOTAL=4
[2026-02-08T10:43:12.106+0000] {subprocess.py:97} INFO - Command exited with return code 0
[2026-02-08T10:43:12.153+0000] {taskinstance.py:1138} INFO - Marking task as SUCCESS. dag_id=***_dbt_spotify_pipeline, task_id=modelling, execution_date=20260208T104256, start_date=20260208T104305, end_date=20260208T104312
[2026-02-08T10:43:12.194+0000] {local_task_job_runner.py:234} INFO - Task exited with return code 0
[2026-02-08T10:43:12.207+0000] {taskinstance.py:3280} INFO - 0 downstream tasks scheduled from follow-on schedule check
