[2026-02-08T09:58:03.715+0000] {taskinstance.py:1956} INFO - Dependencies all met for dep_context=non-requeueable deps ti=<TaskInstance: airflow_dbt_spotify_pipeline.modelling manual__2026-02-08T09:57:53.143605+00:00 [queued]>
[2026-02-08T09:58:03.719+0000] {taskinstance.py:1956} INFO - Dependencies all met for dep_context=requeueable deps ti=<TaskInstance: airflow_dbt_spotify_pipeline.modelling manual__2026-02-08T09:57:53.143605+00:00 [queued]>
[2026-02-08T09:58:03.719+0000] {taskinstance.py:2170} INFO - Starting attempt 1 of 2
[2026-02-08T09:58:03.725+0000] {taskinstance.py:2191} INFO - Executing <Task(BashOperator): modelling> on 2026-02-08 09:57:53.143605+00:00
[2026-02-08T09:58:03.727+0000] {standard_task_runner.py:60} INFO - Started process 995 to run task
[2026-02-08T09:58:03.729+0000] {standard_task_runner.py:87} INFO - Running: ['***', 'tasks', 'run', '***_dbt_spotify_pipeline', 'modelling', 'manual__2026-02-08T09:57:53.143605+00:00', '--job-id', '256', '--raw', '--subdir', 'DAGS_FOLDER/sportify_pipeline_dag.py', '--cfg-path', '/tmp/tmpv_6wdf34']
[2026-02-08T09:58:03.730+0000] {standard_task_runner.py:88} INFO - Job 256: Subtask modelling
[2026-02-08T09:58:03.753+0000] {task_command.py:423} INFO - Running <TaskInstance: airflow_dbt_spotify_pipeline.modelling manual__2026-02-08T09:57:53.143605+00:00 [running]> on host 63d90b64f023
[2026-02-08T09:58:03.786+0000] {taskinstance.py:2480} INFO - Exporting env vars: AIRFLOW_CTX_DAG_EMAIL='edison@inkomoko.com' AIRFLOW_CTX_DAG_OWNER='INKOMOKO' AIRFLOW_CTX_DAG_ID='***_dbt_spotify_pipeline' AIRFLOW_CTX_TASK_ID='modelling' AIRFLOW_CTX_EXECUTION_DATE='2026-02-08T09:57:53.143605+00:00' AIRFLOW_CTX_TRY_NUMBER='1' AIRFLOW_CTX_DAG_RUN_ID='manual__2026-02-08T09:57:53.143605+00:00'
[2026-02-08T09:58:03.786+0000] {subprocess.py:63} INFO - Tmp dir root location: /tmp
[2026-02-08T09:58:03.787+0000] {subprocess.py:75} INFO - Running command: ['/usr/bin/bash', '-c', 'dbt deps && dbt run --select path:models --target dev']
[2026-02-08T09:58:03.792+0000] {subprocess.py:86} INFO - Output:
[2026-02-08T09:58:04.550+0000] {subprocess.py:93} INFO - [0m09:58:04  Running with dbt=1.11.3
[2026-02-08T09:58:05.098+0000] {subprocess.py:93} INFO - [0m09:58:05  Installing dbt-labs/dbt_utils
[2026-02-08T09:58:06.183+0000] {subprocess.py:93} INFO - [0m09:58:06  Installed from version 1.1.1
[2026-02-08T09:58:06.186+0000] {subprocess.py:93} INFO - [0m09:58:06  Updated version available: 1.3.3
[2026-02-08T09:58:06.187+0000] {subprocess.py:93} INFO - [0m09:58:06
[2026-02-08T09:58:06.188+0000] {subprocess.py:93} INFO - [0m09:58:06  Updates available for packages: ['dbt-labs/dbt_utils']
[2026-02-08T09:58:06.188+0000] {subprocess.py:93} INFO - Update your versions in packages.yml, then run dbt deps
[2026-02-08T09:58:07.131+0000] {subprocess.py:93} INFO - [0m09:58:07  Running with dbt=1.11.3
[2026-02-08T09:58:07.257+0000] {subprocess.py:93} INFO - [0m09:58:07  Registered adapter: postgres=1.10.0
[2026-02-08T09:58:07.549+0000] {subprocess.py:93} INFO - [0m09:58:07  Found 4 models, 42 data tests, 3 sources, 579 macros
[2026-02-08T09:58:07.551+0000] {subprocess.py:93} INFO - [0m09:58:07
[2026-02-08T09:58:07.551+0000] {subprocess.py:93} INFO - [0m09:58:07  Concurrency: 10 threads (target='dev')
[2026-02-08T09:58:07.552+0000] {subprocess.py:93} INFO - [0m09:58:07
[2026-02-08T09:58:07.619+0000] {subprocess.py:93} INFO - [0m09:58:07  1 of 4 START sql table model mart.mart_album_performance ....................... [RUN]
[2026-02-08T09:58:07.620+0000] {subprocess.py:93} INFO - [0m09:58:07  2 of 4 START sql table model mart.mart_artist_performance ...................... [RUN]
[2026-02-08T09:58:07.620+0000] {subprocess.py:93} INFO - [0m09:58:07  3 of 4 START sql table model mart.mart_catalog_overview ........................ [RUN]
[2026-02-08T09:58:07.620+0000] {subprocess.py:93} INFO - [0m09:58:07  4 of 4 START sql table model mart.mart_track_performance ....................... [RUN]
[2026-02-08T09:58:07.759+0000] {subprocess.py:93} INFO - [0m09:58:07  1 of 4 OK created sql table model mart.mart_album_performance .................. [[32mSELECT 29[0m in 0.14s]
[2026-02-08T09:58:07.760+0000] {subprocess.py:93} INFO - [0m09:58:07  2 of 4 OK created sql table model mart.mart_artist_performance ................. [[32mSELECT 9[0m in 0.14s]
[2026-02-08T09:58:07.761+0000] {subprocess.py:93} INFO - [0m09:58:07  4 of 4 OK created sql table model mart.mart_track_performance .................. [[32mSELECT 48[0m in 0.14s]
[2026-02-08T09:58:07.762+0000] {subprocess.py:93} INFO - [0m09:58:07  3 of 4 OK created sql table model mart.mart_catalog_overview ................... [[32mSELECT 1[0m in 0.14s]
[2026-02-08T09:58:07.775+0000] {subprocess.py:93} INFO - [0m09:58:07
[2026-02-08T09:58:07.775+0000] {subprocess.py:93} INFO - [0m09:58:07  Finished running 4 table models in 0 hours 0 minutes and 0.22 seconds (0.22s).
[2026-02-08T09:58:07.814+0000] {subprocess.py:93} INFO - [0m09:58:07
[2026-02-08T09:58:07.815+0000] {subprocess.py:93} INFO - [0m09:58:07  [32mCompleted successfully[0m
[2026-02-08T09:58:07.815+0000] {subprocess.py:93} INFO - [0m09:58:07
[2026-02-08T09:58:07.815+0000] {subprocess.py:93} INFO - [0m09:58:07  Done. PASS=4 WARN=0 ERROR=0 SKIP=0 NO-OP=0 TOTAL=4
[2026-02-08T09:58:07.951+0000] {subprocess.py:97} INFO - Command exited with return code 0
[2026-02-08T09:58:07.968+0000] {taskinstance.py:1138} INFO - Marking task as SUCCESS. dag_id=***_dbt_spotify_pipeline, task_id=modelling, execution_date=20260208T095753, start_date=20260208T095803, end_date=20260208T095807
[2026-02-08T09:58:08.017+0000] {local_task_job_runner.py:234} INFO - Task exited with return code 0
[2026-02-08T09:58:08.029+0000] {taskinstance.py:3280} INFO - 0 downstream tasks scheduled from follow-on schedule check
