[2026-02-08T10:59:57.206+0000] {taskinstance.py:1956} INFO - Dependencies all met for dep_context=non-requeueable deps ti=<TaskInstance: airflow_dbt_spotify_pipeline.prepare_staging_data manual__2026-02-08T10:59:55.047214+00:00 [queued]>
[2026-02-08T10:59:57.210+0000] {taskinstance.py:1956} INFO - Dependencies all met for dep_context=requeueable deps ti=<TaskInstance: airflow_dbt_spotify_pipeline.prepare_staging_data manual__2026-02-08T10:59:55.047214+00:00 [queued]>
[2026-02-08T10:59:57.210+0000] {taskinstance.py:2170} INFO - Starting attempt 1 of 2
[2026-02-08T10:59:57.214+0000] {taskinstance.py:2191} INFO - Executing <Task(_PythonDecoratedOperator): prepare_staging_data> on 2026-02-08 10:59:55.047214+00:00
[2026-02-08T10:59:57.217+0000] {standard_task_runner.py:60} INFO - Started process 2698 to run task
[2026-02-08T10:59:57.219+0000] {standard_task_runner.py:87} INFO - Running: ['***', 'tasks', 'run', '***_dbt_spotify_pipeline', 'prepare_staging_data', 'manual__2026-02-08T10:59:55.047214+00:00', '--job-id', '299', '--raw', '--subdir', 'DAGS_FOLDER/sportify_pipeline_dag.py', '--cfg-path', '/tmp/tmph9qknjx4']
[2026-02-08T10:59:57.220+0000] {standard_task_runner.py:88} INFO - Job 299: Subtask prepare_staging_data
[2026-02-08T10:59:57.243+0000] {task_command.py:423} INFO - Running <TaskInstance: airflow_dbt_spotify_pipeline.prepare_staging_data manual__2026-02-08T10:59:55.047214+00:00 [running]> on host 63d90b64f023
[2026-02-08T10:59:57.275+0000] {taskinstance.py:2480} INFO - Exporting env vars: AIRFLOW_CTX_DAG_EMAIL='edison@inkomoko.com' AIRFLOW_CTX_DAG_OWNER='INKOMOKO' AIRFLOW_CTX_DAG_ID='***_dbt_spotify_pipeline' AIRFLOW_CTX_TASK_ID='prepare_staging_data' AIRFLOW_CTX_EXECUTION_DATE='2026-02-08T10:59:55.047214+00:00' AIRFLOW_CTX_TRY_NUMBER='1' AIRFLOW_CTX_DAG_RUN_ID='manual__2026-02-08T10:59:55.047214+00:00'
[2026-02-08T10:59:57.404+0000] {sportify_pipeline_dag.py:180} INFO - Processing object: spotify_data/tracks/tracks_2026-02-08.json
[2026-02-08T10:59:57.409+0000] {helpers.py:105} WARNING - Track 0 album in 'spotify_data/tracks/tracks_2026-02-08.json' missing fields: ['districts']
[2026-02-08T10:59:57.409+0000] {sportify_pipeline_dag.py:206} ERROR - Error processing Spotify data: Can't processed with transformation since the data is not matching the expectation
[2026-02-08T10:59:57.409+0000] {taskinstance.py:2698} ERROR - Task failed with exception
Traceback (most recent call last):
  File "/home/airflow/.local/lib/python3.10/site-packages/airflow/models/taskinstance.py", line 433, in _execute_task
    result = execute_callable(context=context, **execute_callable_kwargs)
  File "/home/airflow/.local/lib/python3.10/site-packages/airflow/decorators/base.py", line 241, in execute
    return_value = super().execute(context)
  File "/home/airflow/.local/lib/python3.10/site-packages/airflow/operators/python.py", line 199, in execute
    return_value = self.execute_callable()
  File "/home/airflow/.local/lib/python3.10/site-packages/airflow/operators/python.py", line 216, in execute_callable
    return self.python_callable(*self.op_args, **self.op_kwargs)
  File "/opt/airflow/dags/sportify_pipeline_dag.py", line 196, in prepare_staging_data
    transformed_artists_data, transformed_albums_data, transformed_tracks_data = transform_tracks_data(
  File "/opt/airflow/dags/include/transformation/prepare_spotify_data.py", line 17, in transform_tracks_data
    raise Exception("Can't processed with transformation since the data is not matching the expectation")
Exception: Can't processed with transformation since the data is not matching the expectation
[2026-02-08T10:59:57.415+0000] {taskinstance.py:1138} INFO - Marking task as UP_FOR_RETRY. dag_id=***_dbt_spotify_pipeline, task_id=prepare_staging_data, execution_date=20260208T105955, start_date=20260208T105957, end_date=20260208T105957
[2026-02-08T10:59:57.419+0000] {standard_task_runner.py:107} ERROR - Failed to execute job 299 for task prepare_staging_data (Can't processed with transformation since the data is not matching the expectation; 2698)
[2026-02-08T10:59:57.434+0000] {local_task_job_runner.py:234} INFO - Task exited with return code 1
[2026-02-08T10:59:57.448+0000] {taskinstance.py:3280} INFO - 0 downstream tasks scheduled from follow-on schedule check
