[2026-02-08T09:13:19.399+0000] {taskinstance.py:1956} INFO - Dependencies all met for dep_context=non-requeueable deps ti=<TaskInstance: airflow_dbt_spotify_pipeline.modelling manual__2026-02-08T09:13:08.608667+00:00 [queued]>
[2026-02-08T09:13:19.403+0000] {taskinstance.py:1956} INFO - Dependencies all met for dep_context=requeueable deps ti=<TaskInstance: airflow_dbt_spotify_pipeline.modelling manual__2026-02-08T09:13:08.608667+00:00 [queued]>
[2026-02-08T09:13:19.403+0000] {taskinstance.py:2170} INFO - Starting attempt 1 of 1
[2026-02-08T09:13:19.409+0000] {taskinstance.py:2191} INFO - Executing <Task(BashOperator): modelling> on 2026-02-08 09:13:08.608667+00:00
[2026-02-08T09:13:19.411+0000] {standard_task_runner.py:60} INFO - Started process 461 to run task
[2026-02-08T09:13:19.413+0000] {standard_task_runner.py:87} INFO - Running: ['***', 'tasks', 'run', '***_dbt_spotify_pipeline', 'modelling', 'manual__2026-02-08T09:13:08.608667+00:00', '--job-id', '202', '--raw', '--subdir', 'DAGS_FOLDER/sportify_pipeline_dag.py', '--cfg-path', '/tmp/tmpgrhmvbu2']
[2026-02-08T09:13:19.415+0000] {standard_task_runner.py:88} INFO - Job 202: Subtask modelling
[2026-02-08T09:13:19.436+0000] {task_command.py:423} INFO - Running <TaskInstance: airflow_dbt_spotify_pipeline.modelling manual__2026-02-08T09:13:08.608667+00:00 [running]> on host 189f7e197985
[2026-02-08T09:13:19.469+0000] {taskinstance.py:2480} INFO - Exporting env vars: AIRFLOW_CTX_DAG_OWNER='***' AIRFLOW_CTX_DAG_ID='***_dbt_spotify_pipeline' AIRFLOW_CTX_TASK_ID='modelling' AIRFLOW_CTX_EXECUTION_DATE='2026-02-08T09:13:08.608667+00:00' AIRFLOW_CTX_TRY_NUMBER='1' AIRFLOW_CTX_DAG_RUN_ID='manual__2026-02-08T09:13:08.608667+00:00'
[2026-02-08T09:13:19.470+0000] {subprocess.py:63} INFO - Tmp dir root location: /tmp
[2026-02-08T09:13:19.471+0000] {subprocess.py:75} INFO - Running command: ['/usr/bin/bash', '-c', 'dbt deps && dbt run --select path:models --target dev']
[2026-02-08T09:13:19.475+0000] {subprocess.py:86} INFO - Output:
[2026-02-08T09:13:20.306+0000] {subprocess.py:93} INFO - [0m09:13:20  Running with dbt=1.11.3
[2026-02-08T09:13:21.070+0000] {subprocess.py:93} INFO - [0m09:13:21  Installing dbt-labs/dbt_utils
[2026-02-08T09:13:22.285+0000] {subprocess.py:93} INFO - [0m09:13:22  Installed from version 1.1.1
[2026-02-08T09:13:22.285+0000] {subprocess.py:93} INFO - [0m09:13:22  Updated version available: 1.3.3
[2026-02-08T09:13:22.286+0000] {subprocess.py:93} INFO - [0m09:13:22
[2026-02-08T09:13:22.286+0000] {subprocess.py:93} INFO - [0m09:13:22  Updates available for packages: ['dbt-labs/dbt_utils']
[2026-02-08T09:13:22.286+0000] {subprocess.py:93} INFO - Update your versions in packages.yml, then run dbt deps
[2026-02-08T09:13:23.352+0000] {subprocess.py:93} INFO - [0m09:13:23  Running with dbt=1.11.3
[2026-02-08T09:13:23.481+0000] {subprocess.py:93} INFO - [0m09:13:23  Registered adapter: postgres=1.10.0
[2026-02-08T09:13:23.764+0000] {subprocess.py:93} INFO - [0m09:13:23  Found 4 models, 42 data tests, 3 sources, 579 macros
[2026-02-08T09:13:23.766+0000] {subprocess.py:93} INFO - [0m09:13:23
[2026-02-08T09:13:23.766+0000] {subprocess.py:93} INFO - [0m09:13:23  Concurrency: 10 threads (target='dev')
[2026-02-08T09:13:23.766+0000] {subprocess.py:93} INFO - [0m09:13:23
[2026-02-08T09:13:23.842+0000] {subprocess.py:93} INFO - [0m09:13:23  1 of 4 START sql table model mart.mart_album_performance ....................... [RUN]
[2026-02-08T09:13:23.843+0000] {subprocess.py:93} INFO - [0m09:13:23  2 of 4 START sql table model mart.mart_artist_performance ...................... [RUN]
[2026-02-08T09:13:23.843+0000] {subprocess.py:93} INFO - [0m09:13:23  3 of 4 START sql table model mart.mart_catalog_overview ........................ [RUN]
[2026-02-08T09:13:23.843+0000] {subprocess.py:93} INFO - [0m09:13:23  4 of 4 START sql table model mart.mart_track_performance ....................... [RUN]
[2026-02-08T09:13:23.985+0000] {subprocess.py:93} INFO - [0m09:13:23  2 of 4 OK created sql table model mart.mart_artist_performance ................. [[32mSELECT 9[0m in 0.14s]
[2026-02-08T09:13:23.985+0000] {subprocess.py:93} INFO - [0m09:13:23  3 of 4 OK created sql table model mart.mart_catalog_overview ................... [[32mSELECT 1[0m in 0.14s]
[2026-02-08T09:13:23.986+0000] {subprocess.py:93} INFO - [0m09:13:23  1 of 4 OK created sql table model mart.mart_album_performance .................. [[32mSELECT 29[0m in 0.14s]
[2026-02-08T09:13:23.987+0000] {subprocess.py:93} INFO - [0m09:13:23  4 of 4 OK created sql table model mart.mart_track_performance .................. [[32mSELECT 48[0m in 0.14s]
[2026-02-08T09:13:23.999+0000] {subprocess.py:93} INFO - [0m09:13:23
[2026-02-08T09:13:24.000+0000] {subprocess.py:93} INFO - [0m09:13:24  Finished running 4 table models in 0 hours 0 minutes and 0.23 seconds (0.23s).
[2026-02-08T09:13:24.039+0000] {subprocess.py:93} INFO - [0m09:13:24
[2026-02-08T09:13:24.039+0000] {subprocess.py:93} INFO - [0m09:13:24  [32mCompleted successfully[0m
[2026-02-08T09:13:24.039+0000] {subprocess.py:93} INFO - [0m09:13:24
[2026-02-08T09:13:24.039+0000] {subprocess.py:93} INFO - [0m09:13:24  Done. PASS=4 WARN=0 ERROR=0 SKIP=0 NO-OP=0 TOTAL=4
[2026-02-08T09:13:24.295+0000] {subprocess.py:97} INFO - Command exited with return code 0
[2026-02-08T09:13:24.319+0000] {taskinstance.py:1138} INFO - Marking task as SUCCESS. dag_id=***_dbt_spotify_pipeline, task_id=modelling, execution_date=20260208T091308, start_date=20260208T091319, end_date=20260208T091324
[2026-02-08T09:13:24.342+0000] {local_task_job_runner.py:234} INFO - Task exited with return code 0
[2026-02-08T09:13:24.359+0000] {taskinstance.py:3280} INFO - 0 downstream tasks scheduled from follow-on schedule check
