[2026-02-07T13:51:02.709+0000] {taskinstance.py:1956} INFO - Dependencies all met for dep_context=non-requeueable deps ti=<TaskInstance: airflow_dbt_spotify_pipeline.generate_spotify_data manual__2026-02-07T13:51:01.194890+00:00 [queued]>
[2026-02-07T13:51:02.712+0000] {taskinstance.py:1956} INFO - Dependencies all met for dep_context=requeueable deps ti=<TaskInstance: airflow_dbt_spotify_pipeline.generate_spotify_data manual__2026-02-07T13:51:01.194890+00:00 [queued]>
[2026-02-07T13:51:02.713+0000] {taskinstance.py:2170} INFO - Starting attempt 1 of 1
[2026-02-07T13:51:02.717+0000] {taskinstance.py:2191} INFO - Executing <Task(BashOperator): generate_spotify_data> on 2026-02-07 13:51:01.194890+00:00
[2026-02-07T13:51:02.721+0000] {standard_task_runner.py:60} INFO - Started process 5782 to run task
[2026-02-07T13:51:02.723+0000] {standard_task_runner.py:87} INFO - Running: ['***', 'tasks', 'run', '***_dbt_spotify_pipeline', 'generate_spotify_data', 'manual__2026-02-07T13:51:01.194890+00:00', '--job-id', '20', '--raw', '--subdir', 'DAGS_FOLDER/sportify_pipeline_dag.py', '--cfg-path', '/tmp/tmpebbf_zpt']
[2026-02-07T13:51:02.725+0000] {standard_task_runner.py:88} INFO - Job 20: Subtask generate_spotify_data
[2026-02-07T13:51:02.751+0000] {task_command.py:423} INFO - Running <TaskInstance: airflow_dbt_spotify_pipeline.generate_spotify_data manual__2026-02-07T13:51:01.194890+00:00 [running]> on host 47d76e1ca2e6
[2026-02-07T13:51:02.791+0000] {taskinstance.py:2480} INFO - Exporting env vars: AIRFLOW_CTX_DAG_OWNER='***' AIRFLOW_CTX_DAG_ID='***_dbt_spotify_pipeline' AIRFLOW_CTX_TASK_ID='generate_spotify_data' AIRFLOW_CTX_EXECUTION_DATE='2026-02-07T13:51:01.194890+00:00' AIRFLOW_CTX_TRY_NUMBER='1' AIRFLOW_CTX_DAG_RUN_ID='manual__2026-02-07T13:51:01.194890+00:00'
[2026-02-07T13:51:02.792+0000] {subprocess.py:63} INFO - Tmp dir root location: /tmp
[2026-02-07T13:51:02.793+0000] {subprocess.py:75} INFO - Running command: ['/usr/bin/bash', '-c', 'python /opt/***/include/row_data_generation/extract_spotify_data.py']
[2026-02-07T13:51:02.799+0000] {subprocess.py:86} INFO - Output:
[2026-02-07T13:51:02.958+0000] {subprocess.py:93} INFO - 2026-02-07 13:51:02,958 [INFO] Found 7 artist IDs and 48 track IDs.
[2026-02-07T13:51:02.959+0000] {subprocess.py:93} INFO - 2026-02-07 13:51:02,958 [INFO] Step 1: Fetching artists data from Spotify API...
[2026-02-07T13:51:03.812+0000] {subprocess.py:93} INFO - 2026-02-07 13:51:03,811 [INFO] Fetched 7 artists successfully.
[2026-02-07T13:51:03.814+0000] {subprocess.py:93} INFO - 2026-02-07 13:51:03,812 [INFO] Fetching tracks data from Spotify API...
[2026-02-07T13:51:04.901+0000] {subprocess.py:93} INFO - 2026-02-07 13:51:04,900 [INFO] Fetched 48 tracks successfully.
[2026-02-07T13:51:04.907+0000] {subprocess.py:93} INFO - 2026-02-07 13:51:04,900 [INFO] Step 2: Uploading artists data to MinIO...
[2026-02-07T13:51:04.909+0000] {subprocess.py:93} INFO - 2026-02-07 13:51:04,901 [INFO] Starting MinIO upload process...
[2026-02-07T13:51:04.992+0000] {subprocess.py:93} INFO - 2026-02-07 13:51:04,992 [INFO] S3 client created for endpoint 'minio:9000' (secure=False).
[2026-02-07T13:51:04.999+0000] {subprocess.py:93} INFO - 2026-02-07 13:51:04,999 [INFO] MinIO bucket 'row-data' already exists.
[2026-02-07T13:51:04.999+0000] {subprocess.py:93} INFO - 2026-02-07 13:51:04,999 [INFO] Bucket 'row-data' verified/created.
[2026-02-07T13:51:05.008+0000] {subprocess.py:93} INFO - 2026-02-07 13:51:05,008 [INFO] Uploaded 'artists' JSON to MinIO bucket 'row-data' at 'spotify_data/artists_2026-02-07.json'.
[2026-02-07T13:51:05.008+0000] {subprocess.py:93} INFO - 2026-02-07 13:51:05,008 [INFO] Artists data uploaded successfully to 'spotify_data/artists_2026-02-07.json'
[2026-02-07T13:51:05.008+0000] {subprocess.py:93} INFO - 2026-02-07 13:51:05,008 [INFO] Uploading tracks data to MinIO...
[2026-02-07T13:51:05.008+0000] {subprocess.py:93} INFO - 2026-02-07 13:51:05,008 [INFO] Starting MinIO upload process...
[2026-02-07T13:51:05.010+0000] {subprocess.py:93} INFO - 2026-02-07 13:51:05,010 [INFO] S3 client created for endpoint 'minio:9000' (secure=False).
[2026-02-07T13:51:05.012+0000] {subprocess.py:93} INFO - 2026-02-07 13:51:05,012 [INFO] MinIO bucket 'row-data' already exists.
[2026-02-07T13:51:05.012+0000] {subprocess.py:93} INFO - 2026-02-07 13:51:05,012 [INFO] Bucket 'row-data' verified/created.
[2026-02-07T13:51:05.028+0000] {subprocess.py:93} INFO - 2026-02-07 13:51:05,028 [INFO] Uploaded 'tracks' JSON to MinIO bucket 'row-data' at 'spotify_data/tracks_2026-02-07.json'.
[2026-02-07T13:51:05.028+0000] {subprocess.py:93} INFO - 2026-02-07 13:51:05,028 [INFO] Tracks data uploaded successfully to 'spotify_data/tracks_2026-02-07.json'
[2026-02-07T13:51:05.062+0000] {subprocess.py:97} INFO - Command exited with return code 0
[2026-02-07T13:51:05.079+0000] {taskinstance.py:1138} INFO - Marking task as SUCCESS. dag_id=***_dbt_spotify_pipeline, task_id=generate_spotify_data, execution_date=20260207T135101, start_date=20260207T135102, end_date=20260207T135105
[2026-02-07T13:51:05.122+0000] {local_task_job_runner.py:234} INFO - Task exited with return code 0
[2026-02-07T13:51:05.132+0000] {taskinstance.py:3280} INFO - 0 downstream tasks scheduled from follow-on schedule check
