[2026-02-08T13:13:32.296+0000] {taskinstance.py:1956} INFO - Dependencies all met for dep_context=non-requeueable deps ti=<TaskInstance: airflow_dbt_spotify_pipeline.modelling manual__2026-02-08T13:13:21.107572+00:00 [queued]>
[2026-02-08T13:13:32.299+0000] {taskinstance.py:1956} INFO - Dependencies all met for dep_context=requeueable deps ti=<TaskInstance: airflow_dbt_spotify_pipeline.modelling manual__2026-02-08T13:13:21.107572+00:00 [queued]>
[2026-02-08T13:13:32.300+0000] {taskinstance.py:2170} INFO - Starting attempt 1 of 2
[2026-02-08T13:13:32.305+0000] {taskinstance.py:2191} INFO - Executing <Task(BashOperator): modelling> on 2026-02-08 13:13:21.107572+00:00
[2026-02-08T13:13:32.309+0000] {standard_task_runner.py:60} INFO - Started process 846 to run task
[2026-02-08T13:13:32.311+0000] {standard_task_runner.py:87} INFO - Running: ['***', 'tasks', 'run', '***_dbt_spotify_pipeline', 'modelling', 'manual__2026-02-08T13:13:21.107572+00:00', '--job-id', '374', '--raw', '--subdir', 'DAGS_FOLDER/sportify_pipeline_dag.py', '--cfg-path', '/tmp/tmpzae84efp']
[2026-02-08T13:13:32.312+0000] {standard_task_runner.py:88} INFO - Job 374: Subtask modelling
[2026-02-08T13:13:32.337+0000] {task_command.py:423} INFO - Running <TaskInstance: airflow_dbt_spotify_pipeline.modelling manual__2026-02-08T13:13:21.107572+00:00 [running]> on host 3343c7c174ef
[2026-02-08T13:13:32.385+0000] {taskinstance.py:2480} INFO - Exporting env vars: AIRFLOW_CTX_DAG_EMAIL='edison@inkomoko.com' AIRFLOW_CTX_DAG_OWNER='INKOMOKO' AIRFLOW_CTX_DAG_ID='***_dbt_spotify_pipeline' AIRFLOW_CTX_TASK_ID='modelling' AIRFLOW_CTX_EXECUTION_DATE='2026-02-08T13:13:21.107572+00:00' AIRFLOW_CTX_TRY_NUMBER='1' AIRFLOW_CTX_DAG_RUN_ID='manual__2026-02-08T13:13:21.107572+00:00'
[2026-02-08T13:13:32.386+0000] {subprocess.py:63} INFO - Tmp dir root location: /tmp
[2026-02-08T13:13:32.386+0000] {subprocess.py:75} INFO - Running command: ['/usr/bin/bash', '-c', 'dbt deps && dbt run --select path:models --target dev']
[2026-02-08T13:13:32.392+0000] {subprocess.py:86} INFO - Output:
[2026-02-08T13:13:33.353+0000] {subprocess.py:93} INFO - [0m13:13:33  Running with dbt=1.11.3
[2026-02-08T13:13:34.092+0000] {subprocess.py:93} INFO - [0m13:13:34  Installing dbt-labs/dbt_utils
[2026-02-08T13:13:35.241+0000] {subprocess.py:93} INFO - [0m13:13:35  Installed from version 1.1.1
[2026-02-08T13:13:35.242+0000] {subprocess.py:93} INFO - [0m13:13:35  Updated version available: 1.3.3
[2026-02-08T13:13:35.243+0000] {subprocess.py:93} INFO - [0m13:13:35
[2026-02-08T13:13:35.246+0000] {subprocess.py:93} INFO - [0m13:13:35  Updates available for packages: ['dbt-labs/dbt_utils']
[2026-02-08T13:13:35.247+0000] {subprocess.py:93} INFO - Update your versions in packages.yml, then run dbt deps
[2026-02-08T13:13:36.272+0000] {subprocess.py:93} INFO - [0m13:13:36  Running with dbt=1.11.3
[2026-02-08T13:13:36.395+0000] {subprocess.py:93} INFO - [0m13:13:36  Registered adapter: postgres=1.10.0
[2026-02-08T13:13:36.709+0000] {subprocess.py:93} INFO - [0m13:13:36  Found 4 models, 42 data tests, 3 sources, 579 macros
[2026-02-08T13:13:36.711+0000] {subprocess.py:93} INFO - [0m13:13:36
[2026-02-08T13:13:36.712+0000] {subprocess.py:93} INFO - [0m13:13:36  Concurrency: 10 threads (target='dev')
[2026-02-08T13:13:36.712+0000] {subprocess.py:93} INFO - [0m13:13:36
[2026-02-08T13:13:36.789+0000] {subprocess.py:93} INFO - [0m13:13:36  1 of 4 START sql table model mart.mart_album_performance ....................... [RUN]
[2026-02-08T13:13:36.789+0000] {subprocess.py:93} INFO - [0m13:13:36  2 of 4 START sql table model mart.mart_artist_performance ...................... [RUN]
[2026-02-08T13:13:36.789+0000] {subprocess.py:93} INFO - [0m13:13:36  3 of 4 START sql table model mart.mart_catalog_overview ........................ [RUN]
[2026-02-08T13:13:36.790+0000] {subprocess.py:93} INFO - [0m13:13:36  4 of 4 START sql table model mart.mart_track_performance ....................... [RUN]
[2026-02-08T13:13:36.960+0000] {subprocess.py:93} INFO - [0m13:13:36  2 of 4 OK created sql table model mart.mart_artist_performance ................. [[32mSELECT 9[0m in 0.17s]
[2026-02-08T13:13:36.961+0000] {subprocess.py:93} INFO - [0m13:13:36  3 of 4 OK created sql table model mart.mart_catalog_overview ................... [[32mSELECT 1[0m in 0.17s]
[2026-02-08T13:13:36.961+0000] {subprocess.py:93} INFO - [0m13:13:36  4 of 4 OK created sql table model mart.mart_track_performance .................. [[32mSELECT 48[0m in 0.17s]
[2026-02-08T13:13:36.962+0000] {subprocess.py:93} INFO - [0m13:13:36  1 of 4 OK created sql table model mart.mart_album_performance .................. [[32mSELECT 29[0m in 0.17s]
[2026-02-08T13:13:36.977+0000] {subprocess.py:93} INFO - [0m13:13:36
[2026-02-08T13:13:36.977+0000] {subprocess.py:93} INFO - [0m13:13:36  Finished running 4 table models in 0 hours 0 minutes and 0.26 seconds (0.26s).
[2026-02-08T13:13:37.015+0000] {subprocess.py:93} INFO - [0m13:13:37
[2026-02-08T13:13:37.016+0000] {subprocess.py:93} INFO - [0m13:13:37  [32mCompleted successfully[0m
[2026-02-08T13:13:37.016+0000] {subprocess.py:93} INFO - [0m13:13:37
[2026-02-08T13:13:37.016+0000] {subprocess.py:93} INFO - [0m13:13:37  Done. PASS=4 WARN=0 ERROR=0 SKIP=0 NO-OP=0 TOTAL=4
[2026-02-08T13:13:37.150+0000] {subprocess.py:97} INFO - Command exited with return code 0
[2026-02-08T13:13:37.177+0000] {taskinstance.py:1138} INFO - Marking task as SUCCESS. dag_id=***_dbt_spotify_pipeline, task_id=modelling, execution_date=20260208T131321, start_date=20260208T131332, end_date=20260208T131337
[2026-02-08T13:13:37.211+0000] {local_task_job_runner.py:234} INFO - Task exited with return code 0
[2026-02-08T13:13:37.230+0000] {taskinstance.py:3280} INFO - 0 downstream tasks scheduled from follow-on schedule check
