[2026-02-07T18:33:52.649+0000] {taskinstance.py:1956} INFO - Dependencies all met for dep_context=non-requeueable deps ti=<TaskInstance: airflow_dbt_spotify_pipeline.generate_spotify_data manual__2026-02-07T18:33:52.040717+00:00 [queued]>
[2026-02-07T18:33:52.653+0000] {taskinstance.py:1956} INFO - Dependencies all met for dep_context=requeueable deps ti=<TaskInstance: airflow_dbt_spotify_pipeline.generate_spotify_data manual__2026-02-07T18:33:52.040717+00:00 [queued]>
[2026-02-07T18:33:52.653+0000] {taskinstance.py:2170} INFO - Starting attempt 1 of 1
[2026-02-07T18:33:52.661+0000] {taskinstance.py:2191} INFO - Executing <Task(BashOperator): generate_spotify_data> on 2026-02-07 18:33:52.040717+00:00
[2026-02-07T18:33:52.665+0000] {standard_task_runner.py:60} INFO - Started process 984 to run task
[2026-02-07T18:33:52.668+0000] {standard_task_runner.py:87} INFO - Running: ['***', 'tasks', 'run', '***_dbt_spotify_pipeline', 'generate_spotify_data', 'manual__2026-02-07T18:33:52.040717+00:00', '--job-id', '59', '--raw', '--subdir', 'DAGS_FOLDER/sportify_pipeline_dag.py', '--cfg-path', '/tmp/tmpzp2e0nuv']
[2026-02-07T18:33:52.669+0000] {standard_task_runner.py:88} INFO - Job 59: Subtask generate_spotify_data
[2026-02-07T18:33:52.704+0000] {task_command.py:423} INFO - Running <TaskInstance: airflow_dbt_spotify_pipeline.generate_spotify_data manual__2026-02-07T18:33:52.040717+00:00 [running]> on host 778b8342bcc9
[2026-02-07T18:33:52.753+0000] {taskinstance.py:2480} INFO - Exporting env vars: AIRFLOW_CTX_DAG_OWNER='***' AIRFLOW_CTX_DAG_ID='***_dbt_spotify_pipeline' AIRFLOW_CTX_TASK_ID='generate_spotify_data' AIRFLOW_CTX_EXECUTION_DATE='2026-02-07T18:33:52.040717+00:00' AIRFLOW_CTX_TRY_NUMBER='1' AIRFLOW_CTX_DAG_RUN_ID='manual__2026-02-07T18:33:52.040717+00:00'
[2026-02-07T18:33:52.755+0000] {subprocess.py:63} INFO - Tmp dir root location: /tmp
[2026-02-07T18:33:52.755+0000] {subprocess.py:75} INFO - Running command: ['/usr/bin/bash', '-c', 'python /opt/***/dags/include/row_data_generation/extract_spotify_data.py']
[2026-02-07T18:33:52.762+0000] {subprocess.py:86} INFO - Output:
[2026-02-07T18:33:54.018+0000] {subprocess.py:93} INFO - [[34m2026-02-07T18:33:54.015+0000[0m] {[34mextract_spotify_data.py:[0m205} INFO[0m - Found 7 artist IDs and 48 track IDs.[0m
[2026-02-07T18:33:54.021+0000] {subprocess.py:93} INFO - [[34m2026-02-07T18:33:54.018+0000[0m] {[34mextract_spotify_data.py:[0m208} INFO[0m - Step 1: Fetching artists data from Spotify API...[0m
[2026-02-07T18:33:54.022+0000] {subprocess.py:93} INFO - [[34m2026-02-07T18:33:54.018+0000[0m] {[34mextract_spotify_data.py:[0m61} INFO[0m - Start Pulling Artists data at https://api.spotify.com/v1/artists?ids=4iHNK0tOyZPYnBU7nGAgpQ,5lpH0xAS4fVfLkACg9DAuM,4cPHsZM98sKzmV26wlwD2W,1GxkXlMwML1oSg5eLPiAz3,66CXWjxzNUsdJxJ2JdwvnR,0sgV4klGs1Y1dgbBi28JlD,7fAKtXSdNInWAIf0jVUz65[0m
[2026-02-07T18:33:54.816+0000] {subprocess.py:93} INFO - [[34m2026-02-07T18:33:54.814+0000[0m] {[34mextract_spotify_data.py:[0m211} INFO[0m - Fetched 7 artists successfully.[0m
[2026-02-07T18:33:54.819+0000] {subprocess.py:93} INFO - [[34m2026-02-07T18:33:54.815+0000[0m] {[34mextract_spotify_data.py:[0m217} INFO[0m - Fetching tracks data from Spotify API...[0m
[2026-02-07T18:33:54.820+0000] {subprocess.py:93} INFO - [[34m2026-02-07T18:33:54.816+0000[0m] {[34mextract_spotify_data.py:[0m94} INFO[0m - Start Pulling Tracks data at https://api.spotify.com/v1/tracks?ids=0bYg9bo50gSsH3LtXe2SQn,3PIDciSFdrQxSQSihim3hN,5EGPf0nqO7vEIwsOX6Er98,4EI8VuxUuIHKfafU72emqz,3RSpK5Y0y5tl25qvssrwJ6,6xkryXuiZU360Lngd4sx13,1f2lkuLldqRzvaFjJdjGXX,2VkuxjlbnbaBiWYpdBGVol,1IUtgwxLYzDVd41EgbKUjX,3B7FO3kJ5kv3mX7yiaB7sT,2FRnf9qhLbvw8fu4IBXx78,0ikz6tENMONtK6qGkOrU3c,5Qicor4jFNgZQxSf6UxEzw,5hXEcqQhEjfZdbIZLO8mf2,73OZT1XgLleDwperqGjWH4,6tASfEUyB7lE2r6DLzURji,0PhU6i6Kei6x0CH3jocvA3,2gG7E5OZi5D5QLRIctv63z,54ujCgwE4qTm8iRFmw0S5j,5AhRNIjYPBleR1lfHphcrE,2EjXfH91m7f8HiJN1yQg97,09OojFvtrM9YRzRjnXqJjA,6yBdCzVK3vP8uDfkLGS8E9,0MKnGJzNdEqOscI6xu9R3m,6Eh1XqjaOX2BVL0hVCnwb0,60jQTAr2OkFcV4SWSRz3st,7xrpNuqDgFlf10X93CwixY,5JccvAiwcZ7n3urnXqWPsG,4LJcNiq2pBb8OeqrGdBJQw,2oGrSrg08RVLHeqFH1eaHZ,3it2BvJfyhPEWF3kD2TZJ1,6rqn19AqjcM5wgI1hCYciJ,5dLwdEJAFzjQbeRrDL5uzo,0zLmRVBlZJ3IJTkChSXkBp,27fIrMVmHLxP2Hot6qVxsy,47CctmFYrX4htszDZCVaLM,1FZP4hpT4iuLaOb5HpriLq,2rMK6uQxoSGYWOXtzPUY4Z,19fbN84F5YHDyv8dyTbCO8,2368r2D53RhpfIlLBHAXLl,0lizgQ7Qw35od7CYaoMBZb,51ZQ1vr10ffzbwIjDCwqm4,2O3MQ6H3gjrIWDcpeTrikT,1oFAF1hdPOickyHgbuRjyX,76FZM38RC8XaAjJ77CVTNe,7xoUc6faLbCqZO6fQEYprd,6ocbgoVGwYJhOv1GgI9NsF,44ONERBHALxftQNWq6dmyd[0m
[2026-02-07T18:33:55.685+0000] {subprocess.py:93} INFO - [[34m2026-02-07T18:33:55.684+0000[0m] {[34mextract_spotify_data.py:[0m221} INFO[0m - Fetched 48 tracks successfully.[0m
[2026-02-07T18:33:55.685+0000] {subprocess.py:93} INFO - [[34m2026-02-07T18:33:55.684+0000[0m] {[34mextract_spotify_data.py:[0m232} INFO[0m - Step 2: Uploading artists data to MinIO...[0m
[2026-02-07T18:33:55.685+0000] {subprocess.py:93} INFO - [[34m2026-02-07T18:33:55.685+0000[0m] {[34mextract_spotify_data.py:[0m145} INFO[0m - Starting MinIO upload process...[0m
[2026-02-07T18:33:55.752+0000] {subprocess.py:93} INFO - [[34m2026-02-07T18:33:55.752+0000[0m] {[34mextract_spotify_data.py:[0m163} INFO[0m - S3 client created for endpoint 'minio:9000' (secure=False).[0m
[2026-02-07T18:33:55.760+0000] {subprocess.py:93} INFO - [[34m2026-02-07T18:33:55.760+0000[0m] {[34mextract_spotify_data.py:[0m123} INFO[0m - MinIO bucket 'row-data' already exists.[0m
[2026-02-07T18:33:55.761+0000] {subprocess.py:93} INFO - [[34m2026-02-07T18:33:55.760+0000[0m] {[34mextract_spotify_data.py:[0m167} INFO[0m - Bucket 'row-data' verified/created.[0m
[2026-02-07T18:33:55.772+0000] {subprocess.py:93} INFO - [[34m2026-02-07T18:33:55.772+0000[0m] {[34mextract_spotify_data.py:[0m180} INFO[0m - Uploaded 'artists' JSON to MinIO bucket 'row-data' at 'spotify_data/artists/artists_2026-02-07.json'.[0m
[2026-02-07T18:33:55.773+0000] {subprocess.py:93} INFO - [[34m2026-02-07T18:33:55.772+0000[0m] {[34mextract_spotify_data.py:[0m241} INFO[0m - Artists data uploaded successfully to 'spotify_data/artists/artists_2026-02-07.json'[0m
[2026-02-07T18:33:55.773+0000] {subprocess.py:93} INFO - [[34m2026-02-07T18:33:55.772+0000[0m] {[34mextract_spotify_data.py:[0m250} INFO[0m - Uploading tracks data to MinIO...[0m
[2026-02-07T18:33:55.774+0000] {subprocess.py:93} INFO - [[34m2026-02-07T18:33:55.772+0000[0m] {[34mextract_spotify_data.py:[0m145} INFO[0m - Starting MinIO upload process...[0m
[2026-02-07T18:33:55.775+0000] {subprocess.py:93} INFO - [[34m2026-02-07T18:33:55.775+0000[0m] {[34mextract_spotify_data.py:[0m163} INFO[0m - S3 client created for endpoint 'minio:9000' (secure=False).[0m
[2026-02-07T18:33:55.778+0000] {subprocess.py:93} INFO - [[34m2026-02-07T18:33:55.778+0000[0m] {[34mextract_spotify_data.py:[0m123} INFO[0m - MinIO bucket 'row-data' already exists.[0m
[2026-02-07T18:33:55.778+0000] {subprocess.py:93} INFO - [[34m2026-02-07T18:33:55.778+0000[0m] {[34mextract_spotify_data.py:[0m167} INFO[0m - Bucket 'row-data' verified/created.[0m
[2026-02-07T18:33:55.800+0000] {subprocess.py:93} INFO - [[34m2026-02-07T18:33:55.799+0000[0m] {[34mextract_spotify_data.py:[0m180} INFO[0m - Uploaded 'tracks' JSON to MinIO bucket 'row-data' at 'spotify_data/tracks/tracks_2026-02-07.json'.[0m
[2026-02-07T18:33:55.801+0000] {subprocess.py:93} INFO - [[34m2026-02-07T18:33:55.800+0000[0m] {[34mextract_spotify_data.py:[0m260} INFO[0m - Tracks data uploaded successfully to 'spotify_data/tracks/tracks_2026-02-07.json'[0m
[2026-02-07T18:33:55.956+0000] {subprocess.py:97} INFO - Command exited with return code 0
[2026-02-07T18:33:55.985+0000] {taskinstance.py:1138} INFO - Marking task as SUCCESS. dag_id=***_dbt_spotify_pipeline, task_id=generate_spotify_data, execution_date=20260207T183352, start_date=20260207T183352, end_date=20260207T183355
[2026-02-07T18:33:56.032+0000] {local_task_job_runner.py:234} INFO - Task exited with return code 0
[2026-02-07T18:33:56.072+0000] {taskinstance.py:3280} INFO - 1 downstream tasks scheduled from follow-on schedule check
