[2026-02-08T09:40:06.698+0000] {taskinstance.py:1956} INFO - Dependencies all met for dep_context=non-requeueable deps ti=<TaskInstance: airflow_dbt_spotify_pipeline.generate_spotify_data manual__2026-02-08T09:40:05.980959+00:00 [queued]>
[2026-02-08T09:40:06.701+0000] {taskinstance.py:1956} INFO - Dependencies all met for dep_context=requeueable deps ti=<TaskInstance: airflow_dbt_spotify_pipeline.generate_spotify_data manual__2026-02-08T09:40:05.980959+00:00 [queued]>
[2026-02-08T09:40:06.702+0000] {taskinstance.py:2170} INFO - Starting attempt 1 of 2
[2026-02-08T09:40:06.708+0000] {taskinstance.py:2191} INFO - Executing <Task(BashOperator): generate_spotify_data> on 2026-02-08 09:40:05.980959+00:00
[2026-02-08T09:40:06.712+0000] {standard_task_runner.py:60} INFO - Started process 509 to run task
[2026-02-08T09:40:06.714+0000] {standard_task_runner.py:87} INFO - Running: ['***', 'tasks', 'run', '***_dbt_spotify_pipeline', 'generate_spotify_data', 'manual__2026-02-08T09:40:05.980959+00:00', '--job-id', '243', '--raw', '--subdir', 'DAGS_FOLDER/sportify_pipeline_dag.py', '--cfg-path', '/tmp/tmp2k462h3z']
[2026-02-08T09:40:06.715+0000] {standard_task_runner.py:88} INFO - Job 243: Subtask generate_spotify_data
[2026-02-08T09:40:06.739+0000] {task_command.py:423} INFO - Running <TaskInstance: airflow_dbt_spotify_pipeline.generate_spotify_data manual__2026-02-08T09:40:05.980959+00:00 [running]> on host 63d90b64f023
[2026-02-08T09:40:06.789+0000] {taskinstance.py:2480} INFO - Exporting env vars: AIRFLOW_CTX_DAG_EMAIL='edison@inkomoko.com' AIRFLOW_CTX_DAG_OWNER='INKOMOKO' AIRFLOW_CTX_DAG_ID='***_dbt_spotify_pipeline' AIRFLOW_CTX_TASK_ID='generate_spotify_data' AIRFLOW_CTX_EXECUTION_DATE='2026-02-08T09:40:05.980959+00:00' AIRFLOW_CTX_TRY_NUMBER='1' AIRFLOW_CTX_DAG_RUN_ID='manual__2026-02-08T09:40:05.980959+00:00'
[2026-02-08T09:40:06.790+0000] {subprocess.py:63} INFO - Tmp dir root location: /tmp
[2026-02-08T09:40:06.791+0000] {subprocess.py:75} INFO - Running command: ['/usr/bin/bash', '-c', 'python /opt/***/dags/include/row_data_generation/extract_spotify_data.py']
[2026-02-08T09:40:06.798+0000] {subprocess.py:86} INFO - Output:
[2026-02-08T09:40:07.516+0000] {subprocess.py:93} INFO - [[34m2026-02-08T09:40:07.515+0000[0m] {[34mextract_spotify_data.py:[0m205} INFO[0m - Found 7 artist IDs and 48 track IDs.[0m
[2026-02-08T09:40:07.517+0000] {subprocess.py:93} INFO - [[34m2026-02-08T09:40:07.516+0000[0m] {[34mextract_spotify_data.py:[0m208} INFO[0m - Step 1: Fetching artists data from Spotify API...[0m
[2026-02-08T09:40:07.517+0000] {subprocess.py:93} INFO - [[34m2026-02-08T09:40:07.517+0000[0m] {[34mextract_spotify_data.py:[0m61} INFO[0m - Start Pulling Artists data at https://api.spotify.com/v1/artists?ids=4iHNK0tOyZPYnBU7nGAgpQ,5lpH0xAS4fVfLkACg9DAuM,4cPHsZM98sKzmV26wlwD2W,1GxkXlMwML1oSg5eLPiAz3,66CXWjxzNUsdJxJ2JdwvnR,0sgV4klGs1Y1dgbBi28JlD,7fAKtXSdNInWAIf0jVUz65[0m
[2026-02-08T09:40:08.229+0000] {subprocess.py:93} INFO - [[34m2026-02-08T09:40:08.228+0000[0m] {[34mextract_spotify_data.py:[0m66} ERROR[0m - Failed to fetch tracks data. Status code: 401, Response: {
[2026-02-08T09:40:08.230+0000] {subprocess.py:93} INFO -   "error": {
[2026-02-08T09:40:08.231+0000] {subprocess.py:93} INFO -     "status": 401,
[2026-02-08T09:40:08.232+0000] {subprocess.py:93} INFO -     "message": "The access token expired"
[2026-02-08T09:40:08.233+0000] {subprocess.py:93} INFO -   }
[2026-02-08T09:40:08.234+0000] {subprocess.py:93} INFO - }[0m
[2026-02-08T09:40:08.234+0000] {subprocess.py:93} INFO - [[34m2026-02-08T09:40:08.228+0000[0m] {[34mextract_spotify_data.py:[0m74} ERROR[0m - Error Occured While trying to fetch data for artists: Spotify API request for pulling artist data failed with status code 401[0m
[2026-02-08T09:40:08.235+0000] {subprocess.py:93} INFO - [[34m2026-02-08T09:40:08.229+0000[0m] {[34mextract_spotify_data.py:[0m214} ERROR[0m - Failed to fetch artists data: Error Occured While trying to fetch data for artists[0m
[2026-02-08T09:40:08.236+0000] {subprocess.py:93} INFO - [[34m2026-02-08T09:40:08.232+0000[0m] {[34mextract_spotify_data.py:[0m217} INFO[0m - Fetching tracks data from Spotify API...[0m
[2026-02-08T09:40:08.237+0000] {subprocess.py:93} INFO - [[34m2026-02-08T09:40:08.233+0000[0m] {[34mextract_spotify_data.py:[0m94} INFO[0m - Start Pulling Tracks data at https://api.spotify.com/v1/tracks?ids=0bYg9bo50gSsH3LtXe2SQn,3PIDciSFdrQxSQSihim3hN,5EGPf0nqO7vEIwsOX6Er98,4EI8VuxUuIHKfafU72emqz,3RSpK5Y0y5tl25qvssrwJ6,6xkryXuiZU360Lngd4sx13,1f2lkuLldqRzvaFjJdjGXX,2VkuxjlbnbaBiWYpdBGVol,1IUtgwxLYzDVd41EgbKUjX,3B7FO3kJ5kv3mX7yiaB7sT,2FRnf9qhLbvw8fu4IBXx78,0ikz6tENMONtK6qGkOrU3c,5Qicor4jFNgZQxSf6UxEzw,5hXEcqQhEjfZdbIZLO8mf2,73OZT1XgLleDwperqGjWH4,6tASfEUyB7lE2r6DLzURji,0PhU6i6Kei6x0CH3jocvA3,2gG7E5OZi5D5QLRIctv63z,54ujCgwE4qTm8iRFmw0S5j,5AhRNIjYPBleR1lfHphcrE,2EjXfH91m7f8HiJN1yQg97,09OojFvtrM9YRzRjnXqJjA,6yBdCzVK3vP8uDfkLGS8E9,0MKnGJzNdEqOscI6xu9R3m,6Eh1XqjaOX2BVL0hVCnwb0,60jQTAr2OkFcV4SWSRz3st,7xrpNuqDgFlf10X93CwixY,5JccvAiwcZ7n3urnXqWPsG,4LJcNiq2pBb8OeqrGdBJQw,2oGrSrg08RVLHeqFH1eaHZ,3it2BvJfyhPEWF3kD2TZJ1,6rqn19AqjcM5wgI1hCYciJ,5dLwdEJAFzjQbeRrDL5uzo,0zLmRVBlZJ3IJTkChSXkBp,27fIrMVmHLxP2Hot6qVxsy,47CctmFYrX4htszDZCVaLM,1FZP4hpT4iuLaOb5HpriLq,2rMK6uQxoSGYWOXtzPUY4Z,19fbN84F5YHDyv8dyTbCO8,2368r2D53RhpfIlLBHAXLl,0lizgQ7Qw35od7CYaoMBZb,51ZQ1vr10ffzbwIjDCwqm4,2O3MQ6H3gjrIWDcpeTrikT,1oFAF1hdPOickyHgbuRjyX,76FZM38RC8XaAjJ77CVTNe,7xoUc6faLbCqZO6fQEYprd,6ocbgoVGwYJhOv1GgI9NsF,44ONERBHALxftQNWq6dmyd[0m
[2026-02-08T09:40:18.250+0000] {subprocess.py:93} INFO - [[34m2026-02-08T09:40:18.248+0000[0m] {[34mextract_spotify_data.py:[0m106} ERROR[0m - Error Occured While trying to fetch data for artists: HTTPSConnectionPool(host='api.spotify.com', port=443): Max retries exceeded with url: /v1/tracks?ids=0bYg9bo50gSsH3LtXe2SQn,3PIDciSFdrQxSQSihim3hN,5EGPf0nqO7vEIwsOX6Er98,4EI8VuxUuIHKfafU72emqz,3RSpK5Y0y5tl25qvssrwJ6,6xkryXuiZU360Lngd4sx13,1f2lkuLldqRzvaFjJdjGXX,2VkuxjlbnbaBiWYpdBGVol,1IUtgwxLYzDVd41EgbKUjX,3B7FO3kJ5kv3mX7yiaB7sT,2FRnf9qhLbvw8fu4IBXx78,0ikz6tENMONtK6qGkOrU3c,5Qicor4jFNgZQxSf6UxEzw,5hXEcqQhEjfZdbIZLO8mf2,73OZT1XgLleDwperqGjWH4,6tASfEUyB7lE2r6DLzURji,0PhU6i6Kei6x0CH3jocvA3,2gG7E5OZi5D5QLRIctv63z,54ujCgwE4qTm8iRFmw0S5j,5AhRNIjYPBleR1lfHphcrE,2EjXfH91m7f8HiJN1yQg97,09OojFvtrM9YRzRjnXqJjA,6yBdCzVK3vP8uDfkLGS8E9,0MKnGJzNdEqOscI6xu9R3m,6Eh1XqjaOX2BVL0hVCnwb0,60jQTAr2OkFcV4SWSRz3st,7xrpNuqDgFlf10X93CwixY,5JccvAiwcZ7n3urnXqWPsG,4LJcNiq2pBb8OeqrGdBJQw,2oGrSrg08RVLHeqFH1eaHZ,3it2BvJfyhPEWF3kD2TZJ1,6rqn19AqjcM5wgI1hCYciJ,5dLwdEJAFzjQbeRrDL5uzo,0zLmRVBlZJ3IJTkChSXkBp,27fIrMVmHLxP2Hot6qVxsy,47CctmFYrX4htszDZCVaLM,1FZP4hpT4iuLaOb5HpriLq,2rMK6uQxoSGYWOXtzPUY4Z,19fbN84F5YHDyv8dyTbCO8,2368r2D53RhpfIlLBHAXLl,0lizgQ7Qw35od7CYaoMBZb,51ZQ1vr10ffzbwIjDCwqm4,2O3MQ6H3gjrIWDcpeTrikT,1oFAF1hdPOickyHgbuRjyX,76FZM38RC8XaAjJ77CVTNe,7xoUc6faLbCqZO6fQEYprd,6ocbgoVGwYJhOv1GgI9NsF,44ONERBHALxftQNWq6dmyd (Caused by ConnectTimeoutError(<urllib3.connection.HTTPSConnection object at 0xffff82bff010>, 'Connection to api.spotify.com timed out. (connect timeout=10)'))[0m
[2026-02-08T09:40:18.252+0000] {subprocess.py:93} INFO - [[34m2026-02-08T09:40:18.249+0000[0m] {[34mextract_spotify_data.py:[0m224} ERROR[0m - Failed to fetch tracks data: Error Occured While trying to fetch data for artists[0m
[2026-02-08T09:40:18.256+0000] {subprocess.py:93} INFO - [[34m2026-02-08T09:40:18.250+0000[0m] {[34mextract_spotify_data.py:[0m228} CRITICAL[0m - No data extracted from Spotify. Exiting workflow.[0m
[2026-02-08T09:40:18.386+0000] {subprocess.py:97} INFO - Command exited with return code 0
[2026-02-08T09:40:18.404+0000] {taskinstance.py:1138} INFO - Marking task as SUCCESS. dag_id=***_dbt_spotify_pipeline, task_id=generate_spotify_data, execution_date=20260208T094005, start_date=20260208T094006, end_date=20260208T094018
[2026-02-08T09:40:18.432+0000] {local_task_job_runner.py:234} INFO - Task exited with return code 0
[2026-02-08T09:40:18.446+0000] {taskinstance.py:3280} INFO - 1 downstream tasks scheduled from follow-on schedule check
