[2026-02-08T06:07:38.635+0000] {taskinstance.py:1956} INFO - Dependencies all met for dep_context=non-requeueable deps ti=<TaskInstance: airflow_dbt_spotify_pipeline.create_spotify_db_and_staging_tables scheduled__2026-02-07T00:00:00+00:00 [queued]>
[2026-02-08T06:07:38.640+0000] {taskinstance.py:1956} INFO - Dependencies all met for dep_context=requeueable deps ti=<TaskInstance: airflow_dbt_spotify_pipeline.create_spotify_db_and_staging_tables scheduled__2026-02-07T00:00:00+00:00 [queued]>
[2026-02-08T06:07:38.640+0000] {taskinstance.py:2170} INFO - Starting attempt 1 of 1
[2026-02-08T06:07:38.647+0000] {taskinstance.py:2191} INFO - Executing <Task(PostgresOperator): create_spotify_db_and_staging_tables> on 2026-02-07 00:00:00+00:00
[2026-02-08T06:07:38.649+0000] {standard_task_runner.py:60} INFO - Started process 175 to run task
[2026-02-08T06:07:38.652+0000] {standard_task_runner.py:87} INFO - Running: ['***', 'tasks', 'run', '***_dbt_spotify_pipeline', 'create_spotify_db_and_staging_tables', 'scheduled__2026-02-07T00:00:00+00:00', '--job-id', '120', '--raw', '--subdir', 'DAGS_FOLDER/sportify_pipeline_dag.py', '--cfg-path', '/tmp/tmpoqild1b6']
[2026-02-08T06:07:38.653+0000] {standard_task_runner.py:88} INFO - Job 120: Subtask create_spotify_db_and_staging_tables
[2026-02-08T06:07:38.705+0000] {task_command.py:423} INFO - Running <TaskInstance: airflow_dbt_spotify_pipeline.create_spotify_db_and_staging_tables scheduled__2026-02-07T00:00:00+00:00 [running]> on host 359fb843449d
[2026-02-08T06:07:38.917+0000] {taskinstance.py:2480} INFO - Exporting env vars: AIRFLOW_CTX_DAG_OWNER='***' AIRFLOW_CTX_DAG_ID='***_dbt_spotify_pipeline' AIRFLOW_CTX_TASK_ID='create_spotify_db_and_staging_tables' AIRFLOW_CTX_EXECUTION_DATE='2026-02-07T00:00:00+00:00' AIRFLOW_CTX_TRY_NUMBER='1' AIRFLOW_CTX_DAG_RUN_ID='scheduled__2026-02-07T00:00:00+00:00'
[2026-02-08T06:07:38.918+0000] {sql.py:276} INFO - Executing: -- Create schema definition
CREATE SCHEMA IF NOT EXISTS staging;

-- Artists Table

CREATE TABLE IF NOT EXISTS stg_artists (
    artist_id TEXT PRIMARY KEY,
    name TEXT NOT NULL,
    created_at DATE
);

CREATE INDEX IF NOT EXISTS idx_stg_artists_name
ON stg_artists(name);


-- Albums Table
CREATE TABLE IF NOT EXISTS stg_albums (
    album_id TEXT PRIMARY KEY,
    main_artist_id TEXT NOT NULL,
    name TEXT NOT NULL,
    release_date DATE,
    release_date_precision TEXT,
    total_tracks INTEGER CHECK (total_tracks >= 0),
    album_type TEXT NOT NULL,
    created_at DATE,

    CONSTRAINT fk_album_artist
        FOREIGN KEY (main_artist_id)
        REFERENCES stg_artists(artist_id)
        ON DELETE RESTRICT
);

CREATE INDEX IF NOT EXISTS idx_stg_albums
ON stg_albums(release_date);


-- Tracks Table
-- ==============================
CREATE TABLE IF NOT EXISTS stg_tracks (
    track_id TEXT PRIMARY KEY,
    name TEXT NOT NULL,
    artist_id TEXT NOT NULL,
    album_id TEXT NOT NULL,
    popularity INTEGER,
    duration_ms INTEGER CHECK (duration_ms >= 0),
    track_number INTEGER CHECK (track_number >= 1),
    disc_number INTEGER CHECK (disc_number >= 1),
    is_local BOOLEAN NOT NULL,
    created_at DATE,

    CONSTRAINT fk_track_artist
        FOREIGN KEY (artist_id)
        REFERENCES stg_artists(artist_id)
        ON DELETE RESTRICT,

    CONSTRAINT fk_track_album
        FOREIGN KEY (album_id)
        REFERENCES stg_albums(album_id)
        ON DELETE RESTRICT
);
[2026-02-08T06:07:38.929+0000] {base.py:83} INFO - Using connection ID 'postgres_spotify_conn' for task execution.
[2026-02-08T06:07:38.937+0000] {base.py:83} INFO - Using connection ID 'postgres_spotify_conn' for task execution.
[2026-02-08T06:07:38.961+0000] {sql.py:450} INFO - Running statement: -- Create schema definition
CREATE SCHEMA IF NOT EXISTS staging;

-- Artists Table

CREATE TABLE IF NOT EXISTS stg_artists (
    artist_id TEXT PRIMARY KEY,
    name TEXT NOT NULL,
    created_at DATE
);

CREATE INDEX IF NOT EXISTS idx_stg_artists_name
ON stg_artists(name);


-- Albums Table
CREATE TABLE IF NOT EXISTS stg_albums (
    album_id TEXT PRIMARY KEY,
    main_artist_id TEXT NOT NULL,
    name TEXT NOT NULL,
    release_date DATE,
    release_date_precision TEXT,
    total_tracks INTEGER CHECK (total_tracks >= 0),
    album_type TEXT NOT NULL,
    created_at DATE,

    CONSTRAINT fk_album_artist
        FOREIGN KEY (main_artist_id)
        REFERENCES stg_artists(artist_id)
        ON DELETE RESTRICT
);

CREATE INDEX IF NOT EXISTS idx_stg_albums
ON stg_albums(release_date);


-- Tracks Table
-- ==============================
CREATE TABLE IF NOT EXISTS stg_tracks (
    track_id TEXT PRIMARY KEY,
    name TEXT NOT NULL,
    artist_id TEXT NOT NULL,
    album_id TEXT NOT NULL,
    popularity INTEGER,
    duration_ms INTEGER CHECK (duration_ms >= 0),
    track_number INTEGER CHECK (track_number >= 1),
    disc_number INTEGER CHECK (disc_number >= 1),
    is_local BOOLEAN NOT NULL,
    created_at DATE,

    CONSTRAINT fk_track_artist
        FOREIGN KEY (artist_id)
        REFERENCES stg_artists(artist_id)
        ON DELETE RESTRICT,

    CONSTRAINT fk_track_album
        FOREIGN KEY (album_id)
        REFERENCES stg_albums(album_id)
        ON DELETE RESTRICT
);, parameters: None
[2026-02-08T06:07:38.998+0000] {taskinstance.py:1138} INFO - Marking task as SUCCESS. dag_id=***_dbt_spotify_pipeline, task_id=create_spotify_db_and_staging_tables, execution_date=20260207T000000, start_date=20260208T060738, end_date=20260208T060738
[2026-02-08T06:07:39.031+0000] {local_task_job_runner.py:234} INFO - Task exited with return code 0
[2026-02-08T06:07:39.062+0000] {taskinstance.py:3280} INFO - 1 downstream tasks scheduled from follow-on schedule check
