[2026-02-07T14:57:48.001+0000] {taskinstance.py:1956} INFO - Dependencies all met for dep_context=non-requeueable deps ti=<TaskInstance: airflow_dbt_spotify_pipeline.generate_spotify_data manual__2026-02-07T14:57:45.627344+00:00 [queued]>
[2026-02-07T14:57:48.004+0000] {taskinstance.py:1956} INFO - Dependencies all met for dep_context=requeueable deps ti=<TaskInstance: airflow_dbt_spotify_pipeline.generate_spotify_data manual__2026-02-07T14:57:45.627344+00:00 [queued]>
[2026-02-07T14:57:48.004+0000] {taskinstance.py:2170} INFO - Starting attempt 1 of 1
[2026-02-07T14:57:48.013+0000] {taskinstance.py:2191} INFO - Executing <Task(BashOperator): generate_spotify_data> on 2026-02-07 14:57:45.627344+00:00
[2026-02-07T14:57:48.025+0000] {standard_task_runner.py:60} INFO - Started process 7355 to run task
[2026-02-07T14:57:48.028+0000] {standard_task_runner.py:87} INFO - Running: ['***', 'tasks', 'run', '***_dbt_spotify_pipeline', 'generate_spotify_data', 'manual__2026-02-07T14:57:45.627344+00:00', '--job-id', '25', '--raw', '--subdir', 'DAGS_FOLDER/sportify_pipeline_dag.py', '--cfg-path', '/tmp/tmp8_dq2bks']
[2026-02-07T14:57:48.029+0000] {standard_task_runner.py:88} INFO - Job 25: Subtask generate_spotify_data
[2026-02-07T14:57:48.070+0000] {task_command.py:423} INFO - Running <TaskInstance: airflow_dbt_spotify_pipeline.generate_spotify_data manual__2026-02-07T14:57:45.627344+00:00 [running]> on host 47d76e1ca2e6
[2026-02-07T14:57:48.119+0000] {taskinstance.py:2480} INFO - Exporting env vars: AIRFLOW_CTX_DAG_OWNER='***' AIRFLOW_CTX_DAG_ID='***_dbt_spotify_pipeline' AIRFLOW_CTX_TASK_ID='generate_spotify_data' AIRFLOW_CTX_EXECUTION_DATE='2026-02-07T14:57:45.627344+00:00' AIRFLOW_CTX_TRY_NUMBER='1' AIRFLOW_CTX_DAG_RUN_ID='manual__2026-02-07T14:57:45.627344+00:00'
[2026-02-07T14:57:48.121+0000] {subprocess.py:63} INFO - Tmp dir root location: /tmp
[2026-02-07T14:57:48.122+0000] {subprocess.py:75} INFO - Running command: ['/usr/bin/bash', '-c', 'python /opt/***/include/row_data_generation/extract_spotify_data.py']
[2026-02-07T14:57:48.149+0000] {subprocess.py:86} INFO - Output:
[2026-02-07T14:57:48.387+0000] {subprocess.py:93} INFO - 2026-02-07 14:57:48,387 [INFO] Found 7 artist IDs and 48 track IDs.
[2026-02-07T14:57:48.387+0000] {subprocess.py:93} INFO - 2026-02-07 14:57:48,387 [INFO] Step 1: Fetching artists data from Spotify API...
[2026-02-07T14:57:49.198+0000] {subprocess.py:93} INFO - 2026-02-07 14:57:49,197 [INFO] Fetched 7 artists successfully.
[2026-02-07T14:57:49.199+0000] {subprocess.py:93} INFO - 2026-02-07 14:57:49,198 [INFO] Fetching tracks data from Spotify API...
[2026-02-07T14:57:50.161+0000] {subprocess.py:93} INFO - 2026-02-07 14:57:50,160 [INFO] Fetched 48 tracks successfully.
[2026-02-07T14:57:50.161+0000] {subprocess.py:93} INFO - 2026-02-07 14:57:50,160 [INFO] Step 2: Uploading artists data to MinIO...
[2026-02-07T14:57:50.161+0000] {subprocess.py:93} INFO - 2026-02-07 14:57:50,160 [INFO] Starting MinIO upload process...
[2026-02-07T14:57:50.350+0000] {subprocess.py:93} INFO - 2026-02-07 14:57:50,350 [INFO] S3 client created for endpoint 'minio:9000' (secure=False).
[2026-02-07T14:57:50.358+0000] {subprocess.py:93} INFO - 2026-02-07 14:57:50,358 [INFO] MinIO bucket 'row-data' already exists.
[2026-02-07T14:57:50.359+0000] {subprocess.py:93} INFO - 2026-02-07 14:57:50,358 [INFO] Bucket 'row-data' verified/created.
[2026-02-07T14:57:50.369+0000] {subprocess.py:93} INFO - 2026-02-07 14:57:50,369 [INFO] Uploaded 'artists' JSON to MinIO bucket 'row-data' at 'spotify_data/artists/artists_2026-02-07.json'.
[2026-02-07T14:57:50.369+0000] {subprocess.py:93} INFO - 2026-02-07 14:57:50,369 [INFO] Artists data uploaded successfully to 'spotify_data/artists/artists_2026-02-07.json'
[2026-02-07T14:57:50.369+0000] {subprocess.py:93} INFO - 2026-02-07 14:57:50,369 [INFO] Uploading tracks data to MinIO...
[2026-02-07T14:57:50.369+0000] {subprocess.py:93} INFO - 2026-02-07 14:57:50,369 [INFO] Starting MinIO upload process...
[2026-02-07T14:57:50.371+0000] {subprocess.py:93} INFO - 2026-02-07 14:57:50,371 [INFO] S3 client created for endpoint 'minio:9000' (secure=False).
[2026-02-07T14:57:50.374+0000] {subprocess.py:93} INFO - 2026-02-07 14:57:50,374 [INFO] MinIO bucket 'row-data' already exists.
[2026-02-07T14:57:50.374+0000] {subprocess.py:93} INFO - 2026-02-07 14:57:50,374 [INFO] Bucket 'row-data' verified/created.
[2026-02-07T14:57:50.395+0000] {subprocess.py:93} INFO - 2026-02-07 14:57:50,395 [INFO] Uploaded 'tracks' JSON to MinIO bucket 'row-data' at 'spotify_data/tracks/tracks_2026-02-07.json'.
[2026-02-07T14:57:50.395+0000] {subprocess.py:93} INFO - 2026-02-07 14:57:50,395 [INFO] Tracks data uploaded successfully to 'spotify_data/tracks/tracks_2026-02-07.json'
[2026-02-07T14:57:50.444+0000] {subprocess.py:97} INFO - Command exited with return code 0
[2026-02-07T14:57:50.462+0000] {taskinstance.py:1138} INFO - Marking task as SUCCESS. dag_id=***_dbt_spotify_pipeline, task_id=generate_spotify_data, execution_date=20260207T145745, start_date=20260207T145748, end_date=20260207T145750
[2026-02-07T14:57:50.475+0000] {local_task_job_runner.py:234} INFO - Task exited with return code 0
[2026-02-07T14:57:50.490+0000] {taskinstance.py:3280} INFO - 0 downstream tasks scheduled from follow-on schedule check
