[2026-02-08T09:23:02.590+0000] {taskinstance.py:1956} INFO - Dependencies all met for dep_context=non-requeueable deps ti=<TaskInstance: airflow_dbt_spotify_pipeline.modelling manual__2026-02-08T09:22:42.767328+00:00 [queued]>
[2026-02-08T09:23:02.593+0000] {taskinstance.py:1956} INFO - Dependencies all met for dep_context=requeueable deps ti=<TaskInstance: airflow_dbt_spotify_pipeline.modelling manual__2026-02-08T09:22:42.767328+00:00 [queued]>
[2026-02-08T09:23:02.593+0000] {taskinstance.py:2170} INFO - Starting attempt 1 of 1
[2026-02-08T09:23:02.599+0000] {taskinstance.py:2191} INFO - Executing <Task(BashOperator): modelling> on 2026-02-08 09:22:42.767328+00:00
[2026-02-08T09:23:02.601+0000] {standard_task_runner.py:60} INFO - Started process 787 to run task
[2026-02-08T09:23:02.603+0000] {standard_task_runner.py:87} INFO - Running: ['***', 'tasks', 'run', '***_dbt_spotify_pipeline', 'modelling', 'manual__2026-02-08T09:22:42.767328+00:00', '--job-id', '227', '--raw', '--subdir', 'DAGS_FOLDER/sportify_pipeline_dag.py', '--cfg-path', '/tmp/tmpw7ldlxtt']
[2026-02-08T09:23:02.604+0000] {standard_task_runner.py:88} INFO - Job 227: Subtask modelling
[2026-02-08T09:23:02.626+0000] {task_command.py:423} INFO - Running <TaskInstance: airflow_dbt_spotify_pipeline.modelling manual__2026-02-08T09:22:42.767328+00:00 [running]> on host 189f7e197985
[2026-02-08T09:23:02.658+0000] {taskinstance.py:2480} INFO - Exporting env vars: AIRFLOW_CTX_DAG_OWNER='***' AIRFLOW_CTX_DAG_ID='***_dbt_spotify_pipeline' AIRFLOW_CTX_TASK_ID='modelling' AIRFLOW_CTX_EXECUTION_DATE='2026-02-08T09:22:42.767328+00:00' AIRFLOW_CTX_TRY_NUMBER='1' AIRFLOW_CTX_DAG_RUN_ID='manual__2026-02-08T09:22:42.767328+00:00'
[2026-02-08T09:23:02.659+0000] {subprocess.py:63} INFO - Tmp dir root location: /tmp
[2026-02-08T09:23:02.660+0000] {subprocess.py:75} INFO - Running command: ['/usr/bin/bash', '-c', 'dbt deps && dbt run --select path:models --target dev']
[2026-02-08T09:23:02.664+0000] {subprocess.py:86} INFO - Output:
[2026-02-08T09:23:03.470+0000] {subprocess.py:93} INFO - [0m09:23:03  Running with dbt=1.11.3
[2026-02-08T09:23:05.029+0000] {subprocess.py:93} INFO - [0m09:23:05  Installing dbt-labs/dbt_utils
[2026-02-08T09:23:06.172+0000] {subprocess.py:93} INFO - [0m09:23:06  Installed from version 1.1.1
[2026-02-08T09:23:06.173+0000] {subprocess.py:93} INFO - [0m09:23:06  Updated version available: 1.3.3
[2026-02-08T09:23:06.174+0000] {subprocess.py:93} INFO - [0m09:23:06
[2026-02-08T09:23:06.175+0000] {subprocess.py:93} INFO - [0m09:23:06  Updates available for packages: ['dbt-labs/dbt_utils']
[2026-02-08T09:23:06.176+0000] {subprocess.py:93} INFO - Update your versions in packages.yml, then run dbt deps
[2026-02-08T09:23:07.248+0000] {subprocess.py:93} INFO - [0m09:23:07  Running with dbt=1.11.3
[2026-02-08T09:23:07.616+0000] {subprocess.py:93} INFO - [0m09:23:07  Registered adapter: postgres=1.10.0
[2026-02-08T09:23:08.204+0000] {subprocess.py:93} INFO - [0m09:23:08  Found 4 models, 42 data tests, 3 sources, 579 macros
[2026-02-08T09:23:08.206+0000] {subprocess.py:93} INFO - [0m09:23:08
[2026-02-08T09:23:08.207+0000] {subprocess.py:93} INFO - [0m09:23:08  Concurrency: 10 threads (target='dev')
[2026-02-08T09:23:08.207+0000] {subprocess.py:93} INFO - [0m09:23:08
[2026-02-08T09:23:08.294+0000] {subprocess.py:93} INFO - [0m09:23:08  1 of 4 START sql table model mart.mart_album_performance ....................... [RUN]
[2026-02-08T09:23:08.294+0000] {subprocess.py:93} INFO - [0m09:23:08  2 of 4 START sql table model mart.mart_artist_performance ...................... [RUN]
[2026-02-08T09:23:08.295+0000] {subprocess.py:93} INFO - [0m09:23:08  3 of 4 START sql table model mart.mart_catalog_overview ........................ [RUN]
[2026-02-08T09:23:08.295+0000] {subprocess.py:93} INFO - [0m09:23:08  4 of 4 START sql table model mart.mart_track_performance ....................... [RUN]
[2026-02-08T09:23:08.441+0000] {subprocess.py:93} INFO - [0m09:23:08  4 of 4 OK created sql table model mart.mart_track_performance .................. [[32mSELECT 48[0m in 0.14s]
[2026-02-08T09:23:08.444+0000] {subprocess.py:93} INFO - [0m09:23:08  1 of 4 OK created sql table model mart.mart_album_performance .................. [[32mSELECT 29[0m in 0.15s]
[2026-02-08T09:23:08.445+0000] {subprocess.py:93} INFO - [0m09:23:08  2 of 4 OK created sql table model mart.mart_artist_performance ................. [[32mSELECT 9[0m in 0.15s]
[2026-02-08T09:23:08.448+0000] {subprocess.py:93} INFO - [0m09:23:08  3 of 4 OK created sql table model mart.mart_catalog_overview ................... [[32mSELECT 1[0m in 0.15s]
[2026-02-08T09:23:08.461+0000] {subprocess.py:93} INFO - [0m09:23:08
[2026-02-08T09:23:08.462+0000] {subprocess.py:93} INFO - [0m09:23:08  Finished running 4 table models in 0 hours 0 minutes and 0.25 seconds (0.25s).
[2026-02-08T09:23:08.501+0000] {subprocess.py:93} INFO - [0m09:23:08
[2026-02-08T09:23:08.501+0000] {subprocess.py:93} INFO - [0m09:23:08  [32mCompleted successfully[0m
[2026-02-08T09:23:08.502+0000] {subprocess.py:93} INFO - [0m09:23:08
[2026-02-08T09:23:08.502+0000] {subprocess.py:93} INFO - [0m09:23:08  Done. PASS=4 WARN=0 ERROR=0 SKIP=0 NO-OP=0 TOTAL=4
[2026-02-08T09:23:08.646+0000] {subprocess.py:97} INFO - Command exited with return code 0
[2026-02-08T09:23:08.681+0000] {taskinstance.py:1138} INFO - Marking task as SUCCESS. dag_id=***_dbt_spotify_pipeline, task_id=modelling, execution_date=20260208T092242, start_date=20260208T092302, end_date=20260208T092308
[2026-02-08T09:23:08.699+0000] {local_task_job_runner.py:234} INFO - Task exited with return code 0
[2026-02-08T09:23:08.776+0000] {taskinstance.py:3280} INFO - 0 downstream tasks scheduled from follow-on schedule check
