[2026-02-07T13:50:20.525+0000] {taskinstance.py:1956} INFO - Dependencies all met for dep_context=non-requeueable deps ti=<TaskInstance: airflow_dbt_spotify_pipeline.generate_spotify_data manual__2026-02-07T13:50:18.666430+00:00 [queued]>
[2026-02-07T13:50:20.529+0000] {taskinstance.py:1956} INFO - Dependencies all met for dep_context=requeueable deps ti=<TaskInstance: airflow_dbt_spotify_pipeline.generate_spotify_data manual__2026-02-07T13:50:18.666430+00:00 [queued]>
[2026-02-07T13:50:20.529+0000] {taskinstance.py:2170} INFO - Starting attempt 1 of 1
[2026-02-07T13:50:20.534+0000] {taskinstance.py:2191} INFO - Executing <Task(BashOperator): generate_spotify_data> on 2026-02-07 13:50:18.666430+00:00
[2026-02-07T13:50:20.539+0000] {standard_task_runner.py:60} INFO - Started process 5763 to run task
[2026-02-07T13:50:20.544+0000] {standard_task_runner.py:87} INFO - Running: ['***', 'tasks', 'run', '***_dbt_spotify_pipeline', 'generate_spotify_data', 'manual__2026-02-07T13:50:18.666430+00:00', '--job-id', '19', '--raw', '--subdir', 'DAGS_FOLDER/sportify_pipeline_dag.py', '--cfg-path', '/tmp/tmp9xil1dzr']
[2026-02-07T13:50:20.548+0000] {standard_task_runner.py:88} INFO - Job 19: Subtask generate_spotify_data
[2026-02-07T13:50:20.600+0000] {task_command.py:423} INFO - Running <TaskInstance: airflow_dbt_spotify_pipeline.generate_spotify_data manual__2026-02-07T13:50:18.666430+00:00 [running]> on host 47d76e1ca2e6
[2026-02-07T13:50:20.775+0000] {taskinstance.py:2480} INFO - Exporting env vars: AIRFLOW_CTX_DAG_OWNER='***' AIRFLOW_CTX_DAG_ID='***_dbt_spotify_pipeline' AIRFLOW_CTX_TASK_ID='generate_spotify_data' AIRFLOW_CTX_EXECUTION_DATE='2026-02-07T13:50:18.666430+00:00' AIRFLOW_CTX_TRY_NUMBER='1' AIRFLOW_CTX_DAG_RUN_ID='manual__2026-02-07T13:50:18.666430+00:00'
[2026-02-07T13:50:20.778+0000] {subprocess.py:63} INFO - Tmp dir root location: /tmp
[2026-02-07T13:50:20.779+0000] {subprocess.py:75} INFO - Running command: ['/usr/bin/bash', '-c', 'python /opt/***/include/row_data_generation/extract_spotify_data.py']
[2026-02-07T13:50:20.802+0000] {subprocess.py:86} INFO - Output:
[2026-02-07T13:50:21.031+0000] {subprocess.py:93} INFO - 2026-02-07 13:50:21,031 [INFO] Found 7 artist IDs and 48 track IDs.
[2026-02-07T13:50:21.032+0000] {subprocess.py:93} INFO - 2026-02-07 13:50:21,031 [INFO] Step 1: Fetching artists data from Spotify API...
[2026-02-07T13:50:21.739+0000] {subprocess.py:93} INFO - 2026-02-07 13:50:21,739 [INFO] Fetched 0 artists successfully.
[2026-02-07T13:50:21.740+0000] {subprocess.py:93} INFO - 2026-02-07 13:50:21,739 [INFO] Fetching tracks data from Spotify API...
[2026-02-07T13:50:22.316+0000] {subprocess.py:93} INFO - 2026-02-07 13:50:22,315 [INFO] Fetched 0 tracks successfully.
[2026-02-07T13:50:22.316+0000] {subprocess.py:93} INFO - 2026-02-07 13:50:22,315 [INFO] Step 2: Uploading artists data to MinIO...
[2026-02-07T13:50:22.316+0000] {subprocess.py:93} INFO - 2026-02-07 13:50:22,315 [INFO] Starting MinIO upload process...
[2026-02-07T13:50:22.395+0000] {subprocess.py:93} INFO - 2026-02-07 13:50:22,395 [INFO] S3 client created for endpoint 'minio:9000' (secure=False).
[2026-02-07T13:50:22.403+0000] {subprocess.py:93} INFO - 2026-02-07 13:50:22,403 [INFO] MinIO bucket 'row-data' already exists.
[2026-02-07T13:50:22.403+0000] {subprocess.py:93} INFO - 2026-02-07 13:50:22,403 [INFO] Bucket 'row-data' verified/created.
[2026-02-07T13:50:22.411+0000] {subprocess.py:93} INFO - 2026-02-07 13:50:22,411 [INFO] Uploaded 'artists' JSON to MinIO bucket 'row-data' at 'spotify_data/artists_2026-02-07.json'.
[2026-02-07T13:50:22.411+0000] {subprocess.py:93} INFO - 2026-02-07 13:50:22,411 [INFO] Artists data uploaded successfully to 'spotify_data/artists_2026-02-07.json'
[2026-02-07T13:50:22.411+0000] {subprocess.py:93} INFO - 2026-02-07 13:50:22,411 [INFO] Uploading tracks data to MinIO...
[2026-02-07T13:50:22.411+0000] {subprocess.py:93} INFO - 2026-02-07 13:50:22,411 [INFO] Starting MinIO upload process...
[2026-02-07T13:50:22.413+0000] {subprocess.py:93} INFO - 2026-02-07 13:50:22,413 [INFO] S3 client created for endpoint 'minio:9000' (secure=False).
[2026-02-07T13:50:22.415+0000] {subprocess.py:93} INFO - 2026-02-07 13:50:22,415 [INFO] MinIO bucket 'row-data' already exists.
[2026-02-07T13:50:22.416+0000] {subprocess.py:93} INFO - 2026-02-07 13:50:22,415 [INFO] Bucket 'row-data' verified/created.
[2026-02-07T13:50:22.420+0000] {subprocess.py:93} INFO - 2026-02-07 13:50:22,420 [INFO] Uploaded 'tracks' JSON to MinIO bucket 'row-data' at 'spotify_data/tracks_2026-02-07.json'.
[2026-02-07T13:50:22.421+0000] {subprocess.py:93} INFO - 2026-02-07 13:50:22,420 [INFO] Tracks data uploaded successfully to 'spotify_data/tracks_2026-02-07.json'
[2026-02-07T13:50:22.456+0000] {subprocess.py:97} INFO - Command exited with return code 0
[2026-02-07T13:50:22.491+0000] {taskinstance.py:1138} INFO - Marking task as SUCCESS. dag_id=***_dbt_spotify_pipeline, task_id=generate_spotify_data, execution_date=20260207T135018, start_date=20260207T135020, end_date=20260207T135022
[2026-02-07T13:50:22.539+0000] {local_task_job_runner.py:234} INFO - Task exited with return code 0
[2026-02-07T13:50:22.584+0000] {taskinstance.py:3280} INFO - 0 downstream tasks scheduled from follow-on schedule check
