[2026-02-07T13:48:06.587+0000] {taskinstance.py:1956} INFO - Dependencies all met for dep_context=non-requeueable deps ti=<TaskInstance: airflow_dbt_spotify_pipeline.generate_spotify_data manual__2026-02-07T13:48:04.809400+00:00 [queued]>
[2026-02-07T13:48:06.592+0000] {taskinstance.py:1956} INFO - Dependencies all met for dep_context=requeueable deps ti=<TaskInstance: airflow_dbt_spotify_pipeline.generate_spotify_data manual__2026-02-07T13:48:04.809400+00:00 [queued]>
[2026-02-07T13:48:06.592+0000] {taskinstance.py:2170} INFO - Starting attempt 1 of 1
[2026-02-07T13:48:06.597+0000] {taskinstance.py:2191} INFO - Executing <Task(BashOperator): generate_spotify_data> on 2026-02-07 13:48:04.809400+00:00
[2026-02-07T13:48:06.601+0000] {standard_task_runner.py:60} INFO - Started process 5698 to run task
[2026-02-07T13:48:06.604+0000] {standard_task_runner.py:87} INFO - Running: ['***', 'tasks', 'run', '***_dbt_spotify_pipeline', 'generate_spotify_data', 'manual__2026-02-07T13:48:04.809400+00:00', '--job-id', '17', '--raw', '--subdir', 'DAGS_FOLDER/sportify_pipeline_dag.py', '--cfg-path', '/tmp/tmp49vgxg2q']
[2026-02-07T13:48:06.606+0000] {standard_task_runner.py:88} INFO - Job 17: Subtask generate_spotify_data
[2026-02-07T13:48:06.634+0000] {task_command.py:423} INFO - Running <TaskInstance: airflow_dbt_spotify_pipeline.generate_spotify_data manual__2026-02-07T13:48:04.809400+00:00 [running]> on host 47d76e1ca2e6
[2026-02-07T13:48:06.693+0000] {taskinstance.py:2480} INFO - Exporting env vars: AIRFLOW_CTX_DAG_OWNER='***' AIRFLOW_CTX_DAG_ID='***_dbt_spotify_pipeline' AIRFLOW_CTX_TASK_ID='generate_spotify_data' AIRFLOW_CTX_EXECUTION_DATE='2026-02-07T13:48:04.809400+00:00' AIRFLOW_CTX_TRY_NUMBER='1' AIRFLOW_CTX_DAG_RUN_ID='manual__2026-02-07T13:48:04.809400+00:00'
[2026-02-07T13:48:06.694+0000] {subprocess.py:63} INFO - Tmp dir root location: /tmp
[2026-02-07T13:48:06.695+0000] {subprocess.py:75} INFO - Running command: ['/usr/bin/bash', '-c', 'python /opt/***/include/row_data_generation/extract_spotify_data.py']
[2026-02-07T13:48:06.705+0000] {subprocess.py:86} INFO - Output:
[2026-02-07T13:48:06.905+0000] {subprocess.py:93} INFO - 2026-02-07 13:48:06,904 [INFO] Found 7 artist IDs and 48 track IDs.
[2026-02-07T13:48:06.905+0000] {subprocess.py:93} INFO - 2026-02-07 13:48:06,905 [INFO] Step 1: Fetching artists data from Spotify API...
[2026-02-07T13:48:17.012+0000] {subprocess.py:93} INFO - 2026-02-07 13:48:17,009 [ERROR] Error Occured While trying to fetch data for artists: HTTPSConnectionPool(host='api.spotify.com', port=443): Max retries exceeded with url: /v1/artists?ids=4iHNK0tOyZPYnBU7nGAgpQ,5lpH0xAS4fVfLkACg9DAuM,4cPHsZM98sKzmV26wlwD2W,1GxkXlMwML1oSg5eLPiAz3,66CXWjxzNUsdJxJ2JdwvnR,0sgV4klGs1Y1dgbBi28JlD,7fAKtXSdNInWAIf0jVUz65 (Caused by ConnectTimeoutError(<urllib3.connection.HTTPSConnection object at 0xffff9156ece0>, 'Connection to api.spotify.com timed out. (connect timeout=10)'))
[2026-02-07T13:48:17.017+0000] {subprocess.py:93} INFO - 2026-02-07 13:48:17,010 [ERROR] Failed to fetch artists data: Error Occured While trying to fetch data for artists
[2026-02-07T13:48:17.018+0000] {subprocess.py:93} INFO - 2026-02-07 13:48:17,010 [INFO] Fetching tracks data from Spotify API...
[2026-02-07T13:48:17.922+0000] {subprocess.py:93} INFO - 2026-02-07 13:48:17,921 [INFO] Fetched 48 tracks successfully.
[2026-02-07T13:48:17.923+0000] {subprocess.py:93} INFO - 2026-02-07 13:48:17,922 [INFO] Step 2: Uploading artists data to MinIO...
[2026-02-07T13:48:17.923+0000] {subprocess.py:93} INFO - 2026-02-07 13:48:17,922 [INFO] Starting MinIO upload process...
[2026-02-07T13:48:18.089+0000] {subprocess.py:93} INFO - 2026-02-07 13:48:18,089 [INFO] S3 client created for endpoint 'minio:9000' (secure=False).
[2026-02-07T13:48:18.134+0000] {subprocess.py:93} INFO - 2026-02-07 13:48:18,133 [INFO] MinIO bucket 'row-data' already exists.
[2026-02-07T13:48:18.134+0000] {subprocess.py:93} INFO - 2026-02-07 13:48:18,133 [INFO] Bucket 'row-data' verified/created.
[2026-02-07T13:48:18.148+0000] {subprocess.py:93} INFO - 2026-02-07 13:48:18,148 [INFO] Uploaded 'artists' JSON to MinIO bucket 'row-data' at 'spotify_data/artists_2026-02-07.json'.
[2026-02-07T13:48:18.149+0000] {subprocess.py:93} INFO - 2026-02-07 13:48:18,148 [INFO] Artists data uploaded successfully to 'spotify_data/artists_2026-02-07.json'
[2026-02-07T13:48:18.149+0000] {subprocess.py:93} INFO - 2026-02-07 13:48:18,148 [INFO] Uploading tracks data to MinIO...
[2026-02-07T13:48:18.149+0000] {subprocess.py:93} INFO - 2026-02-07 13:48:18,148 [INFO] Starting MinIO upload process...
[2026-02-07T13:48:18.151+0000] {subprocess.py:93} INFO - 2026-02-07 13:48:18,151 [INFO] S3 client created for endpoint 'minio:9000' (secure=False).
[2026-02-07T13:48:18.156+0000] {subprocess.py:93} INFO - 2026-02-07 13:48:18,156 [INFO] MinIO bucket 'row-data' already exists.
[2026-02-07T13:48:18.156+0000] {subprocess.py:93} INFO - 2026-02-07 13:48:18,156 [INFO] Bucket 'row-data' verified/created.
[2026-02-07T13:48:18.173+0000] {subprocess.py:93} INFO - 2026-02-07 13:48:18,173 [INFO] Uploaded 'tracks' JSON to MinIO bucket 'row-data' at 'spotify_data/tracks_2026-02-07.json'.
[2026-02-07T13:48:18.174+0000] {subprocess.py:93} INFO - 2026-02-07 13:48:18,173 [INFO] Tracks data uploaded successfully to 'spotify_data/tracks_2026-02-07.json'
[2026-02-07T13:48:18.213+0000] {subprocess.py:97} INFO - Command exited with return code 0
[2026-02-07T13:48:18.239+0000] {taskinstance.py:1138} INFO - Marking task as SUCCESS. dag_id=***_dbt_spotify_pipeline, task_id=generate_spotify_data, execution_date=20260207T134804, start_date=20260207T134806, end_date=20260207T134818
[2026-02-07T13:48:18.287+0000] {local_task_job_runner.py:234} INFO - Task exited with return code 0
[2026-02-07T13:48:18.303+0000] {taskinstance.py:3280} INFO - 0 downstream tasks scheduled from follow-on schedule check
