[2026-02-08T09:00:29.723+0000] {taskinstance.py:1956} INFO - Dependencies all met for dep_context=non-requeueable deps ti=<TaskInstance: airflow_dbt_spotify_pipeline.modelling manual__2026-02-08T09:00:18.671590+00:00 [queued]>
[2026-02-08T09:00:29.728+0000] {taskinstance.py:1956} INFO - Dependencies all met for dep_context=requeueable deps ti=<TaskInstance: airflow_dbt_spotify_pipeline.modelling manual__2026-02-08T09:00:18.671590+00:00 [queued]>
[2026-02-08T09:00:29.728+0000] {taskinstance.py:2170} INFO - Starting attempt 1 of 1
[2026-02-08T09:00:29.734+0000] {taskinstance.py:2191} INFO - Executing <Task(BashOperator): modelling> on 2026-02-08 09:00:18.671590+00:00
[2026-02-08T09:00:29.737+0000] {standard_task_runner.py:60} INFO - Started process 4642 to run task
[2026-02-08T09:00:29.739+0000] {standard_task_runner.py:87} INFO - Running: ['***', 'tasks', 'run', '***_dbt_spotify_pipeline', 'modelling', 'manual__2026-02-08T09:00:18.671590+00:00', '--job-id', '187', '--raw', '--subdir', 'DAGS_FOLDER/sportify_pipeline_dag.py', '--cfg-path', '/tmp/tmptog59vw6']
[2026-02-08T09:00:29.741+0000] {standard_task_runner.py:88} INFO - Job 187: Subtask modelling
[2026-02-08T09:00:29.769+0000] {task_command.py:423} INFO - Running <TaskInstance: airflow_dbt_spotify_pipeline.modelling manual__2026-02-08T09:00:18.671590+00:00 [running]> on host 359fb843449d
[2026-02-08T09:00:29.805+0000] {taskinstance.py:2480} INFO - Exporting env vars: AIRFLOW_CTX_DAG_OWNER='***' AIRFLOW_CTX_DAG_ID='***_dbt_spotify_pipeline' AIRFLOW_CTX_TASK_ID='modelling' AIRFLOW_CTX_EXECUTION_DATE='2026-02-08T09:00:18.671590+00:00' AIRFLOW_CTX_TRY_NUMBER='1' AIRFLOW_CTX_DAG_RUN_ID='manual__2026-02-08T09:00:18.671590+00:00'
[2026-02-08T09:00:29.806+0000] {subprocess.py:63} INFO - Tmp dir root location: /tmp
[2026-02-08T09:00:29.806+0000] {subprocess.py:75} INFO - Running command: ['/usr/bin/bash', '-c', 'dbt deps && dbt run --select path:models --target dev']
[2026-02-08T09:00:29.811+0000] {subprocess.py:86} INFO - Output:
[2026-02-08T09:00:30.558+0000] {subprocess.py:93} INFO - [0m09:00:30  Running with dbt=1.11.3
[2026-02-08T09:00:31.099+0000] {subprocess.py:93} INFO - [0m09:00:31  Installing dbt-labs/dbt_utils
[2026-02-08T09:00:32.586+0000] {subprocess.py:93} INFO - [0m09:00:32  Installed from version 1.1.1
[2026-02-08T09:00:32.587+0000] {subprocess.py:93} INFO - [0m09:00:32  Updated version available: 1.3.3
[2026-02-08T09:00:32.588+0000] {subprocess.py:93} INFO - [0m09:00:32
[2026-02-08T09:00:32.588+0000] {subprocess.py:93} INFO - [0m09:00:32  Updates available for packages: ['dbt-labs/dbt_utils']
[2026-02-08T09:00:32.590+0000] {subprocess.py:93} INFO - Update your versions in packages.yml, then run dbt deps
[2026-02-08T09:00:33.479+0000] {subprocess.py:93} INFO - [0m09:00:33  Running with dbt=1.11.3
[2026-02-08T09:00:33.612+0000] {subprocess.py:93} INFO - [0m09:00:33  Registered adapter: postgres=1.10.0
[2026-02-08T09:00:34.006+0000] {subprocess.py:93} INFO - [0m09:00:34  Found 4 models, 42 data tests, 3 sources, 579 macros
[2026-02-08T09:00:34.008+0000] {subprocess.py:93} INFO - [0m09:00:34
[2026-02-08T09:00:34.008+0000] {subprocess.py:93} INFO - [0m09:00:34  Concurrency: 10 threads (target='dev')
[2026-02-08T09:00:34.008+0000] {subprocess.py:93} INFO - [0m09:00:34
[2026-02-08T09:00:34.077+0000] {subprocess.py:93} INFO - [0m09:00:34  1 of 4 START sql table model mart.mart_album_performance ....................... [RUN]
[2026-02-08T09:00:34.078+0000] {subprocess.py:93} INFO - [0m09:00:34  2 of 4 START sql table model mart.mart_artist_performance ...................... [RUN]
[2026-02-08T09:00:34.078+0000] {subprocess.py:93} INFO - [0m09:00:34  3 of 4 START sql table model mart.mart_catalog_overview ........................ [RUN]
[2026-02-08T09:00:34.078+0000] {subprocess.py:93} INFO - [0m09:00:34  4 of 4 START sql table model mart.mart_track_performance ....................... [RUN]
[2026-02-08T09:00:34.209+0000] {subprocess.py:93} INFO - [0m09:00:34  2 of 4 OK created sql table model mart.mart_artist_performance ................. [[32mSELECT 9[0m in 0.13s]
[2026-02-08T09:00:34.211+0000] {subprocess.py:93} INFO - [0m09:00:34  1 of 4 OK created sql table model mart.mart_album_performance .................. [[32mSELECT 29[0m in 0.13s]
[2026-02-08T09:00:34.213+0000] {subprocess.py:93} INFO - [0m09:00:34  4 of 4 OK created sql table model mart.mart_track_performance .................. [[32mSELECT 48[0m in 0.13s]
[2026-02-08T09:00:34.213+0000] {subprocess.py:93} INFO - [0m09:00:34  3 of 4 OK created sql table model mart.mart_catalog_overview ................... [[32mSELECT 1[0m in 0.13s]
[2026-02-08T09:00:34.226+0000] {subprocess.py:93} INFO - [0m09:00:34
[2026-02-08T09:00:34.226+0000] {subprocess.py:93} INFO - [0m09:00:34  Finished running 4 table models in 0 hours 0 minutes and 0.22 seconds (0.22s).
[2026-02-08T09:00:34.264+0000] {subprocess.py:93} INFO - [0m09:00:34
[2026-02-08T09:00:34.264+0000] {subprocess.py:93} INFO - [0m09:00:34  [32mCompleted successfully[0m
[2026-02-08T09:00:34.265+0000] {subprocess.py:93} INFO - [0m09:00:34
[2026-02-08T09:00:34.265+0000] {subprocess.py:93} INFO - [0m09:00:34  Done. PASS=4 WARN=0 ERROR=0 SKIP=0 NO-OP=0 TOTAL=4
[2026-02-08T09:00:34.395+0000] {subprocess.py:97} INFO - Command exited with return code 0
[2026-02-08T09:00:34.410+0000] {taskinstance.py:1138} INFO - Marking task as SUCCESS. dag_id=***_dbt_spotify_pipeline, task_id=modelling, execution_date=20260208T090018, start_date=20260208T090029, end_date=20260208T090034
[2026-02-08T09:00:34.451+0000] {local_task_job_runner.py:234} INFO - Task exited with return code 0
[2026-02-08T09:00:34.462+0000] {taskinstance.py:3280} INFO - 0 downstream tasks scheduled from follow-on schedule check
