[2026-02-07T13:56:50.820+0000] {taskinstance.py:1956} INFO - Dependencies all met for dep_context=non-requeueable deps ti=<TaskInstance: airflow_dbt_spotify_pipeline.generate_spotify_data manual__2026-02-07T13:56:49.820569+00:00 [queued]>
[2026-02-07T13:56:50.824+0000] {taskinstance.py:1956} INFO - Dependencies all met for dep_context=requeueable deps ti=<TaskInstance: airflow_dbt_spotify_pipeline.generate_spotify_data manual__2026-02-07T13:56:49.820569+00:00 [queued]>
[2026-02-07T13:56:50.824+0000] {taskinstance.py:2170} INFO - Starting attempt 1 of 1
[2026-02-07T13:56:50.830+0000] {taskinstance.py:2191} INFO - Executing <Task(BashOperator): generate_spotify_data> on 2026-02-07 13:56:49.820569+00:00
[2026-02-07T13:56:50.834+0000] {standard_task_runner.py:60} INFO - Started process 5925 to run task
[2026-02-07T13:56:50.837+0000] {standard_task_runner.py:87} INFO - Running: ['***', 'tasks', 'run', '***_dbt_spotify_pipeline', 'generate_spotify_data', 'manual__2026-02-07T13:56:49.820569+00:00', '--job-id', '22', '--raw', '--subdir', 'DAGS_FOLDER/sportify_pipeline_dag.py', '--cfg-path', '/tmp/tmpbmwhqq9e']
[2026-02-07T13:56:50.839+0000] {standard_task_runner.py:88} INFO - Job 22: Subtask generate_spotify_data
[2026-02-07T13:56:50.866+0000] {task_command.py:423} INFO - Running <TaskInstance: airflow_dbt_spotify_pipeline.generate_spotify_data manual__2026-02-07T13:56:49.820569+00:00 [running]> on host 47d76e1ca2e6
[2026-02-07T13:56:50.905+0000] {taskinstance.py:2480} INFO - Exporting env vars: AIRFLOW_CTX_DAG_OWNER='***' AIRFLOW_CTX_DAG_ID='***_dbt_spotify_pipeline' AIRFLOW_CTX_TASK_ID='generate_spotify_data' AIRFLOW_CTX_EXECUTION_DATE='2026-02-07T13:56:49.820569+00:00' AIRFLOW_CTX_TRY_NUMBER='1' AIRFLOW_CTX_DAG_RUN_ID='manual__2026-02-07T13:56:49.820569+00:00'
[2026-02-07T13:56:50.906+0000] {subprocess.py:63} INFO - Tmp dir root location: /tmp
[2026-02-07T13:56:50.907+0000] {subprocess.py:75} INFO - Running command: ['/usr/bin/bash', '-c', 'python /opt/***/include/row_data_generation/extract_spotify_data.py']
[2026-02-07T13:56:50.915+0000] {subprocess.py:86} INFO - Output:
[2026-02-07T13:56:51.091+0000] {subprocess.py:93} INFO - 2026-02-07 13:56:51,091 [INFO] Found 7 artist IDs and 48 track IDs.
[2026-02-07T13:56:51.091+0000] {subprocess.py:93} INFO - 2026-02-07 13:56:51,091 [INFO] Step 1: Fetching artists data from Spotify API...
[2026-02-07T13:57:01.112+0000] {subprocess.py:93} INFO - 2026-02-07 13:57:01,109 [ERROR] Error Occured While trying to fetch data for artists: HTTPSConnectionPool(host='api.spotify.com', port=443): Max retries exceeded with url: /v1/artists?ids=4iHNK0tOyZPYnBU7nGAgpQ,5lpH0xAS4fVfLkACg9DAuM,4cPHsZM98sKzmV26wlwD2W,1GxkXlMwML1oSg5eLPiAz3,66CXWjxzNUsdJxJ2JdwvnR,0sgV4klGs1Y1dgbBi28JlD,7fAKtXSdNInWAIf0jVUz65 (Caused by ConnectTimeoutError(<urllib3.connection.HTTPSConnection object at 0xffffb7213280>, 'Connection to api.spotify.com timed out. (connect timeout=10)'))
[2026-02-07T13:57:01.118+0000] {subprocess.py:93} INFO - 2026-02-07 13:57:01,110 [ERROR] Failed to fetch artists data: Error Occured While trying to fetch data for artists
[2026-02-07T13:57:01.118+0000] {subprocess.py:93} INFO - 2026-02-07 13:57:01,110 [INFO] Fetching tracks data from Spotify API...
[2026-02-07T13:57:01.719+0000] {subprocess.py:93} INFO - 2026-02-07 13:57:01,718 [ERROR] Failed to fetch tracks data. Status code: 401, Response: {
[2026-02-07T13:57:01.722+0000] {subprocess.py:93} INFO -   "error": {
[2026-02-07T13:57:01.724+0000] {subprocess.py:93} INFO -     "status": 401,
[2026-02-07T13:57:01.725+0000] {subprocess.py:93} INFO -     "message": "Invalid access token"
[2026-02-07T13:57:01.726+0000] {subprocess.py:93} INFO -   }
[2026-02-07T13:57:01.727+0000] {subprocess.py:93} INFO - }
[2026-02-07T13:57:01.727+0000] {subprocess.py:93} INFO - 2026-02-07 13:57:01,719 [ERROR] Error Occured While trying to fetch data for artists: Spotify API request  for pulling tracks data failed with status code 401
[2026-02-07T13:57:01.729+0000] {subprocess.py:93} INFO - 2026-02-07 13:57:01,719 [ERROR] Failed to fetch tracks data: Error Occured While trying to fetch data for artists
[2026-02-07T13:57:01.729+0000] {subprocess.py:93} INFO - 2026-02-07 13:57:01,722 [CRITICAL] No data extracted from Spotify. Exiting workflow.
[2026-02-07T13:57:01.767+0000] {subprocess.py:97} INFO - Command exited with return code 0
[2026-02-07T13:57:01.791+0000] {taskinstance.py:1138} INFO - Marking task as SUCCESS. dag_id=***_dbt_spotify_pipeline, task_id=generate_spotify_data, execution_date=20260207T135649, start_date=20260207T135650, end_date=20260207T135701
[2026-02-07T13:57:01.840+0000] {local_task_job_runner.py:234} INFO - Task exited with return code 0
[2026-02-07T13:57:01.853+0000] {taskinstance.py:3280} INFO - 0 downstream tasks scheduled from follow-on schedule check
