[2026-02-07T13:49:55.862+0000] {taskinstance.py:1956} INFO - Dependencies all met for dep_context=non-requeueable deps ti=<TaskInstance: airflow_dbt_spotify_pipeline.generate_spotify_data manual__2026-02-07T13:49:54.438176+00:00 [queued]>
[2026-02-07T13:49:55.866+0000] {taskinstance.py:1956} INFO - Dependencies all met for dep_context=requeueable deps ti=<TaskInstance: airflow_dbt_spotify_pipeline.generate_spotify_data manual__2026-02-07T13:49:54.438176+00:00 [queued]>
[2026-02-07T13:49:55.866+0000] {taskinstance.py:2170} INFO - Starting attempt 1 of 1
[2026-02-07T13:49:55.872+0000] {taskinstance.py:2191} INFO - Executing <Task(BashOperator): generate_spotify_data> on 2026-02-07 13:49:54.438176+00:00
[2026-02-07T13:49:55.876+0000] {standard_task_runner.py:60} INFO - Started process 5744 to run task
[2026-02-07T13:49:55.878+0000] {standard_task_runner.py:87} INFO - Running: ['***', 'tasks', 'run', '***_dbt_spotify_pipeline', 'generate_spotify_data', 'manual__2026-02-07T13:49:54.438176+00:00', '--job-id', '18', '--raw', '--subdir', 'DAGS_FOLDER/sportify_pipeline_dag.py', '--cfg-path', '/tmp/tmp0t4zklms']
[2026-02-07T13:49:55.880+0000] {standard_task_runner.py:88} INFO - Job 18: Subtask generate_spotify_data
[2026-02-07T13:49:55.908+0000] {task_command.py:423} INFO - Running <TaskInstance: airflow_dbt_spotify_pipeline.generate_spotify_data manual__2026-02-07T13:49:54.438176+00:00 [running]> on host 47d76e1ca2e6
[2026-02-07T13:49:55.963+0000] {taskinstance.py:2480} INFO - Exporting env vars: AIRFLOW_CTX_DAG_OWNER='***' AIRFLOW_CTX_DAG_ID='***_dbt_spotify_pipeline' AIRFLOW_CTX_TASK_ID='generate_spotify_data' AIRFLOW_CTX_EXECUTION_DATE='2026-02-07T13:49:54.438176+00:00' AIRFLOW_CTX_TRY_NUMBER='1' AIRFLOW_CTX_DAG_RUN_ID='manual__2026-02-07T13:49:54.438176+00:00'
[2026-02-07T13:49:55.964+0000] {subprocess.py:63} INFO - Tmp dir root location: /tmp
[2026-02-07T13:49:55.965+0000] {subprocess.py:75} INFO - Running command: ['/usr/bin/bash', '-c', 'python /opt/***/include/row_data_generation/extract_spotify_data.py']
[2026-02-07T13:49:55.973+0000] {subprocess.py:86} INFO - Output:
[2026-02-07T13:49:56.139+0000] {subprocess.py:93} INFO - 2026-02-07 13:49:56,139 [INFO] Found 7 artist IDs and 48 track IDs.
[2026-02-07T13:49:56.140+0000] {subprocess.py:93} INFO - 2026-02-07 13:49:56,139 [INFO] Step 1: Fetching artists data from Spotify API...
[2026-02-07T13:49:56.942+0000] {subprocess.py:93} INFO - 2026-02-07 13:49:56,941 [INFO] Fetched 0 artists successfully.
[2026-02-07T13:49:56.944+0000] {subprocess.py:93} INFO - 2026-02-07 13:49:56,942 [INFO] Fetching tracks data from Spotify API...
[2026-02-07T13:49:57.556+0000] {subprocess.py:93} INFO - 2026-02-07 13:49:57,555 [INFO] Fetched 0 tracks successfully.
[2026-02-07T13:49:57.558+0000] {subprocess.py:93} INFO - 2026-02-07 13:49:57,556 [INFO] Step 2: Uploading artists data to MinIO...
[2026-02-07T13:49:57.558+0000] {subprocess.py:93} INFO - 2026-02-07 13:49:57,556 [INFO] Starting MinIO upload process...
[2026-02-07T13:49:57.642+0000] {subprocess.py:93} INFO - 2026-02-07 13:49:57,642 [INFO] S3 client created for endpoint 'minio:9000' (secure=False).
[2026-02-07T13:49:57.648+0000] {subprocess.py:93} INFO - 2026-02-07 13:49:57,648 [INFO] MinIO bucket 'row-data' already exists.
[2026-02-07T13:49:57.649+0000] {subprocess.py:93} INFO - 2026-02-07 13:49:57,648 [INFO] Bucket 'row-data' verified/created.
[2026-02-07T13:49:57.655+0000] {subprocess.py:93} INFO - 2026-02-07 13:49:57,655 [INFO] Uploaded 'artists' JSON to MinIO bucket 'row-data' at 'spotify_data/artists_2026-02-07.json'.
[2026-02-07T13:49:57.655+0000] {subprocess.py:93} INFO - 2026-02-07 13:49:57,655 [INFO] Artists data uploaded successfully to 'spotify_data/artists_2026-02-07.json'
[2026-02-07T13:49:57.656+0000] {subprocess.py:93} INFO - 2026-02-07 13:49:57,655 [INFO] Uploading tracks data to MinIO...
[2026-02-07T13:49:57.656+0000] {subprocess.py:93} INFO - 2026-02-07 13:49:57,655 [INFO] Starting MinIO upload process...
[2026-02-07T13:49:57.658+0000] {subprocess.py:93} INFO - 2026-02-07 13:49:57,658 [INFO] S3 client created for endpoint 'minio:9000' (secure=False).
[2026-02-07T13:49:57.660+0000] {subprocess.py:93} INFO - 2026-02-07 13:49:57,660 [INFO] MinIO bucket 'row-data' already exists.
[2026-02-07T13:49:57.660+0000] {subprocess.py:93} INFO - 2026-02-07 13:49:57,660 [INFO] Bucket 'row-data' verified/created.
[2026-02-07T13:49:57.665+0000] {subprocess.py:93} INFO - 2026-02-07 13:49:57,665 [INFO] Uploaded 'tracks' JSON to MinIO bucket 'row-data' at 'spotify_data/tracks_2026-02-07.json'.
[2026-02-07T13:49:57.665+0000] {subprocess.py:93} INFO - 2026-02-07 13:49:57,665 [INFO] Tracks data uploaded successfully to 'spotify_data/tracks_2026-02-07.json'
[2026-02-07T13:49:57.701+0000] {subprocess.py:97} INFO - Command exited with return code 0
[2026-02-07T13:49:57.721+0000] {taskinstance.py:1138} INFO - Marking task as SUCCESS. dag_id=***_dbt_spotify_pipeline, task_id=generate_spotify_data, execution_date=20260207T134954, start_date=20260207T134955, end_date=20260207T134957
[2026-02-07T13:49:57.770+0000] {local_task_job_runner.py:234} INFO - Task exited with return code 0
[2026-02-07T13:49:57.783+0000] {taskinstance.py:3280} INFO - 0 downstream tasks scheduled from follow-on schedule check
