[2026-02-08T11:29:23.204+0000] {taskinstance.py:1956} INFO - Dependencies all met for dep_context=non-requeueable deps ti=<TaskInstance: airflow_dbt_spotify_pipeline.modelling manual__2026-02-08T11:29:13.004408+00:00 [queued]>
[2026-02-08T11:29:23.208+0000] {taskinstance.py:1956} INFO - Dependencies all met for dep_context=requeueable deps ti=<TaskInstance: airflow_dbt_spotify_pipeline.modelling manual__2026-02-08T11:29:13.004408+00:00 [queued]>
[2026-02-08T11:29:23.208+0000] {taskinstance.py:2170} INFO - Starting attempt 1 of 2
[2026-02-08T11:29:23.213+0000] {taskinstance.py:2191} INFO - Executing <Task(BashOperator): modelling> on 2026-02-08 11:29:13.004408+00:00
[2026-02-08T11:29:23.215+0000] {standard_task_runner.py:60} INFO - Started process 232 to run task
[2026-02-08T11:29:23.217+0000] {standard_task_runner.py:87} INFO - Running: ['***', 'tasks', 'run', '***_dbt_spotify_pipeline', 'modelling', 'manual__2026-02-08T11:29:13.004408+00:00', '--job-id', '327', '--raw', '--subdir', 'DAGS_FOLDER/sportify_pipeline_dag.py', '--cfg-path', '/tmp/tmphj4k6cpl']
[2026-02-08T11:29:23.218+0000] {standard_task_runner.py:88} INFO - Job 327: Subtask modelling
[2026-02-08T11:29:23.241+0000] {task_command.py:423} INFO - Running <TaskInstance: airflow_dbt_spotify_pipeline.modelling manual__2026-02-08T11:29:13.004408+00:00 [running]> on host 3b8193d7b522
[2026-02-08T11:29:23.273+0000] {taskinstance.py:2480} INFO - Exporting env vars: AIRFLOW_CTX_DAG_EMAIL='edison@inkomoko.com' AIRFLOW_CTX_DAG_OWNER='INKOMOKO' AIRFLOW_CTX_DAG_ID='***_dbt_spotify_pipeline' AIRFLOW_CTX_TASK_ID='modelling' AIRFLOW_CTX_EXECUTION_DATE='2026-02-08T11:29:13.004408+00:00' AIRFLOW_CTX_TRY_NUMBER='1' AIRFLOW_CTX_DAG_RUN_ID='manual__2026-02-08T11:29:13.004408+00:00'
[2026-02-08T11:29:23.274+0000] {subprocess.py:63} INFO - Tmp dir root location: /tmp
[2026-02-08T11:29:23.274+0000] {subprocess.py:75} INFO - Running command: ['/usr/bin/bash', '-c', 'dbt deps && dbt run --select path:models --target dev']
[2026-02-08T11:29:23.278+0000] {subprocess.py:86} INFO - Output:
[2026-02-08T11:29:24.076+0000] {subprocess.py:93} INFO - [0m11:29:24  Running with dbt=1.11.3
[2026-02-08T11:29:25.018+0000] {subprocess.py:93} INFO - [0m11:29:25  Installing dbt-labs/dbt_utils
[2026-02-08T11:29:26.097+0000] {subprocess.py:93} INFO - [0m11:29:26  Installed from version 1.1.1
[2026-02-08T11:29:26.097+0000] {subprocess.py:93} INFO - [0m11:29:26  Updated version available: 1.3.3
[2026-02-08T11:29:26.098+0000] {subprocess.py:93} INFO - [0m11:29:26
[2026-02-08T11:29:26.099+0000] {subprocess.py:93} INFO - [0m11:29:26  Updates available for packages: ['dbt-labs/dbt_utils']
[2026-02-08T11:29:26.099+0000] {subprocess.py:93} INFO - Update your versions in packages.yml, then run dbt deps
[2026-02-08T11:29:27.155+0000] {subprocess.py:93} INFO - [0m11:29:27  Running with dbt=1.11.3
[2026-02-08T11:29:27.281+0000] {subprocess.py:93} INFO - [0m11:29:27  Registered adapter: postgres=1.10.0
[2026-02-08T11:29:27.572+0000] {subprocess.py:93} INFO - [0m11:29:27  Found 4 models, 42 data tests, 3 sources, 579 macros
[2026-02-08T11:29:27.573+0000] {subprocess.py:93} INFO - [0m11:29:27
[2026-02-08T11:29:27.574+0000] {subprocess.py:93} INFO - [0m11:29:27  Concurrency: 10 threads (target='dev')
[2026-02-08T11:29:27.574+0000] {subprocess.py:93} INFO - [0m11:29:27
[2026-02-08T11:29:27.646+0000] {subprocess.py:93} INFO - [0m11:29:27  1 of 4 START sql table model mart.mart_album_performance ....................... [RUN]
[2026-02-08T11:29:27.646+0000] {subprocess.py:93} INFO - [0m11:29:27  2 of 4 START sql table model mart.mart_artist_performance ...................... [RUN]
[2026-02-08T11:29:27.647+0000] {subprocess.py:93} INFO - [0m11:29:27  3 of 4 START sql table model mart.mart_catalog_overview ........................ [RUN]
[2026-02-08T11:29:27.647+0000] {subprocess.py:93} INFO - [0m11:29:27  4 of 4 START sql table model mart.mart_track_performance ....................... [RUN]
[2026-02-08T11:29:27.838+0000] {subprocess.py:93} INFO - [0m11:29:27  4 of 4 OK created sql table model mart.mart_track_performance .................. [[32mSELECT 48[0m in 0.19s]
[2026-02-08T11:29:27.839+0000] {subprocess.py:93} INFO - [0m11:29:27  3 of 4 OK created sql table model mart.mart_catalog_overview ................... [[32mSELECT 1[0m in 0.19s]
[2026-02-08T11:29:27.840+0000] {subprocess.py:93} INFO - [0m11:29:27  2 of 4 OK created sql table model mart.mart_artist_performance ................. [[32mSELECT 9[0m in 0.19s]
[2026-02-08T11:29:27.840+0000] {subprocess.py:93} INFO - [0m11:29:27  1 of 4 OK created sql table model mart.mart_album_performance .................. [[32mSELECT 29[0m in 0.19s]
[2026-02-08T11:29:27.854+0000] {subprocess.py:93} INFO - [0m11:29:27
[2026-02-08T11:29:27.854+0000] {subprocess.py:93} INFO - [0m11:29:27  Finished running 4 table models in 0 hours 0 minutes and 0.28 seconds (0.28s).
[2026-02-08T11:29:27.893+0000] {subprocess.py:93} INFO - [0m11:29:27
[2026-02-08T11:29:27.894+0000] {subprocess.py:93} INFO - [0m11:29:27  [32mCompleted successfully[0m
[2026-02-08T11:29:27.894+0000] {subprocess.py:93} INFO - [0m11:29:27
[2026-02-08T11:29:27.894+0000] {subprocess.py:93} INFO - [0m11:29:27  Done. PASS=4 WARN=0 ERROR=0 SKIP=0 NO-OP=0 TOTAL=4
[2026-02-08T11:29:28.032+0000] {subprocess.py:97} INFO - Command exited with return code 0
[2026-02-08T11:29:28.050+0000] {taskinstance.py:1138} INFO - Marking task as SUCCESS. dag_id=***_dbt_spotify_pipeline, task_id=modelling, execution_date=20260208T112913, start_date=20260208T112923, end_date=20260208T112928
[2026-02-08T11:29:28.099+0000] {local_task_job_runner.py:234} INFO - Task exited with return code 0
[2026-02-08T11:29:28.111+0000] {taskinstance.py:3280} INFO - 0 downstream tasks scheduled from follow-on schedule check
