[2026-02-08T10:57:11.393+0000] {taskinstance.py:1956} INFO - Dependencies all met for dep_context=non-requeueable deps ti=<TaskInstance: airflow_dbt_spotify_pipeline.prepare_staging_data manual__2026-02-08T10:57:08.054922+00:00 [queued]>
[2026-02-08T10:57:11.397+0000] {taskinstance.py:1956} INFO - Dependencies all met for dep_context=requeueable deps ti=<TaskInstance: airflow_dbt_spotify_pipeline.prepare_staging_data manual__2026-02-08T10:57:08.054922+00:00 [queued]>
[2026-02-08T10:57:11.397+0000] {taskinstance.py:2170} INFO - Starting attempt 1 of 2
[2026-02-08T10:57:11.401+0000] {taskinstance.py:2191} INFO - Executing <Task(_PythonDecoratedOperator): prepare_staging_data> on 2026-02-08 10:57:08.054922+00:00
[2026-02-08T10:57:11.404+0000] {standard_task_runner.py:60} INFO - Started process 2571 to run task
[2026-02-08T10:57:11.406+0000] {standard_task_runner.py:87} INFO - Running: ['***', 'tasks', 'run', '***_dbt_spotify_pipeline', 'prepare_staging_data', 'manual__2026-02-08T10:57:08.054922+00:00', '--job-id', '289', '--raw', '--subdir', 'DAGS_FOLDER/sportify_pipeline_dag.py', '--cfg-path', '/tmp/tmprkwx_9i4']
[2026-02-08T10:57:11.407+0000] {standard_task_runner.py:88} INFO - Job 289: Subtask prepare_staging_data
[2026-02-08T10:57:11.430+0000] {task_command.py:423} INFO - Running <TaskInstance: airflow_dbt_spotify_pipeline.prepare_staging_data manual__2026-02-08T10:57:08.054922+00:00 [running]> on host 63d90b64f023
[2026-02-08T10:57:11.464+0000] {taskinstance.py:2480} INFO - Exporting env vars: AIRFLOW_CTX_DAG_EMAIL='edison@inkomoko.com' AIRFLOW_CTX_DAG_OWNER='INKOMOKO' AIRFLOW_CTX_DAG_ID='***_dbt_spotify_pipeline' AIRFLOW_CTX_TASK_ID='prepare_staging_data' AIRFLOW_CTX_EXECUTION_DATE='2026-02-08T10:57:08.054922+00:00' AIRFLOW_CTX_TRY_NUMBER='1' AIRFLOW_CTX_DAG_RUN_ID='manual__2026-02-08T10:57:08.054922+00:00'
[2026-02-08T10:57:11.598+0000] {sportify_pipeline_dag.py:180} INFO - Processing object: spotify_data/tracks/tracks_2026-02-08.json
[2026-02-08T10:57:11.603+0000] {sportify_pipeline_dag.py:206} ERROR - Error processing Spotify data: validate_source_data() missing 1 required positional argument: 'object_key'
[2026-02-08T10:57:11.603+0000] {taskinstance.py:2698} ERROR - Task failed with exception
Traceback (most recent call last):
  File "/home/airflow/.local/lib/python3.10/site-packages/airflow/models/taskinstance.py", line 433, in _execute_task
    result = execute_callable(context=context, **execute_callable_kwargs)
  File "/home/airflow/.local/lib/python3.10/site-packages/airflow/decorators/base.py", line 241, in execute
    return_value = super().execute(context)
  File "/home/airflow/.local/lib/python3.10/site-packages/airflow/operators/python.py", line 199, in execute
    return_value = self.execute_callable()
  File "/home/airflow/.local/lib/python3.10/site-packages/airflow/operators/python.py", line 216, in execute_callable
    return self.python_callable(*self.op_args, **self.op_kwargs)
  File "/opt/airflow/dags/sportify_pipeline_dag.py", line 196, in prepare_staging_data
    transformed_artists_data, transformed_albums_data, transformed_tracks_data = transform_tracks_data(
  File "/opt/airflow/dags/include/transformation/prepare_spotify_data.py", line 13, in transform_tracks_data
    validation_result = validate_source_data(data)
TypeError: validate_source_data() missing 1 required positional argument: 'object_key'
[2026-02-08T10:57:11.612+0000] {taskinstance.py:1138} INFO - Marking task as UP_FOR_RETRY. dag_id=***_dbt_spotify_pipeline, task_id=prepare_staging_data, execution_date=20260208T105708, start_date=20260208T105711, end_date=20260208T105711
[2026-02-08T10:57:11.623+0000] {standard_task_runner.py:107} ERROR - Failed to execute job 289 for task prepare_staging_data (validate_source_data() missing 1 required positional argument: 'object_key'; 2571)
[2026-02-08T10:57:11.661+0000] {local_task_job_runner.py:234} INFO - Task exited with return code 1
[2026-02-08T10:57:11.686+0000] {taskinstance.py:3280} INFO - 0 downstream tasks scheduled from follow-on schedule check
