[2026-02-07T22:43:35.468+0000] {taskinstance.py:1956} INFO - Dependencies all met for dep_context=non-requeueable deps ti=<TaskInstance: airflow_dbt_spotify_pipeline.load_processed_data_into_staging manual__2026-02-07T22:43:20.069791+00:00 [queued]>
[2026-02-07T22:43:35.473+0000] {taskinstance.py:1956} INFO - Dependencies all met for dep_context=requeueable deps ti=<TaskInstance: airflow_dbt_spotify_pipeline.load_processed_data_into_staging manual__2026-02-07T22:43:20.069791+00:00 [queued]>
[2026-02-07T22:43:35.474+0000] {taskinstance.py:2170} INFO - Starting attempt 1 of 1
[2026-02-07T22:43:35.480+0000] {taskinstance.py:2191} INFO - Executing <Task(_PythonDecoratedOperator): load_processed_data_into_staging> on 2026-02-07 22:43:20.069791+00:00
[2026-02-07T22:43:35.483+0000] {standard_task_runner.py:60} INFO - Started process 2191 to run task
[2026-02-07T22:43:35.487+0000] {standard_task_runner.py:87} INFO - Running: ['***', 'tasks', 'run', '***_dbt_spotify_pipeline', 'load_processed_data_into_staging', 'manual__2026-02-07T22:43:20.069791+00:00', '--job-id', '95', '--raw', '--subdir', 'DAGS_FOLDER/sportify_pipeline_dag.py', '--cfg-path', '/tmp/tmpqeog57yr']
[2026-02-07T22:43:35.489+0000] {standard_task_runner.py:88} INFO - Job 95: Subtask load_processed_data_into_staging
[2026-02-07T22:43:35.518+0000] {task_command.py:423} INFO - Running <TaskInstance: airflow_dbt_spotify_pipeline.load_processed_data_into_staging manual__2026-02-07T22:43:20.069791+00:00 [running]> on host 21cbd0825da9
[2026-02-07T22:43:35.584+0000] {taskinstance.py:2480} INFO - Exporting env vars: AIRFLOW_CTX_DAG_OWNER='***' AIRFLOW_CTX_DAG_ID='***_dbt_spotify_pipeline' AIRFLOW_CTX_TASK_ID='load_processed_data_into_staging' AIRFLOW_CTX_EXECUTION_DATE='2026-02-07T22:43:20.069791+00:00' AIRFLOW_CTX_TRY_NUMBER='1' AIRFLOW_CTX_DAG_RUN_ID='manual__2026-02-07T22:43:20.069791+00:00'
[2026-02-07T22:43:35.599+0000] {base.py:83} INFO - Using connection ID 'postgres_spotify_conn' for task execution.
[2026-02-07T22:43:35.630+0000] {base.py:83} INFO - Using connection ID 'postgres_spotify_conn' for task execution.
[2026-02-07T22:43:35.655+0000] {base.py:83} INFO - Using connection ID 'postgres_spotify_conn' for task execution.
[2026-02-07T22:43:35.673+0000] {load_data.py:44} ERROR - Error Occured When trying to load the data: insert or update on table "stg_tracks" violates foreign key constraint "fk_track_artist"
DETAIL:  Key (artist_id)=(1uNFoZAHBGtllmzznpCI3s) is not present in table "stg_artists".

[2026-02-07T22:43:35.673+0000] {taskinstance.py:2698} ERROR - Task failed with exception
Traceback (most recent call last):
  File "/home/airflow/.local/lib/python3.10/site-packages/airflow/models/taskinstance.py", line 433, in _execute_task
    result = execute_callable(context=context, **execute_callable_kwargs)
  File "/home/airflow/.local/lib/python3.10/site-packages/airflow/decorators/base.py", line 241, in execute
    return_value = super().execute(context)
  File "/home/airflow/.local/lib/python3.10/site-packages/airflow/operators/python.py", line 199, in execute
    return_value = self.execute_callable()
  File "/home/airflow/.local/lib/python3.10/site-packages/airflow/operators/python.py", line 216, in execute_callable
    return self.python_callable(*self.op_args, **self.op_kwargs)
  File "/opt/airflow/dags/sportify_pipeline_dag.py", line 97, in load_processed_data_into_staging
    load_data_to_postgres("stg_tracks", tracks_data,"track_id")
  File "/opt/airflow/dags/include/load_data.py", line 40, in load_data_to_postgres
    execute_values(cur, insert_query, values)
  File "/home/airflow/.local/lib/python3.10/site-packages/psycopg2/extras.py", line 1299, in execute_values
    cur.execute(b''.join(parts))
psycopg2.errors.ForeignKeyViolation: insert or update on table "stg_tracks" violates foreign key constraint "fk_track_artist"
DETAIL:  Key (artist_id)=(1uNFoZAHBGtllmzznpCI3s) is not present in table "stg_artists".

[2026-02-07T22:43:35.680+0000] {taskinstance.py:1138} INFO - Marking task as FAILED. dag_id=***_dbt_spotify_pipeline, task_id=load_processed_data_into_staging, execution_date=20260207T224320, start_date=20260207T224335, end_date=20260207T224335
[2026-02-07T22:43:35.686+0000] {standard_task_runner.py:107} ERROR - Failed to execute job 95 for task load_processed_data_into_staging (insert or update on table "stg_tracks" violates foreign key constraint "fk_track_artist"
DETAIL:  Key (artist_id)=(1uNFoZAHBGtllmzznpCI3s) is not present in table "stg_artists".
; 2191)
[2026-02-07T22:43:35.700+0000] {local_task_job_runner.py:234} INFO - Task exited with return code 1
[2026-02-07T22:43:35.710+0000] {taskinstance.py:3280} INFO - 0 downstream tasks scheduled from follow-on schedule check
