[2026-02-07T19:30:55.194+0000] {taskinstance.py:1956} INFO - Dependencies all met for dep_context=non-requeueable deps ti=<TaskInstance: airflow_dbt_spotify_pipeline.generate_spotify_data manual__2026-02-07T19:30:53.537216+00:00 [queued]>
[2026-02-07T19:30:55.198+0000] {taskinstance.py:1956} INFO - Dependencies all met for dep_context=requeueable deps ti=<TaskInstance: airflow_dbt_spotify_pipeline.generate_spotify_data manual__2026-02-07T19:30:53.537216+00:00 [queued]>
[2026-02-07T19:30:55.199+0000] {taskinstance.py:2170} INFO - Starting attempt 1 of 1
[2026-02-07T19:30:55.216+0000] {taskinstance.py:2191} INFO - Executing <Task(BashOperator): generate_spotify_data> on 2026-02-07 19:30:53.537216+00:00
[2026-02-07T19:30:55.229+0000] {standard_task_runner.py:60} INFO - Started process 2276 to run task
[2026-02-07T19:30:55.231+0000] {standard_task_runner.py:87} INFO - Running: ['***', 'tasks', 'run', '***_dbt_spotify_pipeline', 'generate_spotify_data', 'manual__2026-02-07T19:30:53.537216+00:00', '--job-id', '68', '--raw', '--subdir', 'DAGS_FOLDER/sportify_pipeline_dag.py', '--cfg-path', '/tmp/tmpll3t5vby']
[2026-02-07T19:30:55.232+0000] {standard_task_runner.py:88} INFO - Job 68: Subtask generate_spotify_data
[2026-02-07T19:30:55.266+0000] {task_command.py:423} INFO - Running <TaskInstance: airflow_dbt_spotify_pipeline.generate_spotify_data manual__2026-02-07T19:30:53.537216+00:00 [running]> on host 778b8342bcc9
[2026-02-07T19:30:55.308+0000] {taskinstance.py:2480} INFO - Exporting env vars: AIRFLOW_CTX_DAG_OWNER='***' AIRFLOW_CTX_DAG_ID='***_dbt_spotify_pipeline' AIRFLOW_CTX_TASK_ID='generate_spotify_data' AIRFLOW_CTX_EXECUTION_DATE='2026-02-07T19:30:53.537216+00:00' AIRFLOW_CTX_TRY_NUMBER='1' AIRFLOW_CTX_DAG_RUN_ID='manual__2026-02-07T19:30:53.537216+00:00'
[2026-02-07T19:30:55.309+0000] {subprocess.py:63} INFO - Tmp dir root location: /tmp
[2026-02-07T19:30:55.310+0000] {subprocess.py:75} INFO - Running command: ['/usr/bin/bash', '-c', 'python /opt/***/dags/include/row_data_generation/extract_spotify_data.py']
[2026-02-07T19:30:55.383+0000] {subprocess.py:86} INFO - Output:
[2026-02-07T19:30:56.671+0000] {subprocess.py:93} INFO - [[34m2026-02-07T19:30:56.662+0000[0m] {[34mextract_spotify_data.py:[0m205} INFO[0m - Found 7 artist IDs and 48 track IDs.[0m
[2026-02-07T19:30:56.675+0000] {subprocess.py:93} INFO - [[34m2026-02-07T19:30:56.671+0000[0m] {[34mextract_spotify_data.py:[0m208} INFO[0m - Step 1: Fetching artists data from Spotify API...[0m
[2026-02-07T19:30:56.676+0000] {subprocess.py:93} INFO - [[34m2026-02-07T19:30:56.671+0000[0m] {[34mextract_spotify_data.py:[0m61} INFO[0m - Start Pulling Artists data at https://api.spotify.com/v1/artists?ids=4iHNK0tOyZPYnBU7nGAgpQ,5lpH0xAS4fVfLkACg9DAuM,4cPHsZM98sKzmV26wlwD2W,1GxkXlMwML1oSg5eLPiAz3,66CXWjxzNUsdJxJ2JdwvnR,0sgV4klGs1Y1dgbBi28JlD,7fAKtXSdNInWAIf0jVUz65[0m
[2026-02-07T19:30:57.767+0000] {subprocess.py:93} INFO - [[34m2026-02-07T19:30:57.766+0000[0m] {[34mextract_spotify_data.py:[0m66} ERROR[0m - Failed to fetch tracks data. Status code: 401, Response: {
[2026-02-07T19:30:57.768+0000] {subprocess.py:93} INFO -   "error": {
[2026-02-07T19:30:57.769+0000] {subprocess.py:93} INFO -     "status": 401,
[2026-02-07T19:30:57.769+0000] {subprocess.py:93} INFO -     "message": "The access token expired"
[2026-02-07T19:30:57.769+0000] {subprocess.py:93} INFO -   }
[2026-02-07T19:30:57.770+0000] {subprocess.py:93} INFO - }[0m
[2026-02-07T19:30:57.770+0000] {subprocess.py:93} INFO - [[34m2026-02-07T19:30:57.766+0000[0m] {[34mextract_spotify_data.py:[0m74} ERROR[0m - Error Occured While trying to fetch data for artists: Spotify API request for pulling artist data failed with status code 401[0m
[2026-02-07T19:30:57.771+0000] {subprocess.py:93} INFO - [[34m2026-02-07T19:30:57.767+0000[0m] {[34mextract_spotify_data.py:[0m214} ERROR[0m - Failed to fetch artists data: Error Occured While trying to fetch data for artists[0m
[2026-02-07T19:30:57.772+0000] {subprocess.py:93} INFO - [[34m2026-02-07T19:30:57.768+0000[0m] {[34mextract_spotify_data.py:[0m217} INFO[0m - Fetching tracks data from Spotify API...[0m
[2026-02-07T19:30:57.772+0000] {subprocess.py:93} INFO - [[34m2026-02-07T19:30:57.768+0000[0m] {[34mextract_spotify_data.py:[0m94} INFO[0m - Start Pulling Tracks data at https://api.spotify.com/v1/tracks?ids=0bYg9bo50gSsH3LtXe2SQn,3PIDciSFdrQxSQSihim3hN,5EGPf0nqO7vEIwsOX6Er98,4EI8VuxUuIHKfafU72emqz,3RSpK5Y0y5tl25qvssrwJ6,6xkryXuiZU360Lngd4sx13,1f2lkuLldqRzvaFjJdjGXX,2VkuxjlbnbaBiWYpdBGVol,1IUtgwxLYzDVd41EgbKUjX,3B7FO3kJ5kv3mX7yiaB7sT,2FRnf9qhLbvw8fu4IBXx78,0ikz6tENMONtK6qGkOrU3c,5Qicor4jFNgZQxSf6UxEzw,5hXEcqQhEjfZdbIZLO8mf2,73OZT1XgLleDwperqGjWH4,6tASfEUyB7lE2r6DLzURji,0PhU6i6Kei6x0CH3jocvA3,2gG7E5OZi5D5QLRIctv63z,54ujCgwE4qTm8iRFmw0S5j,5AhRNIjYPBleR1lfHphcrE,2EjXfH91m7f8HiJN1yQg97,09OojFvtrM9YRzRjnXqJjA,6yBdCzVK3vP8uDfkLGS8E9,0MKnGJzNdEqOscI6xu9R3m,6Eh1XqjaOX2BVL0hVCnwb0,60jQTAr2OkFcV4SWSRz3st,7xrpNuqDgFlf10X93CwixY,5JccvAiwcZ7n3urnXqWPsG,4LJcNiq2pBb8OeqrGdBJQw,2oGrSrg08RVLHeqFH1eaHZ,3it2BvJfyhPEWF3kD2TZJ1,6rqn19AqjcM5wgI1hCYciJ,5dLwdEJAFzjQbeRrDL5uzo,0zLmRVBlZJ3IJTkChSXkBp,27fIrMVmHLxP2Hot6qVxsy,47CctmFYrX4htszDZCVaLM,1FZP4hpT4iuLaOb5HpriLq,2rMK6uQxoSGYWOXtzPUY4Z,19fbN84F5YHDyv8dyTbCO8,2368r2D53RhpfIlLBHAXLl,0lizgQ7Qw35od7CYaoMBZb,51ZQ1vr10ffzbwIjDCwqm4,2O3MQ6H3gjrIWDcpeTrikT,1oFAF1hdPOickyHgbuRjyX,76FZM38RC8XaAjJ77CVTNe,7xoUc6faLbCqZO6fQEYprd,6ocbgoVGwYJhOv1GgI9NsF,44ONERBHALxftQNWq6dmyd[0m
[2026-02-07T19:30:58.477+0000] {subprocess.py:93} INFO - [[34m2026-02-07T19:30:58.477+0000[0m] {[34mextract_spotify_data.py:[0m99} ERROR[0m - Failed to fetch tracks data. Status code: 401, Response: {
[2026-02-07T19:30:58.478+0000] {subprocess.py:93} INFO -   "error": {
[2026-02-07T19:30:58.478+0000] {subprocess.py:93} INFO -     "status": 401,
[2026-02-07T19:30:58.479+0000] {subprocess.py:93} INFO -     "message": "The access token expired"
[2026-02-07T19:30:58.479+0000] {subprocess.py:93} INFO -   }
[2026-02-07T19:30:58.480+0000] {subprocess.py:93} INFO - }[0m
[2026-02-07T19:30:58.481+0000] {subprocess.py:93} INFO - [[34m2026-02-07T19:30:58.477+0000[0m] {[34mextract_spotify_data.py:[0m106} ERROR[0m - Error Occured While trying to fetch data for artists: Spotify API request  for pulling tracks data failed with status code 401[0m
[2026-02-07T19:30:58.482+0000] {subprocess.py:93} INFO - [[34m2026-02-07T19:30:58.477+0000[0m] {[34mextract_spotify_data.py:[0m224} ERROR[0m - Failed to fetch tracks data: Error Occured While trying to fetch data for artists[0m
[2026-02-07T19:30:58.483+0000] {subprocess.py:93} INFO - [[34m2026-02-07T19:30:58.478+0000[0m] {[34mextract_spotify_data.py:[0m228} CRITICAL[0m - No data extracted from Spotify. Exiting workflow.[0m
[2026-02-07T19:30:58.685+0000] {subprocess.py:97} INFO - Command exited with return code 0
[2026-02-07T19:30:58.721+0000] {taskinstance.py:1138} INFO - Marking task as SUCCESS. dag_id=***_dbt_spotify_pipeline, task_id=generate_spotify_data, execution_date=20260207T193053, start_date=20260207T193055, end_date=20260207T193058
[2026-02-07T19:30:58.768+0000] {local_task_job_runner.py:234} INFO - Task exited with return code 0
[2026-02-07T19:30:58.795+0000] {taskinstance.py:3280} INFO - 1 downstream tasks scheduled from follow-on schedule check
