[2026-02-08T10:07:13.147+0000] {taskinstance.py:1956} INFO - Dependencies all met for dep_context=non-requeueable deps ti=<TaskInstance: airflow_dbt_spotify_pipeline.modelling manual__2026-02-08T10:06:52.334627+00:00 [queued]>
[2026-02-08T10:07:13.151+0000] {taskinstance.py:1956} INFO - Dependencies all met for dep_context=requeueable deps ti=<TaskInstance: airflow_dbt_spotify_pipeline.modelling manual__2026-02-08T10:06:52.334627+00:00 [queued]>
[2026-02-08T10:07:13.151+0000] {taskinstance.py:2170} INFO - Starting attempt 1 of 2
[2026-02-08T10:07:13.157+0000] {taskinstance.py:2191} INFO - Executing <Task(BashOperator): modelling> on 2026-02-08 10:06:52.334627+00:00
[2026-02-08T10:07:13.159+0000] {standard_task_runner.py:60} INFO - Started process 1262 to run task
[2026-02-08T10:07:13.162+0000] {standard_task_runner.py:87} INFO - Running: ['***', 'tasks', 'run', '***_dbt_spotify_pipeline', 'modelling', 'manual__2026-02-08T10:06:52.334627+00:00', '--job-id', '263', '--raw', '--subdir', 'DAGS_FOLDER/sportify_pipeline_dag.py', '--cfg-path', '/tmp/tmp6wfc65st']
[2026-02-08T10:07:13.163+0000] {standard_task_runner.py:88} INFO - Job 263: Subtask modelling
[2026-02-08T10:07:13.185+0000] {task_command.py:423} INFO - Running <TaskInstance: airflow_dbt_spotify_pipeline.modelling manual__2026-02-08T10:06:52.334627+00:00 [running]> on host 63d90b64f023
[2026-02-08T10:07:13.218+0000] {taskinstance.py:2480} INFO - Exporting env vars: AIRFLOW_CTX_DAG_EMAIL='edison@inkomoko.com' AIRFLOW_CTX_DAG_OWNER='INKOMOKO' AIRFLOW_CTX_DAG_ID='***_dbt_spotify_pipeline' AIRFLOW_CTX_TASK_ID='modelling' AIRFLOW_CTX_EXECUTION_DATE='2026-02-08T10:06:52.334627+00:00' AIRFLOW_CTX_TRY_NUMBER='1' AIRFLOW_CTX_DAG_RUN_ID='manual__2026-02-08T10:06:52.334627+00:00'
[2026-02-08T10:07:13.218+0000] {subprocess.py:63} INFO - Tmp dir root location: /tmp
[2026-02-08T10:07:13.219+0000] {subprocess.py:75} INFO - Running command: ['/usr/bin/bash', '-c', 'dbt deps && dbt run --select path:models --target dev']
[2026-02-08T10:07:13.223+0000] {subprocess.py:86} INFO - Output:
[2026-02-08T10:07:14.208+0000] {subprocess.py:93} INFO - [0m10:07:14  Running with dbt=1.11.3
[2026-02-08T10:07:14.898+0000] {subprocess.py:93} INFO - [0m10:07:14  Installing dbt-labs/dbt_utils
[2026-02-08T10:07:16.240+0000] {subprocess.py:93} INFO - [0m10:07:16  Installed from version 1.1.1
[2026-02-08T10:07:16.249+0000] {subprocess.py:93} INFO - [0m10:07:16  Updated version available: 1.3.3
[2026-02-08T10:07:16.250+0000] {subprocess.py:93} INFO - [0m10:07:16
[2026-02-08T10:07:16.250+0000] {subprocess.py:93} INFO - [0m10:07:16  Updates available for packages: ['dbt-labs/dbt_utils']
[2026-02-08T10:07:16.251+0000] {subprocess.py:93} INFO - Update your versions in packages.yml, then run dbt deps
[2026-02-08T10:07:17.351+0000] {subprocess.py:93} INFO - [0m10:07:17  Running with dbt=1.11.3
[2026-02-08T10:07:17.500+0000] {subprocess.py:93} INFO - [0m10:07:17  Registered adapter: postgres=1.10.0
[2026-02-08T10:07:17.834+0000] {subprocess.py:93} INFO - [0m10:07:17  Found 4 models, 42 data tests, 3 sources, 579 macros
[2026-02-08T10:07:17.836+0000] {subprocess.py:93} INFO - [0m10:07:17
[2026-02-08T10:07:17.836+0000] {subprocess.py:93} INFO - [0m10:07:17  Concurrency: 10 threads (target='dev')
[2026-02-08T10:07:17.836+0000] {subprocess.py:93} INFO - [0m10:07:17
[2026-02-08T10:07:17.907+0000] {subprocess.py:93} INFO - [0m10:07:17  1 of 4 START sql table model mart.mart_album_performance ....................... [RUN]
[2026-02-08T10:07:17.908+0000] {subprocess.py:93} INFO - [0m10:07:17  2 of 4 START sql table model mart.mart_artist_performance ...................... [RUN]
[2026-02-08T10:07:17.908+0000] {subprocess.py:93} INFO - [0m10:07:17  3 of 4 START sql table model mart.mart_catalog_overview ........................ [RUN]
[2026-02-08T10:07:17.908+0000] {subprocess.py:93} INFO - [0m10:07:17  4 of 4 START sql table model mart.mart_track_performance ....................... [RUN]
[2026-02-08T10:07:18.075+0000] {subprocess.py:93} INFO - [0m10:07:18  4 of 4 OK created sql table model mart.mart_track_performance .................. [[32mSELECT 48[0m in 0.16s]
[2026-02-08T10:07:18.078+0000] {subprocess.py:93} INFO - [0m10:07:18  3 of 4 OK created sql table model mart.mart_catalog_overview ................... [[32mSELECT 1[0m in 0.17s]
[2026-02-08T10:07:18.079+0000] {subprocess.py:93} INFO - [0m10:07:18  2 of 4 OK created sql table model mart.mart_artist_performance ................. [[32mSELECT 9[0m in 0.17s]
[2026-02-08T10:07:18.080+0000] {subprocess.py:93} INFO - [0m10:07:18  1 of 4 OK created sql table model mart.mart_album_performance .................. [[32mSELECT 29[0m in 0.17s]
[2026-02-08T10:07:18.094+0000] {subprocess.py:93} INFO - [0m10:07:18
[2026-02-08T10:07:18.094+0000] {subprocess.py:93} INFO - [0m10:07:18  Finished running 4 table models in 0 hours 0 minutes and 0.26 seconds (0.26s).
[2026-02-08T10:07:18.133+0000] {subprocess.py:93} INFO - [0m10:07:18
[2026-02-08T10:07:18.133+0000] {subprocess.py:93} INFO - [0m10:07:18  [32mCompleted successfully[0m
[2026-02-08T10:07:18.133+0000] {subprocess.py:93} INFO - [0m10:07:18
[2026-02-08T10:07:18.134+0000] {subprocess.py:93} INFO - [0m10:07:18  Done. PASS=4 WARN=0 ERROR=0 SKIP=0 NO-OP=0 TOTAL=4
[2026-02-08T10:07:18.281+0000] {subprocess.py:97} INFO - Command exited with return code 0
[2026-02-08T10:07:18.298+0000] {taskinstance.py:1138} INFO - Marking task as SUCCESS. dag_id=***_dbt_spotify_pipeline, task_id=modelling, execution_date=20260208T100652, start_date=20260208T100713, end_date=20260208T100718
[2026-02-08T10:07:18.314+0000] {local_task_job_runner.py:234} INFO - Task exited with return code 0
[2026-02-08T10:07:18.323+0000] {taskinstance.py:3280} INFO - 0 downstream tasks scheduled from follow-on schedule check
