[2026-02-08T10:59:30.206+0000] {taskinstance.py:1956} INFO - Dependencies all met for dep_context=non-requeueable deps ti=<TaskInstance: airflow_dbt_spotify_pipeline.modelling manual__2026-02-08T10:59:19.279201+00:00 [queued]>
[2026-02-08T10:59:30.210+0000] {taskinstance.py:1956} INFO - Dependencies all met for dep_context=requeueable deps ti=<TaskInstance: airflow_dbt_spotify_pipeline.modelling manual__2026-02-08T10:59:19.279201+00:00 [queued]>
[2026-02-08T10:59:30.210+0000] {taskinstance.py:2170} INFO - Starting attempt 1 of 2
[2026-02-08T10:59:30.215+0000] {taskinstance.py:2191} INFO - Executing <Task(BashOperator): modelling> on 2026-02-08 10:59:19.279201+00:00
[2026-02-08T10:59:30.217+0000] {standard_task_runner.py:60} INFO - Started process 2661 to run task
[2026-02-08T10:59:30.219+0000] {standard_task_runner.py:87} INFO - Running: ['***', 'tasks', 'run', '***_dbt_spotify_pipeline', 'modelling', 'manual__2026-02-08T10:59:19.279201+00:00', '--job-id', '297', '--raw', '--subdir', 'DAGS_FOLDER/sportify_pipeline_dag.py', '--cfg-path', '/tmp/tmp9cc_qdt8']
[2026-02-08T10:59:30.221+0000] {standard_task_runner.py:88} INFO - Job 297: Subtask modelling
[2026-02-08T10:59:30.244+0000] {task_command.py:423} INFO - Running <TaskInstance: airflow_dbt_spotify_pipeline.modelling manual__2026-02-08T10:59:19.279201+00:00 [running]> on host 63d90b64f023
[2026-02-08T10:59:30.277+0000] {taskinstance.py:2480} INFO - Exporting env vars: AIRFLOW_CTX_DAG_EMAIL='edison@inkomoko.com' AIRFLOW_CTX_DAG_OWNER='INKOMOKO' AIRFLOW_CTX_DAG_ID='***_dbt_spotify_pipeline' AIRFLOW_CTX_TASK_ID='modelling' AIRFLOW_CTX_EXECUTION_DATE='2026-02-08T10:59:19.279201+00:00' AIRFLOW_CTX_TRY_NUMBER='1' AIRFLOW_CTX_DAG_RUN_ID='manual__2026-02-08T10:59:19.279201+00:00'
[2026-02-08T10:59:30.278+0000] {subprocess.py:63} INFO - Tmp dir root location: /tmp
[2026-02-08T10:59:30.278+0000] {subprocess.py:75} INFO - Running command: ['/usr/bin/bash', '-c', 'dbt deps && dbt run --select path:models --target dev']
[2026-02-08T10:59:30.283+0000] {subprocess.py:86} INFO - Output:
[2026-02-08T10:59:31.081+0000] {subprocess.py:93} INFO - [0m10:59:31  Running with dbt=1.11.3
[2026-02-08T10:59:31.967+0000] {subprocess.py:93} INFO - [0m10:59:31  Installing dbt-labs/dbt_utils
[2026-02-08T10:59:33.218+0000] {subprocess.py:93} INFO - [0m10:59:33  Installed from version 1.1.1
[2026-02-08T10:59:33.219+0000] {subprocess.py:93} INFO - [0m10:59:33  Updated version available: 1.3.3
[2026-02-08T10:59:33.219+0000] {subprocess.py:93} INFO - [0m10:59:33
[2026-02-08T10:59:33.220+0000] {subprocess.py:93} INFO - [0m10:59:33  Updates available for packages: ['dbt-labs/dbt_utils']
[2026-02-08T10:59:33.220+0000] {subprocess.py:93} INFO - Update your versions in packages.yml, then run dbt deps
[2026-02-08T10:59:34.965+0000] {subprocess.py:93} INFO - [0m10:59:34  Running with dbt=1.11.3
[2026-02-08T10:59:35.109+0000] {subprocess.py:93} INFO - [0m10:59:35  Registered adapter: postgres=1.10.0
[2026-02-08T10:59:35.589+0000] {subprocess.py:93} INFO - [0m10:59:35  Found 4 models, 42 data tests, 3 sources, 579 macros
[2026-02-08T10:59:35.592+0000] {subprocess.py:93} INFO - [0m10:59:35
[2026-02-08T10:59:35.593+0000] {subprocess.py:93} INFO - [0m10:59:35  Concurrency: 10 threads (target='dev')
[2026-02-08T10:59:35.593+0000] {subprocess.py:93} INFO - [0m10:59:35
[2026-02-08T10:59:35.717+0000] {subprocess.py:93} INFO - [0m10:59:35  1 of 4 START sql table model mart.mart_album_performance ....................... [RUN]
[2026-02-08T10:59:35.718+0000] {subprocess.py:93} INFO - [0m10:59:35  2 of 4 START sql table model mart.mart_artist_performance ...................... [RUN]
[2026-02-08T10:59:35.718+0000] {subprocess.py:93} INFO - [0m10:59:35  3 of 4 START sql table model mart.mart_catalog_overview ........................ [RUN]
[2026-02-08T10:59:35.718+0000] {subprocess.py:93} INFO - [0m10:59:35  4 of 4 START sql table model mart.mart_track_performance ....................... [RUN]
[2026-02-08T10:59:35.937+0000] {subprocess.py:93} INFO - [0m10:59:35  1 of 4 OK created sql table model mart.mart_album_performance .................. [[32mSELECT 29[0m in 0.21s]
[2026-02-08T10:59:35.942+0000] {subprocess.py:93} INFO - [0m10:59:35  4 of 4 OK created sql table model mart.mart_track_performance .................. [[32mSELECT 48[0m in 0.22s]
[2026-02-08T10:59:35.942+0000] {subprocess.py:93} INFO - [0m10:59:35  3 of 4 OK created sql table model mart.mart_catalog_overview ................... [[32mSELECT 1[0m in 0.22s]
[2026-02-08T10:59:35.944+0000] {subprocess.py:93} INFO - [0m10:59:35  2 of 4 OK created sql table model mart.mart_artist_performance ................. [[32mSELECT 9[0m in 0.22s]
[2026-02-08T10:59:35.962+0000] {subprocess.py:93} INFO - [0m10:59:35
[2026-02-08T10:59:35.963+0000] {subprocess.py:93} INFO - [0m10:59:35  Finished running 4 table models in 0 hours 0 minutes and 0.37 seconds (0.37s).
[2026-02-08T10:59:36.112+0000] {subprocess.py:93} INFO - [0m10:59:36
[2026-02-08T10:59:36.112+0000] {subprocess.py:93} INFO - [0m10:59:36  [32mCompleted successfully[0m
[2026-02-08T10:59:36.113+0000] {subprocess.py:93} INFO - [0m10:59:36
[2026-02-08T10:59:36.113+0000] {subprocess.py:93} INFO - [0m10:59:36  Done. PASS=4 WARN=0 ERROR=0 SKIP=0 NO-OP=0 TOTAL=4
[2026-02-08T10:59:36.299+0000] {subprocess.py:97} INFO - Command exited with return code 0
[2026-02-08T10:59:36.328+0000] {taskinstance.py:1138} INFO - Marking task as SUCCESS. dag_id=***_dbt_spotify_pipeline, task_id=modelling, execution_date=20260208T105919, start_date=20260208T105930, end_date=20260208T105936
[2026-02-08T10:59:36.393+0000] {local_task_job_runner.py:234} INFO - Task exited with return code 0
[2026-02-08T10:59:36.404+0000] {taskinstance.py:3280} INFO - 0 downstream tasks scheduled from follow-on schedule check
