[2026-02-08T09:13:13.548+0000] {taskinstance.py:1956} INFO - Dependencies all met for dep_context=non-requeueable deps ti=<TaskInstance: airflow_dbt_spotify_pipeline.create_spotify_db_and_staging_tables manual__2026-02-08T09:13:08.608667+00:00 [queued]>
[2026-02-08T09:13:13.552+0000] {taskinstance.py:1956} INFO - Dependencies all met for dep_context=requeueable deps ti=<TaskInstance: airflow_dbt_spotify_pipeline.create_spotify_db_and_staging_tables manual__2026-02-08T09:13:08.608667+00:00 [queued]>
[2026-02-08T09:13:13.552+0000] {taskinstance.py:2170} INFO - Starting attempt 1 of 1
[2026-02-08T09:13:13.557+0000] {taskinstance.py:2191} INFO - Executing <Task(PostgresOperator): create_spotify_db_and_staging_tables> on 2026-02-08 09:13:08.608667+00:00
[2026-02-08T09:13:13.560+0000] {standard_task_runner.py:60} INFO - Started process 436 to run task
[2026-02-08T09:13:13.561+0000] {standard_task_runner.py:87} INFO - Running: ['***', 'tasks', 'run', '***_dbt_spotify_pipeline', 'create_spotify_db_and_staging_tables', 'manual__2026-02-08T09:13:08.608667+00:00', '--job-id', '198', '--raw', '--subdir', 'DAGS_FOLDER/sportify_pipeline_dag.py', '--cfg-path', '/tmp/tmpot31f24l']
[2026-02-08T09:13:13.563+0000] {standard_task_runner.py:88} INFO - Job 198: Subtask create_spotify_db_and_staging_tables
[2026-02-08T09:13:13.584+0000] {task_command.py:423} INFO - Running <TaskInstance: airflow_dbt_spotify_pipeline.create_spotify_db_and_staging_tables manual__2026-02-08T09:13:08.608667+00:00 [running]> on host 189f7e197985
[2026-02-08T09:13:13.616+0000] {taskinstance.py:2480} INFO - Exporting env vars: AIRFLOW_CTX_DAG_OWNER='***' AIRFLOW_CTX_DAG_ID='***_dbt_spotify_pipeline' AIRFLOW_CTX_TASK_ID='create_spotify_db_and_staging_tables' AIRFLOW_CTX_EXECUTION_DATE='2026-02-08T09:13:08.608667+00:00' AIRFLOW_CTX_TRY_NUMBER='1' AIRFLOW_CTX_DAG_RUN_ID='manual__2026-02-08T09:13:08.608667+00:00'
[2026-02-08T09:13:13.617+0000] {sql.py:276} INFO - Executing: -- Create schema for staging tables
CREATE SCHEMA IF NOT EXISTS staging;

-- Creating Schema for analytics models
CREATE SCHEMA IF NOT EXISTS mart;

-- Artists
CREATE TABLE IF NOT EXISTS staging.stg_artists (
    artist_id TEXT PRIMARY KEY,
    name TEXT NOT NULL,
    created_at DATE
);

CREATE INDEX IF NOT EXISTS idx_stg_artists_name
ON staging.stg_artists(name);

-- Albums
CREATE TABLE IF NOT EXISTS staging.stg_albums (
    album_id TEXT PRIMARY KEY,
    main_artist_id TEXT NOT NULL,
    name TEXT NOT NULL,
    release_date DATE,
    release_date_precision TEXT,
    total_tracks INTEGER CHECK (total_tracks >= 0),
    album_type TEXT NOT NULL,
    created_at DATE,

    CONSTRAINT fk_album_artist
        FOREIGN KEY (main_artist_id)
        REFERENCES staging.stg_artists(artist_id)
        ON DELETE RESTRICT
);

CREATE INDEX IF NOT EXISTS idx_stg_albums_release_date
ON staging.stg_albums(release_date);

-- Tracks
CREATE TABLE IF NOT EXISTS staging.stg_tracks (
    track_id TEXT PRIMARY KEY,
    name TEXT NOT NULL,
    artist_id TEXT NOT NULL,
    album_id TEXT NOT NULL,
    popularity INTEGER,
    duration_ms INTEGER CHECK (duration_ms >= 0),
    track_number INTEGER CHECK (track_number >= 1),
    disc_number INTEGER CHECK (disc_number >= 1),
    is_local BOOLEAN NOT NULL,
    created_at DATE,

    CONSTRAINT fk_track_artist
        FOREIGN KEY (artist_id)
        REFERENCES staging.stg_artists(artist_id),

    CONSTRAINT fk_track_album
        FOREIGN KEY (album_id)
        REFERENCES staging.stg_albums(album_id)
);
[2026-02-08T09:13:13.621+0000] {base.py:83} INFO - Using connection ID 'postgres_spotify_conn' for task execution.
[2026-02-08T09:13:13.625+0000] {base.py:83} INFO - Using connection ID 'postgres_spotify_conn' for task execution.
[2026-02-08T09:13:13.634+0000] {sql.py:450} INFO - Running statement: -- Create schema for staging tables
CREATE SCHEMA IF NOT EXISTS staging;

-- Creating Schema for analytics models
CREATE SCHEMA IF NOT EXISTS mart;

-- Artists
CREATE TABLE IF NOT EXISTS staging.stg_artists (
    artist_id TEXT PRIMARY KEY,
    name TEXT NOT NULL,
    created_at DATE
);

CREATE INDEX IF NOT EXISTS idx_stg_artists_name
ON staging.stg_artists(name);

-- Albums
CREATE TABLE IF NOT EXISTS staging.stg_albums (
    album_id TEXT PRIMARY KEY,
    main_artist_id TEXT NOT NULL,
    name TEXT NOT NULL,
    release_date DATE,
    release_date_precision TEXT,
    total_tracks INTEGER CHECK (total_tracks >= 0),
    album_type TEXT NOT NULL,
    created_at DATE,

    CONSTRAINT fk_album_artist
        FOREIGN KEY (main_artist_id)
        REFERENCES staging.stg_artists(artist_id)
        ON DELETE RESTRICT
);

CREATE INDEX IF NOT EXISTS idx_stg_albums_release_date
ON staging.stg_albums(release_date);

-- Tracks
CREATE TABLE IF NOT EXISTS staging.stg_tracks (
    track_id TEXT PRIMARY KEY,
    name TEXT NOT NULL,
    artist_id TEXT NOT NULL,
    album_id TEXT NOT NULL,
    popularity INTEGER,
    duration_ms INTEGER CHECK (duration_ms >= 0),
    track_number INTEGER CHECK (track_number >= 1),
    disc_number INTEGER CHECK (disc_number >= 1),
    is_local BOOLEAN NOT NULL,
    created_at DATE,

    CONSTRAINT fk_track_artist
        FOREIGN KEY (artist_id)
        REFERENCES staging.stg_artists(artist_id),

    CONSTRAINT fk_track_album
        FOREIGN KEY (album_id)
        REFERENCES staging.stg_albums(album_id)
);, parameters: None
[2026-02-08T09:13:13.641+0000] {taskinstance.py:1138} INFO - Marking task as SUCCESS. dag_id=***_dbt_spotify_pipeline, task_id=create_spotify_db_and_staging_tables, execution_date=20260208T091308, start_date=20260208T091313, end_date=20260208T091313
[2026-02-08T09:13:13.654+0000] {local_task_job_runner.py:234} INFO - Task exited with return code 0
[2026-02-08T09:13:13.740+0000] {taskinstance.py:3280} INFO - 1 downstream tasks scheduled from follow-on schedule check
