[2026-02-07T10:11:17.386+0000] {taskinstance.py:1956} INFO - Dependencies all met for dep_context=non-requeueable deps ti=<TaskInstance: airflow_dbt_spotify_pipeline.generate_spotify_data scheduled__2026-02-06T00:00:00+00:00 [queued]>
[2026-02-07T10:11:17.389+0000] {taskinstance.py:1956} INFO - Dependencies all met for dep_context=requeueable deps ti=<TaskInstance: airflow_dbt_spotify_pipeline.generate_spotify_data scheduled__2026-02-06T00:00:00+00:00 [queued]>
[2026-02-07T10:11:17.389+0000] {taskinstance.py:2170} INFO - Starting attempt 1 of 1
[2026-02-07T10:11:17.394+0000] {taskinstance.py:2191} INFO - Executing <Task(BashOperator): generate_spotify_data> on 2026-02-06 00:00:00+00:00
[2026-02-07T10:11:17.399+0000] {standard_task_runner.py:60} INFO - Started process 926 to run task
[2026-02-07T10:11:17.409+0000] {standard_task_runner.py:87} INFO - Running: ['***', 'tasks', 'run', '***_dbt_spotify_pipeline', 'generate_spotify_data', 'scheduled__2026-02-06T00:00:00+00:00', '--job-id', '7', '--raw', '--subdir', 'DAGS_FOLDER/sportify_pipeline_dag.py', '--cfg-path', '/tmp/tmpyi42tg74']
[2026-02-07T10:11:17.412+0000] {standard_task_runner.py:88} INFO - Job 7: Subtask generate_spotify_data
[2026-02-07T10:11:17.543+0000] {task_command.py:423} INFO - Running <TaskInstance: airflow_dbt_spotify_pipeline.generate_spotify_data scheduled__2026-02-06T00:00:00+00:00 [running]> on host 47d76e1ca2e6
[2026-02-07T10:11:17.853+0000] {taskinstance.py:2480} INFO - Exporting env vars: AIRFLOW_CTX_DAG_OWNER='***' AIRFLOW_CTX_DAG_ID='***_dbt_spotify_pipeline' AIRFLOW_CTX_TASK_ID='generate_spotify_data' AIRFLOW_CTX_EXECUTION_DATE='2026-02-06T00:00:00+00:00' AIRFLOW_CTX_TRY_NUMBER='1' AIRFLOW_CTX_DAG_RUN_ID='scheduled__2026-02-06T00:00:00+00:00'
[2026-02-07T10:11:17.861+0000] {subprocess.py:63} INFO - Tmp dir root location: /tmp
[2026-02-07T10:11:17.864+0000] {subprocess.py:75} INFO - Running command: ['/usr/bin/bash', '-c', 'python /opt/***/include/row_data_generation/extract_spotify_data.py']
[2026-02-07T10:11:17.876+0000] {subprocess.py:86} INFO - Output:
[2026-02-07T10:11:17.919+0000] {subprocess.py:93} INFO - Traceback (most recent call last):
[2026-02-07T10:11:17.920+0000] {subprocess.py:93} INFO -   File "/opt/***/include/row_data_generation/extract_spotify_data.py", line 6, in <module>
[2026-02-07T10:11:17.920+0000] {subprocess.py:93} INFO -     import spotipy
[2026-02-07T10:11:17.920+0000] {subprocess.py:93} INFO - ModuleNotFoundError: No module named 'spotipy'
[2026-02-07T10:11:17.922+0000] {subprocess.py:97} INFO - Command exited with return code 1
[2026-02-07T10:11:17.933+0000] {taskinstance.py:2698} ERROR - Task failed with exception
Traceback (most recent call last):
  File "/home/airflow/.local/lib/python3.10/site-packages/airflow/models/taskinstance.py", line 433, in _execute_task
    result = execute_callable(context=context, **execute_callable_kwargs)
  File "/home/airflow/.local/lib/python3.10/site-packages/airflow/operators/bash.py", line 212, in execute
    raise AirflowException(
airflow.exceptions.AirflowException: Bash command failed. The command returned a non-zero exit code 1.
[2026-02-07T10:11:17.935+0000] {taskinstance.py:1138} INFO - Marking task as FAILED. dag_id=***_dbt_spotify_pipeline, task_id=generate_spotify_data, execution_date=20260206T000000, start_date=20260207T101117, end_date=20260207T101117
[2026-02-07T10:11:17.942+0000] {standard_task_runner.py:107} ERROR - Failed to execute job 7 for task generate_spotify_data (Bash command failed. The command returned a non-zero exit code 1.; 926)
[2026-02-07T10:11:17.981+0000] {local_task_job_runner.py:234} INFO - Task exited with return code 1
[2026-02-07T10:11:17.993+0000] {taskinstance.py:3280} INFO - 0 downstream tasks scheduled from follow-on schedule check
