[2026-02-07T13:56:22.704+0000] {taskinstance.py:1956} INFO - Dependencies all met for dep_context=non-requeueable deps ti=<TaskInstance: airflow_dbt_spotify_pipeline.generate_spotify_data manual__2026-02-07T13:56:21.240482+00:00 [queued]>
[2026-02-07T13:56:22.707+0000] {taskinstance.py:1956} INFO - Dependencies all met for dep_context=requeueable deps ti=<TaskInstance: airflow_dbt_spotify_pipeline.generate_spotify_data manual__2026-02-07T13:56:21.240482+00:00 [queued]>
[2026-02-07T13:56:22.708+0000] {taskinstance.py:2170} INFO - Starting attempt 1 of 1
[2026-02-07T13:56:22.713+0000] {taskinstance.py:2191} INFO - Executing <Task(BashOperator): generate_spotify_data> on 2026-02-07 13:56:21.240482+00:00
[2026-02-07T13:56:22.717+0000] {standard_task_runner.py:60} INFO - Started process 5911 to run task
[2026-02-07T13:56:22.719+0000] {standard_task_runner.py:87} INFO - Running: ['***', 'tasks', 'run', '***_dbt_spotify_pipeline', 'generate_spotify_data', 'manual__2026-02-07T13:56:21.240482+00:00', '--job-id', '21', '--raw', '--subdir', 'DAGS_FOLDER/sportify_pipeline_dag.py', '--cfg-path', '/tmp/tmpzxwp3q22']
[2026-02-07T13:56:22.721+0000] {standard_task_runner.py:88} INFO - Job 21: Subtask generate_spotify_data
[2026-02-07T13:56:22.771+0000] {task_command.py:423} INFO - Running <TaskInstance: airflow_dbt_spotify_pipeline.generate_spotify_data manual__2026-02-07T13:56:21.240482+00:00 [running]> on host 47d76e1ca2e6
[2026-02-07T13:56:22.828+0000] {taskinstance.py:2480} INFO - Exporting env vars: AIRFLOW_CTX_DAG_OWNER='***' AIRFLOW_CTX_DAG_ID='***_dbt_spotify_pipeline' AIRFLOW_CTX_TASK_ID='generate_spotify_data' AIRFLOW_CTX_EXECUTION_DATE='2026-02-07T13:56:21.240482+00:00' AIRFLOW_CTX_TRY_NUMBER='1' AIRFLOW_CTX_DAG_RUN_ID='manual__2026-02-07T13:56:21.240482+00:00'
[2026-02-07T13:56:22.829+0000] {subprocess.py:63} INFO - Tmp dir root location: /tmp
[2026-02-07T13:56:22.830+0000] {subprocess.py:75} INFO - Running command: ['/usr/bin/bash', '-c', 'python /opt/***/include/row_data_generation/extract_spotify_data.py']
[2026-02-07T13:56:22.838+0000] {subprocess.py:86} INFO - Output:
[2026-02-07T13:56:23.007+0000] {subprocess.py:93} INFO - 2026-02-07 13:56:23,007 [INFO] Found 7 artist IDs and 48 track IDs.
[2026-02-07T13:56:23.008+0000] {subprocess.py:93} INFO - 2026-02-07 13:56:23,007 [INFO] Step 1: Fetching artists data from Spotify API...
[2026-02-07T13:56:23.750+0000] {subprocess.py:93} INFO - 2026-02-07 13:56:23,749 [INFO] Fetched 7 artists successfully.
[2026-02-07T13:56:23.752+0000] {subprocess.py:93} INFO - 2026-02-07 13:56:23,750 [INFO] Fetching tracks data from Spotify API...
[2026-02-07T13:56:24.720+0000] {subprocess.py:93} INFO - 2026-02-07 13:56:24,720 [INFO] Fetched 48 tracks successfully.
[2026-02-07T13:56:24.721+0000] {subprocess.py:93} INFO - 2026-02-07 13:56:24,720 [INFO] Step 2: Uploading artists data to MinIO...
[2026-02-07T13:56:24.721+0000] {subprocess.py:93} INFO - 2026-02-07 13:56:24,720 [INFO] Starting MinIO upload process...
[2026-02-07T13:56:24.808+0000] {subprocess.py:93} INFO - 2026-02-07 13:56:24,807 [INFO] S3 client created for endpoint 'minio:9000' (secure=False).
[2026-02-07T13:56:24.814+0000] {subprocess.py:93} INFO - 2026-02-07 13:56:24,814 [INFO] MinIO bucket 'row-data' already exists.
[2026-02-07T13:56:24.814+0000] {subprocess.py:93} INFO - 2026-02-07 13:56:24,814 [INFO] Bucket 'row-data' verified/created.
[2026-02-07T13:56:24.823+0000] {subprocess.py:93} INFO - 2026-02-07 13:56:24,823 [INFO] Uploaded 'artists' JSON to MinIO bucket 'row-data' at 'spotify_data/artists_2026-02-07.json'.
[2026-02-07T13:56:24.823+0000] {subprocess.py:93} INFO - 2026-02-07 13:56:24,823 [INFO] Artists data uploaded successfully to 'spotify_data/artists_2026-02-07.json'
[2026-02-07T13:56:24.823+0000] {subprocess.py:93} INFO - 2026-02-07 13:56:24,823 [INFO] Uploading tracks data to MinIO...
[2026-02-07T13:56:24.824+0000] {subprocess.py:93} INFO - 2026-02-07 13:56:24,823 [INFO] Starting MinIO upload process...
[2026-02-07T13:56:24.825+0000] {subprocess.py:93} INFO - 2026-02-07 13:56:24,825 [INFO] S3 client created for endpoint 'minio:9000' (secure=False).
[2026-02-07T13:56:24.828+0000] {subprocess.py:93} INFO - 2026-02-07 13:56:24,828 [INFO] MinIO bucket 'row-data' already exists.
[2026-02-07T13:56:24.828+0000] {subprocess.py:93} INFO - 2026-02-07 13:56:24,828 [INFO] Bucket 'row-data' verified/created.
[2026-02-07T13:56:24.844+0000] {subprocess.py:93} INFO - 2026-02-07 13:56:24,844 [INFO] Uploaded 'tracks' JSON to MinIO bucket 'row-data' at 'spotify_data/tracks_2026-02-07.json'.
[2026-02-07T13:56:24.845+0000] {subprocess.py:93} INFO - 2026-02-07 13:56:24,845 [INFO] Tracks data uploaded successfully to 'spotify_data/tracks_2026-02-07.json'
[2026-02-07T13:56:24.880+0000] {subprocess.py:97} INFO - Command exited with return code 0
[2026-02-07T13:56:24.894+0000] {taskinstance.py:1138} INFO - Marking task as SUCCESS. dag_id=***_dbt_spotify_pipeline, task_id=generate_spotify_data, execution_date=20260207T135621, start_date=20260207T135622, end_date=20260207T135624
[2026-02-07T13:56:24.908+0000] {local_task_job_runner.py:234} INFO - Task exited with return code 0
[2026-02-07T13:56:24.917+0000] {taskinstance.py:3280} INFO - 0 downstream tasks scheduled from follow-on schedule check
