[2026-02-07T20:08:08.195+0000] {taskinstance.py:1956} INFO - Dependencies all met for dep_context=non-requeueable deps ti=<TaskInstance: airflow_dbt_spotify_pipeline.load_processed_data_into_staging manual__2026-02-07T20:08:00.217199+00:00 [queued]>
[2026-02-07T20:08:08.199+0000] {taskinstance.py:1956} INFO - Dependencies all met for dep_context=requeueable deps ti=<TaskInstance: airflow_dbt_spotify_pipeline.load_processed_data_into_staging manual__2026-02-07T20:08:00.217199+00:00 [queued]>
[2026-02-07T20:08:08.199+0000] {taskinstance.py:2170} INFO - Starting attempt 1 of 1
[2026-02-07T20:08:08.205+0000] {taskinstance.py:2191} INFO - Executing <Task(_PythonDecoratedOperator): load_processed_data_into_staging> on 2026-02-07 20:08:00.217199+00:00
[2026-02-07T20:08:08.208+0000] {standard_task_runner.py:60} INFO - Started process 3128 to run task
[2026-02-07T20:08:08.210+0000] {standard_task_runner.py:87} INFO - Running: ['***', 'tasks', 'run', '***_dbt_spotify_pipeline', 'load_processed_data_into_staging', 'manual__2026-02-07T20:08:00.217199+00:00', '--job-id', '77', '--raw', '--subdir', 'DAGS_FOLDER/sportify_pipeline_dag.py', '--cfg-path', '/tmp/tmph_3d4con']
[2026-02-07T20:08:08.211+0000] {standard_task_runner.py:88} INFO - Job 77: Subtask load_processed_data_into_staging
[2026-02-07T20:08:08.237+0000] {task_command.py:423} INFO - Running <TaskInstance: airflow_dbt_spotify_pipeline.load_processed_data_into_staging manual__2026-02-07T20:08:00.217199+00:00 [running]> on host 778b8342bcc9
[2026-02-07T20:08:08.285+0000] {taskinstance.py:2480} INFO - Exporting env vars: AIRFLOW_CTX_DAG_OWNER='***' AIRFLOW_CTX_DAG_ID='***_dbt_spotify_pipeline' AIRFLOW_CTX_TASK_ID='load_processed_data_into_staging' AIRFLOW_CTX_EXECUTION_DATE='2026-02-07T20:08:00.217199+00:00' AIRFLOW_CTX_TRY_NUMBER='1' AIRFLOW_CTX_DAG_RUN_ID='manual__2026-02-07T20:08:00.217199+00:00'
[2026-02-07T20:08:08.290+0000] {base.py:83} INFO - Using connection ID 'postgres_spotify_conn' for task execution.
[2026-02-07T20:08:08.301+0000] {load_data.py:44} ERROR - Error Occured When trying to load the data: relation "staging.stg_artists" does not exist
LINE 2:         INSERT INTO staging.stg_artists (artist_id, name, fo...
                            ^

[2026-02-07T20:08:08.301+0000] {taskinstance.py:2698} ERROR - Task failed with exception
Traceback (most recent call last):
  File "/home/airflow/.local/lib/python3.10/site-packages/airflow/models/taskinstance.py", line 433, in _execute_task
    result = execute_callable(context=context, **execute_callable_kwargs)
  File "/home/airflow/.local/lib/python3.10/site-packages/airflow/decorators/base.py", line 241, in execute
    return_value = super().execute(context)
  File "/home/airflow/.local/lib/python3.10/site-packages/airflow/operators/python.py", line 199, in execute
    return_value = self.execute_callable()
  File "/home/airflow/.local/lib/python3.10/site-packages/airflow/operators/python.py", line 216, in execute_callable
    return self.python_callable(*self.op_args, **self.op_kwargs)
  File "/opt/airflow/dags/sportify_pipeline_dag.py", line 95, in load_processed_data_into_staging
    load_data_to_postgres("stg_artists", artists_data,"artist_id")
  File "/opt/airflow/dags/include/load_data.py", line 40, in load_data_to_postgres
    execute_values(cur, insert_query, values)
  File "/home/airflow/.local/lib/python3.10/site-packages/psycopg2/extras.py", line 1299, in execute_values
    cur.execute(b''.join(parts))
psycopg2.errors.UndefinedTable: relation "staging.stg_artists" does not exist
LINE 2:         INSERT INTO staging.stg_artists (artist_id, name, fo...
                            ^

[2026-02-07T20:08:08.309+0000] {taskinstance.py:1138} INFO - Marking task as FAILED. dag_id=***_dbt_spotify_pipeline, task_id=load_processed_data_into_staging, execution_date=20260207T200800, start_date=20260207T200808, end_date=20260207T200808
[2026-02-07T20:08:08.316+0000] {standard_task_runner.py:107} ERROR - Failed to execute job 77 for task load_processed_data_into_staging (relation "staging.stg_artists" does not exist
LINE 2:         INSERT INTO staging.stg_artists (artist_id, name, fo...
                            ^
; 3128)
[2026-02-07T20:08:08.348+0000] {local_task_job_runner.py:234} INFO - Task exited with return code 1
[2026-02-07T20:08:08.378+0000] {taskinstance.py:3280} INFO - 0 downstream tasks scheduled from follow-on schedule check
