[2026-02-08T11:36:52.411+0000] {taskinstance.py:1956} INFO - Dependencies all met for dep_context=non-requeueable deps ti=<TaskInstance: airflow_dbt_spotify_pipeline.modelling manual__2026-02-08T11:36:42.872921+00:00 [queued]>
[2026-02-08T11:36:52.415+0000] {taskinstance.py:1956} INFO - Dependencies all met for dep_context=requeueable deps ti=<TaskInstance: airflow_dbt_spotify_pipeline.modelling manual__2026-02-08T11:36:42.872921+00:00 [queued]>
[2026-02-08T11:36:52.416+0000] {taskinstance.py:2170} INFO - Starting attempt 1 of 2
[2026-02-08T11:36:52.421+0000] {taskinstance.py:2191} INFO - Executing <Task(BashOperator): modelling> on 2026-02-08 11:36:42.872921+00:00
[2026-02-08T11:36:52.424+0000] {standard_task_runner.py:60} INFO - Started process 222 to run task
[2026-02-08T11:36:52.426+0000] {standard_task_runner.py:87} INFO - Running: ['***', 'tasks', 'run', '***_dbt_spotify_pipeline', 'modelling', 'manual__2026-02-08T11:36:42.872921+00:00', '--job-id', '336', '--raw', '--subdir', 'DAGS_FOLDER/sportify_pipeline_dag.py', '--cfg-path', '/tmp/tmpbyx3ybi_']
[2026-02-08T11:36:52.427+0000] {standard_task_runner.py:88} INFO - Job 336: Subtask modelling
[2026-02-08T11:36:52.457+0000] {task_command.py:423} INFO - Running <TaskInstance: airflow_dbt_spotify_pipeline.modelling manual__2026-02-08T11:36:42.872921+00:00 [running]> on host 5a42da00a5d6
[2026-02-08T11:36:52.515+0000] {taskinstance.py:2480} INFO - Exporting env vars: AIRFLOW_CTX_DAG_EMAIL='edison@inkomoko.com' AIRFLOW_CTX_DAG_OWNER='INKOMOKO' AIRFLOW_CTX_DAG_ID='***_dbt_spotify_pipeline' AIRFLOW_CTX_TASK_ID='modelling' AIRFLOW_CTX_EXECUTION_DATE='2026-02-08T11:36:42.872921+00:00' AIRFLOW_CTX_TRY_NUMBER='1' AIRFLOW_CTX_DAG_RUN_ID='manual__2026-02-08T11:36:42.872921+00:00'
[2026-02-08T11:36:52.516+0000] {subprocess.py:63} INFO - Tmp dir root location: /tmp
[2026-02-08T11:36:52.516+0000] {subprocess.py:75} INFO - Running command: ['/usr/bin/bash', '-c', 'dbt deps && dbt run --select path:models --target dev']
[2026-02-08T11:36:52.522+0000] {subprocess.py:86} INFO - Output:
[2026-02-08T11:36:53.289+0000] {subprocess.py:93} INFO - [0m11:36:53  Running with dbt=1.11.3
[2026-02-08T11:36:54.868+0000] {subprocess.py:93} INFO - [0m11:36:54  Installing dbt-labs/dbt_utils
[2026-02-08T11:36:56.176+0000] {subprocess.py:93} INFO - [0m11:36:56  Installed from version 1.1.1
[2026-02-08T11:36:56.178+0000] {subprocess.py:93} INFO - [0m11:36:56  Updated version available: 1.3.3
[2026-02-08T11:36:56.180+0000] {subprocess.py:93} INFO - [0m11:36:56
[2026-02-08T11:36:56.181+0000] {subprocess.py:93} INFO - [0m11:36:56  Updates available for packages: ['dbt-labs/dbt_utils']
[2026-02-08T11:36:56.182+0000] {subprocess.py:93} INFO - Update your versions in packages.yml, then run dbt deps
[2026-02-08T11:36:57.136+0000] {subprocess.py:93} INFO - [0m11:36:57  Running with dbt=1.11.3
[2026-02-08T11:36:57.261+0000] {subprocess.py:93} INFO - [0m11:36:57  Registered adapter: postgres=1.10.0
[2026-02-08T11:36:57.559+0000] {subprocess.py:93} INFO - [0m11:36:57  Found 4 models, 42 data tests, 3 sources, 579 macros
[2026-02-08T11:36:57.561+0000] {subprocess.py:93} INFO - [0m11:36:57
[2026-02-08T11:36:57.561+0000] {subprocess.py:93} INFO - [0m11:36:57  Concurrency: 10 threads (target='dev')
[2026-02-08T11:36:57.561+0000] {subprocess.py:93} INFO - [0m11:36:57
[2026-02-08T11:36:57.634+0000] {subprocess.py:93} INFO - [0m11:36:57  1 of 4 START sql table model mart.mart_album_performance ....................... [RUN]
[2026-02-08T11:36:57.635+0000] {subprocess.py:93} INFO - [0m11:36:57  2 of 4 START sql table model mart.mart_artist_performance ...................... [RUN]
[2026-02-08T11:36:57.635+0000] {subprocess.py:93} INFO - [0m11:36:57  3 of 4 START sql table model mart.mart_catalog_overview ........................ [RUN]
[2026-02-08T11:36:57.635+0000] {subprocess.py:93} INFO - [0m11:36:57  4 of 4 START sql table model mart.mart_track_performance ....................... [RUN]
[2026-02-08T11:36:57.765+0000] {subprocess.py:93} INFO - [0m11:36:57  1 of 4 OK created sql table model mart.mart_album_performance .................. [[32mSELECT 29[0m in 0.13s]
[2026-02-08T11:36:57.767+0000] {subprocess.py:93} INFO - [0m11:36:57  4 of 4 OK created sql table model mart.mart_track_performance .................. [[32mSELECT 48[0m in 0.13s]
[2026-02-08T11:36:57.768+0000] {subprocess.py:93} INFO - [0m11:36:57  3 of 4 OK created sql table model mart.mart_catalog_overview ................... [[32mSELECT 1[0m in 0.13s]
[2026-02-08T11:36:57.769+0000] {subprocess.py:93} INFO - [0m11:36:57  2 of 4 OK created sql table model mart.mart_artist_performance ................. [[32mSELECT 9[0m in 0.13s]
[2026-02-08T11:36:57.781+0000] {subprocess.py:93} INFO - [0m11:36:57
[2026-02-08T11:36:57.782+0000] {subprocess.py:93} INFO - [0m11:36:57  Finished running 4 table models in 0 hours 0 minutes and 0.22 seconds (0.22s).
[2026-02-08T11:36:57.820+0000] {subprocess.py:93} INFO - [0m11:36:57
[2026-02-08T11:36:57.820+0000] {subprocess.py:93} INFO - [0m11:36:57  [32mCompleted successfully[0m
[2026-02-08T11:36:57.821+0000] {subprocess.py:93} INFO - [0m11:36:57
[2026-02-08T11:36:57.821+0000] {subprocess.py:93} INFO - [0m11:36:57  Done. PASS=4 WARN=0 ERROR=0 SKIP=0 NO-OP=0 TOTAL=4
[2026-02-08T11:36:57.958+0000] {subprocess.py:97} INFO - Command exited with return code 0
[2026-02-08T11:36:57.974+0000] {taskinstance.py:1138} INFO - Marking task as SUCCESS. dag_id=***_dbt_spotify_pipeline, task_id=modelling, execution_date=20260208T113642, start_date=20260208T113652, end_date=20260208T113657
[2026-02-08T11:36:58.018+0000] {local_task_job_runner.py:234} INFO - Task exited with return code 0
[2026-02-08T11:36:58.027+0000] {taskinstance.py:3280} INFO - 0 downstream tasks scheduled from follow-on schedule check
