[2026-02-08T11:01:04.590+0000] {taskinstance.py:1956} INFO - Dependencies all met for dep_context=non-requeueable deps ti=<TaskInstance: airflow_dbt_spotify_pipeline.modelling manual__2026-02-08T10:59:55.047214+00:00 [queued]>
[2026-02-08T11:01:04.595+0000] {taskinstance.py:1956} INFO - Dependencies all met for dep_context=requeueable deps ti=<TaskInstance: airflow_dbt_spotify_pipeline.modelling manual__2026-02-08T10:59:55.047214+00:00 [queued]>
[2026-02-08T11:01:04.595+0000] {taskinstance.py:2170} INFO - Starting attempt 1 of 2
[2026-02-08T11:01:04.601+0000] {taskinstance.py:2191} INFO - Executing <Task(BashOperator): modelling> on 2026-02-08 10:59:55.047214+00:00
[2026-02-08T11:01:04.606+0000] {standard_task_runner.py:60} INFO - Started process 2749 to run task
[2026-02-08T11:01:04.609+0000] {standard_task_runner.py:87} INFO - Running: ['***', 'tasks', 'run', '***_dbt_spotify_pipeline', 'modelling', 'manual__2026-02-08T10:59:55.047214+00:00', '--job-id', '305', '--raw', '--subdir', 'DAGS_FOLDER/sportify_pipeline_dag.py', '--cfg-path', '/tmp/tmp_fq_rl69']
[2026-02-08T11:01:04.611+0000] {standard_task_runner.py:88} INFO - Job 305: Subtask modelling
[2026-02-08T11:01:04.641+0000] {task_command.py:423} INFO - Running <TaskInstance: airflow_dbt_spotify_pipeline.modelling manual__2026-02-08T10:59:55.047214+00:00 [running]> on host 63d90b64f023
[2026-02-08T11:01:04.676+0000] {taskinstance.py:2480} INFO - Exporting env vars: AIRFLOW_CTX_DAG_EMAIL='edison@inkomoko.com' AIRFLOW_CTX_DAG_OWNER='INKOMOKO' AIRFLOW_CTX_DAG_ID='***_dbt_spotify_pipeline' AIRFLOW_CTX_TASK_ID='modelling' AIRFLOW_CTX_EXECUTION_DATE='2026-02-08T10:59:55.047214+00:00' AIRFLOW_CTX_TRY_NUMBER='1' AIRFLOW_CTX_DAG_RUN_ID='manual__2026-02-08T10:59:55.047214+00:00'
[2026-02-08T11:01:04.677+0000] {subprocess.py:63} INFO - Tmp dir root location: /tmp
[2026-02-08T11:01:04.677+0000] {subprocess.py:75} INFO - Running command: ['/usr/bin/bash', '-c', 'dbt deps && dbt run --select path:models --target dev']
[2026-02-08T11:01:04.681+0000] {subprocess.py:86} INFO - Output:
[2026-02-08T11:01:05.432+0000] {subprocess.py:93} INFO - [0m11:01:05  Running with dbt=1.11.3
[2026-02-08T11:01:07.229+0000] {subprocess.py:93} INFO - [0m11:01:07  Installing dbt-labs/dbt_utils
[2026-02-08T11:01:09.335+0000] {subprocess.py:93} INFO - [0m11:01:09  Installed from version 1.1.1
[2026-02-08T11:01:09.335+0000] {subprocess.py:93} INFO - [0m11:01:09  Updated version available: 1.3.3
[2026-02-08T11:01:09.336+0000] {subprocess.py:93} INFO - [0m11:01:09
[2026-02-08T11:01:09.337+0000] {subprocess.py:93} INFO - [0m11:01:09  Updates available for packages: ['dbt-labs/dbt_utils']
[2026-02-08T11:01:09.337+0000] {subprocess.py:93} INFO - Update your versions in packages.yml, then run dbt deps
[2026-02-08T11:01:10.313+0000] {subprocess.py:93} INFO - [0m11:01:10  Running with dbt=1.11.3
[2026-02-08T11:01:10.437+0000] {subprocess.py:93} INFO - [0m11:01:10  Registered adapter: postgres=1.10.0
[2026-02-08T11:01:10.725+0000] {subprocess.py:93} INFO - [0m11:01:10  Found 4 models, 42 data tests, 3 sources, 579 macros
[2026-02-08T11:01:10.726+0000] {subprocess.py:93} INFO - [0m11:01:10
[2026-02-08T11:01:10.727+0000] {subprocess.py:93} INFO - [0m11:01:10  Concurrency: 10 threads (target='dev')
[2026-02-08T11:01:10.727+0000] {subprocess.py:93} INFO - [0m11:01:10
[2026-02-08T11:01:10.804+0000] {subprocess.py:93} INFO - [0m11:01:10  1 of 4 START sql table model mart.mart_album_performance ....................... [RUN]
[2026-02-08T11:01:10.804+0000] {subprocess.py:93} INFO - [0m11:01:10  2 of 4 START sql table model mart.mart_artist_performance ...................... [RUN]
[2026-02-08T11:01:10.805+0000] {subprocess.py:93} INFO - [0m11:01:10  3 of 4 START sql table model mart.mart_catalog_overview ........................ [RUN]
[2026-02-08T11:01:10.805+0000] {subprocess.py:93} INFO - [0m11:01:10  4 of 4 START sql table model mart.mart_track_performance ....................... [RUN]
[2026-02-08T11:01:10.939+0000] {subprocess.py:93} INFO - [0m11:01:10  3 of 4 OK created sql table model mart.mart_catalog_overview ................... [[32mSELECT 1[0m in 0.13s]
[2026-02-08T11:01:10.942+0000] {subprocess.py:93} INFO - [0m11:01:10  1 of 4 OK created sql table model mart.mart_album_performance .................. [[32mSELECT 29[0m in 0.14s]
[2026-02-08T11:01:10.943+0000] {subprocess.py:93} INFO - [0m11:01:10  4 of 4 OK created sql table model mart.mart_track_performance .................. [[32mSELECT 48[0m in 0.14s]
[2026-02-08T11:01:10.945+0000] {subprocess.py:93} INFO - [0m11:01:10  2 of 4 OK created sql table model mart.mart_artist_performance ................. [[32mSELECT 9[0m in 0.14s]
[2026-02-08T11:01:10.957+0000] {subprocess.py:93} INFO - [0m11:01:10
[2026-02-08T11:01:10.958+0000] {subprocess.py:93} INFO - [0m11:01:10  Finished running 4 table models in 0 hours 0 minutes and 0.23 seconds (0.23s).
[2026-02-08T11:01:10.997+0000] {subprocess.py:93} INFO - [0m11:01:10
[2026-02-08T11:01:10.997+0000] {subprocess.py:93} INFO - [0m11:01:10  [32mCompleted successfully[0m
[2026-02-08T11:01:10.998+0000] {subprocess.py:93} INFO - [0m11:01:10
[2026-02-08T11:01:10.998+0000] {subprocess.py:93} INFO - [0m11:01:10  Done. PASS=4 WARN=0 ERROR=0 SKIP=0 NO-OP=0 TOTAL=4
[2026-02-08T11:01:11.132+0000] {subprocess.py:97} INFO - Command exited with return code 0
[2026-02-08T11:01:11.149+0000] {taskinstance.py:1138} INFO - Marking task as SUCCESS. dag_id=***_dbt_spotify_pipeline, task_id=modelling, execution_date=20260208T105955, start_date=20260208T110104, end_date=20260208T110111
[2026-02-08T11:01:11.190+0000] {local_task_job_runner.py:234} INFO - Task exited with return code 0
[2026-02-08T11:01:11.199+0000] {taskinstance.py:3280} INFO - 0 downstream tasks scheduled from follow-on schedule check
