[2026-02-07T17:21:59.289+0000] {taskinstance.py:1956} INFO - Dependencies all met for dep_context=non-requeueable deps ti=<TaskInstance: airflow_dbt_spotify_pipeline.generate_spotify_data manual__2026-02-07T17:21:58.300567+00:00 [queued]>
[2026-02-07T17:21:59.294+0000] {taskinstance.py:1956} INFO - Dependencies all met for dep_context=requeueable deps ti=<TaskInstance: airflow_dbt_spotify_pipeline.generate_spotify_data manual__2026-02-07T17:21:58.300567+00:00 [queued]>
[2026-02-07T17:21:59.294+0000] {taskinstance.py:2170} INFO - Starting attempt 1 of 1
[2026-02-07T17:21:59.300+0000] {taskinstance.py:2191} INFO - Executing <Task(BashOperator): generate_spotify_data> on 2026-02-07 17:21:58.300567+00:00
[2026-02-07T17:21:59.305+0000] {standard_task_runner.py:60} INFO - Started process 10588 to run task
[2026-02-07T17:21:59.309+0000] {standard_task_runner.py:87} INFO - Running: ['***', 'tasks', 'run', '***_dbt_spotify_pipeline', 'generate_spotify_data', 'manual__2026-02-07T17:21:58.300567+00:00', '--job-id', '35', '--raw', '--subdir', 'DAGS_FOLDER/sportify_pipeline_dag.py', '--cfg-path', '/tmp/tmp3g6vazmt']
[2026-02-07T17:21:59.310+0000] {standard_task_runner.py:88} INFO - Job 35: Subtask generate_spotify_data
[2026-02-07T17:21:59.347+0000] {task_command.py:423} INFO - Running <TaskInstance: airflow_dbt_spotify_pipeline.generate_spotify_data manual__2026-02-07T17:21:58.300567+00:00 [running]> on host 47d76e1ca2e6
[2026-02-07T17:21:59.393+0000] {taskinstance.py:2480} INFO - Exporting env vars: AIRFLOW_CTX_DAG_OWNER='***' AIRFLOW_CTX_DAG_ID='***_dbt_spotify_pipeline' AIRFLOW_CTX_TASK_ID='generate_spotify_data' AIRFLOW_CTX_EXECUTION_DATE='2026-02-07T17:21:58.300567+00:00' AIRFLOW_CTX_TRY_NUMBER='1' AIRFLOW_CTX_DAG_RUN_ID='manual__2026-02-07T17:21:58.300567+00:00'
[2026-02-07T17:21:59.395+0000] {subprocess.py:63} INFO - Tmp dir root location: /tmp
[2026-02-07T17:21:59.395+0000] {subprocess.py:75} INFO - Running command: ['/usr/bin/bash', '-c', 'python /opt/***/include/row_data_generation/extract_spotify_data.py']
[2026-02-07T17:21:59.403+0000] {subprocess.py:86} INFO - Output:
[2026-02-07T17:21:59.566+0000] {subprocess.py:93} INFO - 2026-02-07 17:21:59,566 [INFO] Found 7 artist IDs and 48 track IDs.
[2026-02-07T17:21:59.567+0000] {subprocess.py:93} INFO - 2026-02-07 17:21:59,566 [INFO] Step 1: Fetching artists data from Spotify API...
[2026-02-07T17:21:59.567+0000] {subprocess.py:93} INFO - 2026-02-07 17:21:59,566 [INFO] Start Pulling Artists data at https://api.spotify.com/v1/artists?ids=4iHNK0tOyZPYnBU7nGAgpQ,5lpH0xAS4fVfLkACg9DAuM,4cPHsZM98sKzmV26wlwD2W,1GxkXlMwML1oSg5eLPiAz3,66CXWjxzNUsdJxJ2JdwvnR,0sgV4klGs1Y1dgbBi28JlD,7fAKtXSdNInWAIf0jVUz65
[2026-02-07T17:22:00.242+0000] {subprocess.py:93} INFO - 2026-02-07 17:22:00,242 [ERROR] Failed to fetch tracks data. Status code: 401, Response: {
[2026-02-07T17:22:00.243+0000] {subprocess.py:93} INFO -   "error": {
[2026-02-07T17:22:00.244+0000] {subprocess.py:93} INFO -     "status": 401,
[2026-02-07T17:22:00.244+0000] {subprocess.py:93} INFO -     "message": "The access token expired"
[2026-02-07T17:22:00.245+0000] {subprocess.py:93} INFO -   }
[2026-02-07T17:22:00.245+0000] {subprocess.py:93} INFO - }
[2026-02-07T17:22:00.246+0000] {subprocess.py:93} INFO - 2026-02-07 17:22:00,242 [ERROR] Error Occured While trying to fetch data for artists: Spotify API request for pulling artist data failed with status code 401
[2026-02-07T17:22:00.246+0000] {subprocess.py:93} INFO - 2026-02-07 17:22:00,242 [ERROR] Failed to fetch artists data: Error Occured While trying to fetch data for artists
[2026-02-07T17:22:00.246+0000] {subprocess.py:93} INFO - 2026-02-07 17:22:00,244 [INFO] Fetching tracks data from Spotify API...
[2026-02-07T17:22:00.247+0000] {subprocess.py:93} INFO - 2026-02-07 17:22:00,244 [INFO] Start Pulling Tracks data at https://api.spotify.com/v1/tracks?ids=0bYg9bo50gSsH3LtXe2SQn,3PIDciSFdrQxSQSihim3hN,5EGPf0nqO7vEIwsOX6Er98,4EI8VuxUuIHKfafU72emqz,3RSpK5Y0y5tl25qvssrwJ6,6xkryXuiZU360Lngd4sx13,1f2lkuLldqRzvaFjJdjGXX,2VkuxjlbnbaBiWYpdBGVol,1IUtgwxLYzDVd41EgbKUjX,3B7FO3kJ5kv3mX7yiaB7sT,2FRnf9qhLbvw8fu4IBXx78,0ikz6tENMONtK6qGkOrU3c,5Qicor4jFNgZQxSf6UxEzw,5hXEcqQhEjfZdbIZLO8mf2,73OZT1XgLleDwperqGjWH4,6tASfEUyB7lE2r6DLzURji,0PhU6i6Kei6x0CH3jocvA3,2gG7E5OZi5D5QLRIctv63z,54ujCgwE4qTm8iRFmw0S5j,5AhRNIjYPBleR1lfHphcrE,2EjXfH91m7f8HiJN1yQg97,09OojFvtrM9YRzRjnXqJjA,6yBdCzVK3vP8uDfkLGS8E9,0MKnGJzNdEqOscI6xu9R3m,6Eh1XqjaOX2BVL0hVCnwb0,60jQTAr2OkFcV4SWSRz3st,7xrpNuqDgFlf10X93CwixY,5JccvAiwcZ7n3urnXqWPsG,4LJcNiq2pBb8OeqrGdBJQw,2oGrSrg08RVLHeqFH1eaHZ,3it2BvJfyhPEWF3kD2TZJ1,6rqn19AqjcM5wgI1hCYciJ,5dLwdEJAFzjQbeRrDL5uzo,0zLmRVBlZJ3IJTkChSXkBp,27fIrMVmHLxP2Hot6qVxsy,47CctmFYrX4htszDZCVaLM,1FZP4hpT4iuLaOb5HpriLq,2rMK6uQxoSGYWOXtzPUY4Z,19fbN84F5YHDyv8dyTbCO8,2368r2D53RhpfIlLBHAXLl,0lizgQ7Qw35od7CYaoMBZb,51ZQ1vr10ffzbwIjDCwqm4,2O3MQ6H3gjrIWDcpeTrikT,1oFAF1hdPOickyHgbuRjyX,76FZM38RC8XaAjJ77CVTNe,7xoUc6faLbCqZO6fQEYprd,6ocbgoVGwYJhOv1GgI9NsF,44ONERBHALxftQNWq6dmyd
[2026-02-07T17:22:00.846+0000] {subprocess.py:93} INFO - 2026-02-07 17:22:00,846 [ERROR] Failed to fetch tracks data. Status code: 401, Response: {
[2026-02-07T17:22:00.847+0000] {subprocess.py:93} INFO -   "error": {
[2026-02-07T17:22:00.848+0000] {subprocess.py:93} INFO -     "status": 401,
[2026-02-07T17:22:00.848+0000] {subprocess.py:93} INFO -     "message": "The access token expired"
[2026-02-07T17:22:00.849+0000] {subprocess.py:93} INFO -   }
[2026-02-07T17:22:00.850+0000] {subprocess.py:93} INFO - }
[2026-02-07T17:22:00.851+0000] {subprocess.py:93} INFO - 2026-02-07 17:22:00,846 [ERROR] Error Occured While trying to fetch data for artists: Spotify API request  for pulling tracks data failed with status code 401
[2026-02-07T17:22:00.852+0000] {subprocess.py:93} INFO - 2026-02-07 17:22:00,846 [ERROR] Failed to fetch tracks data: Error Occured While trying to fetch data for artists
[2026-02-07T17:22:00.853+0000] {subprocess.py:93} INFO - 2026-02-07 17:22:00,848 [CRITICAL] No data extracted from Spotify. Exiting workflow.
[2026-02-07T17:22:00.888+0000] {subprocess.py:97} INFO - Command exited with return code 0
[2026-02-07T17:22:00.912+0000] {taskinstance.py:1138} INFO - Marking task as SUCCESS. dag_id=***_dbt_spotify_pipeline, task_id=generate_spotify_data, execution_date=20260207T172158, start_date=20260207T172159, end_date=20260207T172200
[2026-02-07T17:22:00.925+0000] {local_task_job_runner.py:234} INFO - Task exited with return code 0
[2026-02-07T17:22:00.939+0000] {taskinstance.py:3280} INFO - 1 downstream tasks scheduled from follow-on schedule check
