[2026-02-08T10:40:12.345+0000] {taskinstance.py:1956} INFO - Dependencies all met for dep_context=non-requeueable deps ti=<TaskInstance: airflow_dbt_spotify_pipeline.modelling manual__2026-02-08T10:40:02.607129+00:00 [queued]>
[2026-02-08T10:40:12.349+0000] {taskinstance.py:1956} INFO - Dependencies all met for dep_context=requeueable deps ti=<TaskInstance: airflow_dbt_spotify_pipeline.modelling manual__2026-02-08T10:40:02.607129+00:00 [queued]>
[2026-02-08T10:40:12.349+0000] {taskinstance.py:2170} INFO - Starting attempt 1 of 2
[2026-02-08T10:40:12.355+0000] {taskinstance.py:2191} INFO - Executing <Task(BashOperator): modelling> on 2026-02-08 10:40:02.607129+00:00
[2026-02-08T10:40:12.357+0000] {standard_task_runner.py:60} INFO - Started process 2108 to run task
[2026-02-08T10:40:12.359+0000] {standard_task_runner.py:87} INFO - Running: ['***', 'tasks', 'run', '***_dbt_spotify_pipeline', 'modelling', 'manual__2026-02-08T10:40:02.607129+00:00', '--job-id', '280', '--raw', '--subdir', 'DAGS_FOLDER/sportify_pipeline_dag.py', '--cfg-path', '/tmp/tmpmkcnhy9c']
[2026-02-08T10:40:12.361+0000] {standard_task_runner.py:88} INFO - Job 280: Subtask modelling
[2026-02-08T10:40:12.386+0000] {task_command.py:423} INFO - Running <TaskInstance: airflow_dbt_spotify_pipeline.modelling manual__2026-02-08T10:40:02.607129+00:00 [running]> on host 63d90b64f023
[2026-02-08T10:40:12.430+0000] {taskinstance.py:2480} INFO - Exporting env vars: AIRFLOW_CTX_DAG_EMAIL='edison@inkomoko.com' AIRFLOW_CTX_DAG_OWNER='INKOMOKO' AIRFLOW_CTX_DAG_ID='***_dbt_spotify_pipeline' AIRFLOW_CTX_TASK_ID='modelling' AIRFLOW_CTX_EXECUTION_DATE='2026-02-08T10:40:02.607129+00:00' AIRFLOW_CTX_TRY_NUMBER='1' AIRFLOW_CTX_DAG_RUN_ID='manual__2026-02-08T10:40:02.607129+00:00'
[2026-02-08T10:40:12.431+0000] {subprocess.py:63} INFO - Tmp dir root location: /tmp
[2026-02-08T10:40:12.432+0000] {subprocess.py:75} INFO - Running command: ['/usr/bin/bash', '-c', 'dbt deps && dbt run --select path:models --target dev']
[2026-02-08T10:40:12.437+0000] {subprocess.py:86} INFO - Output:
[2026-02-08T10:40:13.206+0000] {subprocess.py:93} INFO - [0m10:40:13  Running with dbt=1.11.3
[2026-02-08T10:40:13.802+0000] {subprocess.py:93} INFO - [0m10:40:13  Installing dbt-labs/dbt_utils
[2026-02-08T10:40:15.232+0000] {subprocess.py:93} INFO - [0m10:40:15  Installed from version 1.1.1
[2026-02-08T10:40:15.232+0000] {subprocess.py:93} INFO - [0m10:40:15  Updated version available: 1.3.3
[2026-02-08T10:40:15.233+0000] {subprocess.py:93} INFO - [0m10:40:15
[2026-02-08T10:40:15.233+0000] {subprocess.py:93} INFO - [0m10:40:15  Updates available for packages: ['dbt-labs/dbt_utils']
[2026-02-08T10:40:15.233+0000] {subprocess.py:93} INFO - Update your versions in packages.yml, then run dbt deps
[2026-02-08T10:40:16.161+0000] {subprocess.py:93} INFO - [0m10:40:16  Running with dbt=1.11.3
[2026-02-08T10:40:16.376+0000] {subprocess.py:93} INFO - [0m10:40:16  Registered adapter: postgres=1.10.0
[2026-02-08T10:40:16.673+0000] {subprocess.py:93} INFO - [0m10:40:16  Found 4 models, 42 data tests, 3 sources, 579 macros
[2026-02-08T10:40:16.674+0000] {subprocess.py:93} INFO - [0m10:40:16
[2026-02-08T10:40:16.675+0000] {subprocess.py:93} INFO - [0m10:40:16  Concurrency: 10 threads (target='dev')
[2026-02-08T10:40:16.675+0000] {subprocess.py:93} INFO - [0m10:40:16
[2026-02-08T10:40:16.749+0000] {subprocess.py:93} INFO - [0m10:40:16  1 of 4 START sql table model mart.mart_album_performance ....................... [RUN]
[2026-02-08T10:40:16.749+0000] {subprocess.py:93} INFO - [0m10:40:16  2 of 4 START sql table model mart.mart_artist_performance ...................... [RUN]
[2026-02-08T10:40:16.750+0000] {subprocess.py:93} INFO - [0m10:40:16  3 of 4 START sql table model mart.mart_catalog_overview ........................ [RUN]
[2026-02-08T10:40:16.750+0000] {subprocess.py:93} INFO - [0m10:40:16  4 of 4 START sql table model mart.mart_track_performance ....................... [RUN]
[2026-02-08T10:40:16.895+0000] {subprocess.py:93} INFO - [0m10:40:16  1 of 4 OK created sql table model mart.mart_album_performance .................. [[32mSELECT 29[0m in 0.14s]
[2026-02-08T10:40:16.899+0000] {subprocess.py:93} INFO - [0m10:40:16  3 of 4 OK created sql table model mart.mart_catalog_overview ................... [[32mSELECT 1[0m in 0.15s]
[2026-02-08T10:40:16.900+0000] {subprocess.py:93} INFO - [0m10:40:16  2 of 4 OK created sql table model mart.mart_artist_performance ................. [[32mSELECT 9[0m in 0.15s]
[2026-02-08T10:40:16.901+0000] {subprocess.py:93} INFO - [0m10:40:16  4 of 4 OK created sql table model mart.mart_track_performance .................. [[32mSELECT 48[0m in 0.15s]
[2026-02-08T10:40:16.916+0000] {subprocess.py:93} INFO - [0m10:40:16
[2026-02-08T10:40:16.917+0000] {subprocess.py:93} INFO - [0m10:40:16  Finished running 4 table models in 0 hours 0 minutes and 0.24 seconds (0.24s).
[2026-02-08T10:40:16.959+0000] {subprocess.py:93} INFO - [0m10:40:16
[2026-02-08T10:40:16.960+0000] {subprocess.py:93} INFO - [0m10:40:16  [32mCompleted successfully[0m
[2026-02-08T10:40:16.960+0000] {subprocess.py:93} INFO - [0m10:40:16
[2026-02-08T10:40:16.960+0000] {subprocess.py:93} INFO - [0m10:40:16  Done. PASS=4 WARN=0 ERROR=0 SKIP=0 NO-OP=0 TOTAL=4
[2026-02-08T10:40:17.099+0000] {subprocess.py:97} INFO - Command exited with return code 0
[2026-02-08T10:40:17.117+0000] {taskinstance.py:1138} INFO - Marking task as SUCCESS. dag_id=***_dbt_spotify_pipeline, task_id=modelling, execution_date=20260208T104002, start_date=20260208T104012, end_date=20260208T104017
[2026-02-08T10:40:17.159+0000] {local_task_job_runner.py:234} INFO - Task exited with return code 0
[2026-02-08T10:40:17.174+0000] {taskinstance.py:3280} INFO - 0 downstream tasks scheduled from follow-on schedule check
