[2026-02-08T08:54:28.788+0000] {taskinstance.py:1956} INFO - Dependencies all met for dep_context=non-requeueable deps ti=<TaskInstance: airflow_dbt_spotify_pipeline.modelling manual__2026-02-08T08:54:18.158777+00:00 [queued]>
[2026-02-08T08:54:28.792+0000] {taskinstance.py:1956} INFO - Dependencies all met for dep_context=requeueable deps ti=<TaskInstance: airflow_dbt_spotify_pipeline.modelling manual__2026-02-08T08:54:18.158777+00:00 [queued]>
[2026-02-08T08:54:28.792+0000] {taskinstance.py:2170} INFO - Starting attempt 1 of 1
[2026-02-08T08:54:28.798+0000] {taskinstance.py:2191} INFO - Executing <Task(BashOperator): modelling> on 2026-02-08 08:54:18.158777+00:00
[2026-02-08T08:54:28.800+0000] {standard_task_runner.py:60} INFO - Started process 4393 to run task
[2026-02-08T08:54:28.802+0000] {standard_task_runner.py:87} INFO - Running: ['***', 'tasks', 'run', '***_dbt_spotify_pipeline', 'modelling', 'manual__2026-02-08T08:54:18.158777+00:00', '--job-id', '180', '--raw', '--subdir', 'DAGS_FOLDER/sportify_pipeline_dag.py', '--cfg-path', '/tmp/tmp6yx46e75']
[2026-02-08T08:54:28.804+0000] {standard_task_runner.py:88} INFO - Job 180: Subtask modelling
[2026-02-08T08:54:28.830+0000] {task_command.py:423} INFO - Running <TaskInstance: airflow_dbt_spotify_pipeline.modelling manual__2026-02-08T08:54:18.158777+00:00 [running]> on host 359fb843449d
[2026-02-08T08:54:28.864+0000] {taskinstance.py:2480} INFO - Exporting env vars: AIRFLOW_CTX_DAG_OWNER='***' AIRFLOW_CTX_DAG_ID='***_dbt_spotify_pipeline' AIRFLOW_CTX_TASK_ID='modelling' AIRFLOW_CTX_EXECUTION_DATE='2026-02-08T08:54:18.158777+00:00' AIRFLOW_CTX_TRY_NUMBER='1' AIRFLOW_CTX_DAG_RUN_ID='manual__2026-02-08T08:54:18.158777+00:00'
[2026-02-08T08:54:28.864+0000] {subprocess.py:63} INFO - Tmp dir root location: /tmp
[2026-02-08T08:54:28.865+0000] {subprocess.py:75} INFO - Running command: ['/usr/bin/bash', '-c', 'dbt deps && dbt run --select path:models --target dev']
[2026-02-08T08:54:28.870+0000] {subprocess.py:86} INFO - Output:
[2026-02-08T08:54:29.631+0000] {subprocess.py:93} INFO - [0m08:54:29  Running with dbt=1.11.3
[2026-02-08T08:54:30.505+0000] {subprocess.py:93} INFO - [0m08:54:30  Installing dbt-labs/dbt_utils
[2026-02-08T08:54:31.659+0000] {subprocess.py:93} INFO - [0m08:54:31  Installed from version 1.1.1
[2026-02-08T08:54:31.660+0000] {subprocess.py:93} INFO - [0m08:54:31  Updated version available: 1.3.3
[2026-02-08T08:54:31.661+0000] {subprocess.py:93} INFO - [0m08:54:31
[2026-02-08T08:54:31.661+0000] {subprocess.py:93} INFO - [0m08:54:31  Updates available for packages: ['dbt-labs/dbt_utils']
[2026-02-08T08:54:31.662+0000] {subprocess.py:93} INFO - Update your versions in packages.yml, then run dbt deps
[2026-02-08T08:54:32.611+0000] {subprocess.py:93} INFO - [0m08:54:32  Running with dbt=1.11.3
[2026-02-08T08:54:32.842+0000] {subprocess.py:93} INFO - [0m08:54:32  Registered adapter: postgres=1.10.0
[2026-02-08T08:54:33.131+0000] {subprocess.py:93} INFO - [0m08:54:33  Found 4 models, 42 data tests, 3 sources, 579 macros
[2026-02-08T08:54:33.132+0000] {subprocess.py:93} INFO - [0m08:54:33
[2026-02-08T08:54:33.133+0000] {subprocess.py:93} INFO - [0m08:54:33  Concurrency: 10 threads (target='dev')
[2026-02-08T08:54:33.133+0000] {subprocess.py:93} INFO - [0m08:54:33
[2026-02-08T08:54:33.211+0000] {subprocess.py:93} INFO - [0m08:54:33  1 of 4 START sql table model mart.mart_album_performance ....................... [RUN]
[2026-02-08T08:54:33.212+0000] {subprocess.py:93} INFO - [0m08:54:33  2 of 4 START sql table model mart.mart_artist_performance ...................... [RUN]
[2026-02-08T08:54:33.212+0000] {subprocess.py:93} INFO - [0m08:54:33  3 of 4 START sql table model mart.mart_catalog_overview ........................ [RUN]
[2026-02-08T08:54:33.213+0000] {subprocess.py:93} INFO - [0m08:54:33  4 of 4 START sql table model mart.mart_track_performance ....................... [RUN]
[2026-02-08T08:54:33.344+0000] {subprocess.py:93} INFO - [0m08:54:33  1 of 4 OK created sql table model mart.mart_album_performance .................. [[32mSELECT 29[0m in 0.13s]
[2026-02-08T08:54:33.345+0000] {subprocess.py:93} INFO - [0m08:54:33  3 of 4 OK created sql table model mart.mart_catalog_overview ................... [[32mSELECT 1[0m in 0.13s]
[2026-02-08T08:54:33.346+0000] {subprocess.py:93} INFO - [0m08:54:33  4 of 4 OK created sql table model mart.mart_track_performance .................. [[32mSELECT 48[0m in 0.13s]
[2026-02-08T08:54:33.348+0000] {subprocess.py:93} INFO - [0m08:54:33  2 of 4 OK created sql table model mart.mart_artist_performance ................. [[32mSELECT 9[0m in 0.13s]
[2026-02-08T08:54:33.361+0000] {subprocess.py:93} INFO - [0m08:54:33
[2026-02-08T08:54:33.361+0000] {subprocess.py:93} INFO - [0m08:54:33  Finished running 4 table models in 0 hours 0 minutes and 0.23 seconds (0.23s).
[2026-02-08T08:54:33.401+0000] {subprocess.py:93} INFO - [0m08:54:33
[2026-02-08T08:54:33.401+0000] {subprocess.py:93} INFO - [0m08:54:33  [32mCompleted successfully[0m
[2026-02-08T08:54:33.401+0000] {subprocess.py:93} INFO - [0m08:54:33
[2026-02-08T08:54:33.402+0000] {subprocess.py:93} INFO - [0m08:54:33  Done. PASS=4 WARN=0 ERROR=0 SKIP=0 NO-OP=0 TOTAL=4
[2026-02-08T08:54:33.567+0000] {subprocess.py:97} INFO - Command exited with return code 0
[2026-02-08T08:54:33.662+0000] {taskinstance.py:1138} INFO - Marking task as SUCCESS. dag_id=***_dbt_spotify_pipeline, task_id=modelling, execution_date=20260208T085418, start_date=20260208T085428, end_date=20260208T085433
[2026-02-08T08:54:33.673+0000] {local_task_job_runner.py:234} INFO - Task exited with return code 0
[2026-02-08T08:54:33.686+0000] {taskinstance.py:3280} INFO - 0 downstream tasks scheduled from follow-on schedule check
