[2026-02-07T10:16:46.421+0000] {taskinstance.py:1956} INFO - Dependencies all met for dep_context=non-requeueable deps ti=<TaskInstance: airflow_dbt_spotify_pipeline.generate_spotify_data manual__2026-02-07T10:16:44.722417+00:00 [queued]>
[2026-02-07T10:16:46.425+0000] {taskinstance.py:1956} INFO - Dependencies all met for dep_context=requeueable deps ti=<TaskInstance: airflow_dbt_spotify_pipeline.generate_spotify_data manual__2026-02-07T10:16:44.722417+00:00 [queued]>
[2026-02-07T10:16:46.426+0000] {taskinstance.py:2170} INFO - Starting attempt 1 of 1
[2026-02-07T10:16:46.431+0000] {taskinstance.py:2191} INFO - Executing <Task(BashOperator): generate_spotify_data> on 2026-02-07 10:16:44.722417+00:00
[2026-02-07T10:16:46.439+0000] {standard_task_runner.py:60} INFO - Started process 1055 to run task
[2026-02-07T10:16:46.441+0000] {standard_task_runner.py:87} INFO - Running: ['***', 'tasks', 'run', '***_dbt_spotify_pipeline', 'generate_spotify_data', 'manual__2026-02-07T10:16:44.722417+00:00', '--job-id', '9', '--raw', '--subdir', 'DAGS_FOLDER/sportify_pipeline_dag.py', '--cfg-path', '/tmp/tmp6uw9moaf']
[2026-02-07T10:16:46.444+0000] {standard_task_runner.py:88} INFO - Job 9: Subtask generate_spotify_data
[2026-02-07T10:16:46.488+0000] {task_command.py:423} INFO - Running <TaskInstance: airflow_dbt_spotify_pipeline.generate_spotify_data manual__2026-02-07T10:16:44.722417+00:00 [running]> on host 47d76e1ca2e6
[2026-02-07T10:16:46.534+0000] {taskinstance.py:2480} INFO - Exporting env vars: AIRFLOW_CTX_DAG_OWNER='***' AIRFLOW_CTX_DAG_ID='***_dbt_spotify_pipeline' AIRFLOW_CTX_TASK_ID='generate_spotify_data' AIRFLOW_CTX_EXECUTION_DATE='2026-02-07T10:16:44.722417+00:00' AIRFLOW_CTX_TRY_NUMBER='1' AIRFLOW_CTX_DAG_RUN_ID='manual__2026-02-07T10:16:44.722417+00:00'
[2026-02-07T10:16:46.535+0000] {subprocess.py:63} INFO - Tmp dir root location: /tmp
[2026-02-07T10:16:46.536+0000] {subprocess.py:75} INFO - Running command: ['/usr/bin/bash', '-c', 'python /opt/***/include/row_data_generation/extract_spotify_data.py']
[2026-02-07T10:16:46.549+0000] {subprocess.py:86} INFO - Output:
[2026-02-07T10:16:46.729+0000] {subprocess.py:93} INFO - 2026-02-07 10:16:46,729 [INFO] Spotify client authenticated successfully.
[2026-02-07T10:16:52.339+0000] {subprocess.py:93} INFO - 2026-02-07 10:16:52,339 [WARNING] Retrying (Retry(total=2, connect=None, read=False, redirect=None, status=3)) after connection broken by 'ConnectTimeoutError(<urllib3.connection.HTTPSConnection object at 0xffffb368ca60>, 'Connection to api.spotify.com timed out. (connect timeout=5)')': /v1/playlists/3cEYpjA9oz9GiPac4AsH4n/tracks?limit=100&offset=0&additional_types=track
[2026-02-07T10:16:53.058+0000] {subprocess.py:93} INFO - 2026-02-07 10:16:53,058 [INFO] Sucessfully Fetched 5 tracks from playlist ID 3cEYpjA9oz9GiPac4AsH4n
[2026-02-07T10:17:04.166+0000] {subprocess.py:93} INFO - 2026-02-07 10:17:04,165 [ERROR] Failed to create or check bucket: Could not connect to the endpoint URL: "http://http://minio:9000"
[2026-02-07T10:17:04.169+0000] {subprocess.py:93} INFO - 2026-02-07 10:17:04,166 [ERROR] MinIO upload error: Could not connect to the endpoint URL: "http://http://minio:9000"
[2026-02-07T10:17:04.228+0000] {subprocess.py:97} INFO - Command exited with return code 0
[2026-02-07T10:17:04.254+0000] {taskinstance.py:1138} INFO - Marking task as SUCCESS. dag_id=***_dbt_spotify_pipeline, task_id=generate_spotify_data, execution_date=20260207T101644, start_date=20260207T101646, end_date=20260207T101704
[2026-02-07T10:17:04.292+0000] {local_task_job_runner.py:234} INFO - Task exited with return code 0
[2026-02-07T10:17:04.307+0000] {taskinstance.py:3280} INFO - 0 downstream tasks scheduled from follow-on schedule check
